[dotenv@17.3.1] injecting env (2) from .env -- tip: ⚡️ secrets for agents: https://dotenvx.com/as2
Loaded 34764 prior events from jsonl log into memory.
Node.js Admin & API Server running on port 8000
No GEMINI_API_KEY found, skipping story generation.
Prometheus metrics, events array, and log file reset via API
Recorded event: {
  id: '9c95461b-449b-47c5-9826-d2a942f82e1b',
  sessionId: 'a3360233-b829-4e5d-9d57-ebf0b33ee3d9',
  userId: 'benczech212@gmail.com',
  userName: 'Ben',
  mockIp: '18.164.104.94',
  timestamp: '2026-03-12T01:11:13.192Z',
  category: 'color',
  value: 'Yellow',
  trackId: 'trk_1773275876123',
  trackTitle: '"Track 1"'
}
Recorded event: {
  id: '319afa9e-f857-4f17-9792-d08a06a7debc',
  sessionId: 'a3360233-b829-4e5d-9d57-ebf0b33ee3d9',
  userId: 'benczech212@gmail.com',
  userName: 'Ben',
  mockIp: '18.164.104.94',
  timestamp: '2026-03-12T01:11:15.224Z',
  category: 'mood',
  value: 'Mystery',
  trackId: 'trk_1773275876123',
  trackTitle: '"Track 1"'
}
Recorded event: {
  id: 'ef49cf2f-e087-4ca1-b5f0-51ef7fcd9480',
  sessionId: 'ddb05ab5-f572-49f7-a908-9276e5c85481',
  userId: 'benczech212@gmail.com',
  userName: 'Ben',
  mockIp: '18.164.104.94',
  timestamp: '2026-03-12T01:12:26.009Z',
  category: 'color',
  value: 'Light Blue',
  trackId: 'trk_1773275876123',
  trackTitle: '"Track 1"'
}
Recorded event: {
  id: '1ec64b41-275e-45f7-b395-bc166d2da7d8',
  sessionId: 'ddb05ab5-f572-49f7-a908-9276e5c85481',
  userId: 'benczech212@gmail.com',
  userName: 'Ben',
  mockIp: '18.164.104.94',
  timestamp: '2026-03-12T01:12:26.709Z',
  category: 'mood',
  value: 'Chaos',
  trackId: 'trk_1773275876123',
  trackTitle: '"Track 1"'
}
Recorded event: {
  id: '33d7efc1-1da7-4c08-978d-fc847062b402',
  sessionId: 'ddb05ab5-f572-49f7-a908-9276e5c85481',
  userId: 'benczech212@gmail.com',
  userName: 'Ben',
  mockIp: '18.164.104.94',
  timestamp: '2026-03-12T01:12:27.625Z',
  category: 'reaction',
  value: 'like',
  trackId: 'trk_1773275876123',
  trackTitle: '"Track 1"'
}
Recorded event: {
  id: 'd1e26e0b-252c-42eb-880a-a86d1c46489f',
  sessionId: 'ddb05ab5-f572-49f7-a908-9276e5c85481',
  userId: 'benczech212@gmail.com',
  userName: 'Ben',
  mockIp: '18.164.104.94',
  timestamp: '2026-03-12T01:12:27.626Z',
  category: 'combined_reaction',
  value: 2,
  colorName: 'Blue',
  mood: 'Chaos',
  colorRgba: 'rgb(170, 153, 255)',
  reactionLabel: 'like',
  trackId: 'trk_1773275876123',
  trackTitle: '"Track 1"'
}
Recorded event: {
  id: '6b15bdc4-34dc-4af6-92e0-9f05a947de5d',
  sessionId: 'ddb05ab5-f572-49f7-a908-9276e5c85481',
  userId: 'benczech212@gmail.com',
  userName: 'Ben',
  mockIp: '18.164.104.94',
  timestamp: '2026-03-12T01:12:37.330Z',
  category: 'mood',
  value: 'Anticipation',
  trackId: 'trk_1773275876123',
  trackTitle: '"Track 1"'
}
Recorded event: {
  id: 'fa604180-361f-4a42-841c-376ab93c9710',
  sessionId: 'c3fa9519-16b7-4b1e-bd02-978459ccaaf7',
  userId: 'benczech212@gmail.com',
  userName: 'Ben',
  mockIp: '18.164.104.94',
  timestamp: '2026-03-12T01:39:16.731Z',
  category: 'color',
  value: 'Light Chartreuse',
  trackId: 'trk_1773275876123',
  trackTitle: '"Track 1"'
}
Recorded event: {
  id: '17a77052-5cd8-481d-a0cd-d56e071c4e84',
  sessionId: 'c3fa9519-16b7-4b1e-bd02-978459ccaaf7',
  userId: 'benczech212@gmail.com',
  userName: 'Ben',
  mockIp: '18.164.104.94',
  timestamp: '2026-03-12T01:39:17.311Z',
  category: 'mood',
  value: 'Mystery',
  trackId: 'trk_1773275876123',
  trackTitle: '"Track 1"'
}
Recorded event: {
  id: 'a612bb4d-0d1d-4a97-8cfc-37f39c57351c',
  sessionId: 'c3fa9519-16b7-4b1e-bd02-978459ccaaf7',
  userId: 'benczech212@gmail.com',
  userName: 'Ben',
  mockIp: '18.164.104.94',
  timestamp: '2026-03-12T01:39:18.352Z',
  category: 'reaction',
  value: 'like',
  trackId: 'trk_1773275876123',
  trackTitle: '"Track 1"'
}
Recorded event: {
  id: 'de1670bb-fd07-46aa-a45c-eb5147a899c1',
  sessionId: 'c3fa9519-16b7-4b1e-bd02-978459ccaaf7',
  userId: 'benczech212@gmail.com',
  userName: 'Ben',
  mockIp: '18.164.104.94',
  timestamp: '2026-03-12T01:39:18.353Z',
  category: 'combined_reaction',
  value: 2,
  colorName: 'Chartreuse',
  mood: 'Mystery',
  colorRgba: 'rgb(221, 255, 153)',
  reactionLabel: 'like',
  trackId: 'trk_1773275876123',
  trackTitle: '"Track 1"'
}
Recorded event: {
  id: '9c8e7cda-1f79-4aab-abca-1d585485c259',
  sessionId: '43f137bc-9fa2-46b9-ad8f-af87b97ebc86',
  userId: 'benczech212@gmail.com',
  userName: 'Ben',
  mockIp: '18.164.104.94',
  timestamp: '2026-03-12T04:14:59.194Z',
  category: 'color',
  value: 'Green',
  trackId: 'trk_1773279957672',
  trackTitle: '"Track 2"'
}
Recorded event: {
  id: '986f2eb2-c8c3-4d0a-811d-f948d1697cdc',
  sessionId: '43f137bc-9fa2-46b9-ad8f-af87b97ebc86',
  userId: 'benczech212@gmail.com',
  userName: 'Ben',
  mockIp: '18.164.104.94',
  timestamp: '2026-03-12T04:15:00.039Z',
  category: 'mood',
  value: 'Mystery',
  trackId: 'trk_1773279957672',
  trackTitle: '"Track 2"'
}
Recorded event: {
  id: 'c3411f30-d3cb-4515-801e-1699fecc5840',
  sessionId: '43f137bc-9fa2-46b9-ad8f-af87b97ebc86',
  userId: 'benczech212@gmail.com',
  userName: 'Ben',
  mockIp: '18.164.104.94',
  timestamp: '2026-03-12T04:15:00.839Z',
  category: 'reaction',
  value: 'like',
  trackId: 'trk_1773279957672',
  trackTitle: '"Track 2"'
}
Recorded event: {
  id: '4c83a0fd-bfb8-4af9-90be-6031718a996c',
  sessionId: '43f137bc-9fa2-46b9-ad8f-af87b97ebc86',
  userId: 'benczech212@gmail.com',
  userName: 'Ben',
  mockIp: '18.164.104.94',
  timestamp: '2026-03-12T04:15:00.840Z',
  category: 'combined_reaction',
  value: 2,
  colorName: 'Green',
  mood: 'Mystery',
  colorRgba: '#2bff00',
  reactionLabel: 'like',
  trackId: 'trk_1773279957672',
  trackTitle: '"Track 2"'
}
Recorded event: {
  id: '1b5fd017-7dd8-4078-8803-d689dec394f8',
  sessionId: '8370f365-30ad-4bf6-8d5e-98ab1db630fb',
  userId: 'benczech212@gmail.com',
  userName: 'Ben',
  mockIp: '18.164.104.94',
  timestamp: '2026-03-12T04:18:04.919Z',
  category: 'mood',
  value: 'Confusion',
  trackId: 'trk_1773279957672',
  trackTitle: '"Track 2"'
}
Recorded event: {
  id: 'fb83d03d-2006-4699-b85b-cab6baa7555b',
  sessionId: '8370f365-30ad-4bf6-8d5e-98ab1db630fb',
  userId: 'benczech212@gmail.com',
  userName: 'Ben',
  mockIp: '18.164.104.94',
  timestamp: '2026-03-12T04:18:10.946Z',
  category: 'color',
  value: 'Chartreuse',
  trackId: 'trk_1773279957672',
  trackTitle: '"Track 2"'
}
Recorded event: {
  id: '984c54ae-003e-4274-a831-6c0116fb3628',
  sessionId: '8370f365-30ad-4bf6-8d5e-98ab1db630fb',
  userId: 'benczech212@gmail.com',
  userName: 'Ben',
  mockIp: '18.164.104.94',
  timestamp: '2026-03-12T04:18:14.929Z',
  category: 'mood',
  value: 'Mystery',
  trackId: 'trk_1773279957672',
  trackTitle: '"Track 2"'
}
Recorded event: {
  id: 'cd8c3569-29ac-4323-9d42-21fe0f9d9c7c',
  sessionId: '8370f365-30ad-4bf6-8d5e-98ab1db630fb',
  userId: 'benczech212@gmail.com',
  userName: 'Ben',
  mockIp: '18.164.104.94',
  timestamp: '2026-03-12T04:18:18.276Z',
  category: 'reaction',
  value: 'like',
  trackId: 'trk_1773279957672',
  trackTitle: '"Track 2"'
}
Recorded event: {
  id: 'd1316923-734f-4a29-8bd0-50fdb16c0282',
  sessionId: '8370f365-30ad-4bf6-8d5e-98ab1db630fb',
  userId: 'benczech212@gmail.com',
  userName: 'Ben',
  mockIp: '18.164.104.94',
  timestamp: '2026-03-12T04:18:18.276Z',
  category: 'combined_reaction',
  value: 2,
  colorName: 'Chartreuse',
  mood: 'Mystery',
  colorRgba: '#80ff00',
  reactionLabel: 'like',
  trackId: 'trk_1773279957672',
  trackTitle: '"Track 2"'
}
Recorded event: {
  id: '6814c3ef-4336-4826-885d-316f7cab3089',
  sessionId: 'f7980eb8-1d12-4bd6-9bb7-ed9a36ef2c34',
  userId: 'benczech212@gmail.com',
  userName: 'Ben',
  mockIp: '18.164.104.94',
  timestamp: '2026-03-12T04:19:21.793Z',
  category: 'mood',
  value: 'Power',
  trackId: 'trk_1773279957672',
  trackTitle: '"Track 2"'
}
Recorded event: {
  id: '7b59564a-abe0-4bee-98ce-d768f30fec12',
  sessionId: 'f7980eb8-1d12-4bd6-9bb7-ed9a36ef2c34',
  userId: 'benczech212@gmail.com',
  userName: 'Ben',
  mockIp: '18.164.104.94',
  timestamp: '2026-03-12T04:19:23.570Z',
  category: 'color',
  value: 'Chartreuse',
  trackId: 'trk_1773279957672',
  trackTitle: '"Track 2"'
}
Recorded event: {
  id: '811d5e74-714a-4331-bc63-bb66b54d45d7',
  sessionId: 'f7980eb8-1d12-4bd6-9bb7-ed9a36ef2c34',
  userId: 'benczech212@gmail.com',
  userName: 'Ben',
  mockIp: '18.164.104.94',
  timestamp: '2026-03-12T04:19:26.340Z',
  category: 'reaction',
  value: 'like',
  trackId: 'trk_1773279957672',
  trackTitle: '"Track 2"'
}
Recorded event: {
  id: 'b4d16921-6063-4fd8-b2bc-8a2e266d9813',
  sessionId: 'f7980eb8-1d12-4bd6-9bb7-ed9a36ef2c34',
  userId: 'benczech212@gmail.com',
  userName: 'Ben',
  mockIp: '18.164.104.94',
  timestamp: '2026-03-12T04:19:26.340Z',
  category: 'combined_reaction',
  value: 2,
  colorName: 'Chartreuse',
  mood: 'Power',
  colorRgba: '#80ff00',
  reactionLabel: 'like',
  trackId: 'trk_1773279957672',
  trackTitle: '"Track 2"'
}
Recorded event: {
  id: '5d8fc3c6-b253-4884-a142-d17d130ef79f',
  sessionId: '2cc9afdf-1cbb-43e7-b8fd-44fb9641ae91',
  userId: 'benczech212@gmail.com',
  userName: 'Ben',
  mockIp: '18.164.104.94',
  timestamp: '2026-03-12T04:20:52.675Z',
  category: 'color',
  value: 'Violet',
  trackId: 'trk_1773279957672',
  trackTitle: '"Track 2"'
}
Recorded event: {
  id: 'c5dc3f87-a48d-43c4-bcd7-6179e47cc0a1',
  sessionId: '2cc9afdf-1cbb-43e7-b8fd-44fb9641ae91',
  userId: 'benczech212@gmail.com',
  userName: 'Ben',
  mockIp: '18.164.104.94',
  timestamp: '2026-03-12T04:20:54.070Z',
  category: 'mood',
  value: 'Mystery',
  trackId: 'trk_1773279957672',
  trackTitle: '"Track 2"'
}
Recorded event: {
  id: 'faae9663-13cc-4561-a494-205928ca0ceb',
  sessionId: '2cc9afdf-1cbb-43e7-b8fd-44fb9641ae91',
  userId: 'benczech212@gmail.com',
  userName: 'Ben',
  mockIp: '18.164.104.94',
  timestamp: '2026-03-12T04:20:56.173Z',
  category: 'reaction',
  value: 'like',
  trackId: 'trk_1773279957672',
  trackTitle: '"Track 2"'
}
Recorded event: {
  id: '26472384-2bec-46ba-9d36-ed9538c49489',
  sessionId: '2cc9afdf-1cbb-43e7-b8fd-44fb9641ae91',
  userId: 'benczech212@gmail.com',
  userName: 'Ben',
  mockIp: '18.164.104.94',
  timestamp: '2026-03-12T04:20:56.174Z',
  category: 'combined_reaction',
  value: 2,
  colorName: 'Violet',
  mood: 'Mystery',
  colorRgba: '#aa00ff',
  reactionLabel: 'like',
  trackId: 'trk_1773279957672',
  trackTitle: '"Track 2"'
}
Recorded event: {
  id: 'f332bb45-2a87-4b25-9078-11f418c06daa',
  sessionId: '2cc9afdf-1cbb-43e7-b8fd-44fb9641ae91',
  userId: 'benczech212@gmail.com',
  userName: 'Ben',
  mockIp: '18.164.104.94',
  timestamp: '2026-03-12T04:21:05.278Z',
  category: 'color',
  value: 'Chartreuse',
  trackId: 'trk_1773279957672',
  trackTitle: '"Track 2"'
}
Recorded event: {
  id: '998cc0e7-b114-4d74-875a-0799a64f8ee6',
  sessionId: '2cc9afdf-1cbb-43e7-b8fd-44fb9641ae91',
  userId: 'benczech212@gmail.com',
  userName: 'Ben',
  mockIp: '18.164.104.94',
  timestamp: '2026-03-12T04:21:06.426Z',
  category: 'mood',
  value: 'Mystery',
  trackId: 'trk_1773279957672',
  trackTitle: '"Track 2"'
}
Recorded event: {
  id: '05c37b17-bb64-4739-9afc-93e1f826a65b',
  sessionId: '2cc9afdf-1cbb-43e7-b8fd-44fb9641ae91',
  userId: 'benczech212@gmail.com',
  userName: 'Ben',
  mockIp: '18.164.104.94',
  timestamp: '2026-03-12T04:21:07.889Z',
  category: 'reaction',
  value: 'like',
  trackId: 'trk_1773279957672',
  trackTitle: '"Track 2"'
}
Recorded event: {
  id: '423a9fce-1f74-45da-8988-8cc4d0c7a2ec',
  sessionId: '2cc9afdf-1cbb-43e7-b8fd-44fb9641ae91',
  userId: 'benczech212@gmail.com',
  userName: 'Ben',
  mockIp: '18.164.104.94',
  timestamp: '2026-03-12T04:21:07.889Z',
  category: 'combined_reaction',
  value: 2,
  colorName: 'Chartreuse',
  mood: 'Mystery',
  colorRgba: '#55ff00',
  reactionLabel: 'like',
  trackId: 'trk_1773279957672',
  trackTitle: '"Track 2"'
}
Prometheus metrics, events array, and log file reset via API
Recorded event: {
  id: 'a4748487-4959-4f9a-b5ce-561fc8ef14ae',
  sessionId: '339dcf51-694a-45d9-ace0-611fa761b1bd',
  userId: 'benczech212@gmail.com',
  userName: 'Ben',
  mockIp: '18.164.104.94',
  timestamp: '2026-03-12T04:22:53.748Z',
  category: 'color',
  value: 'Chartreuse',
  trackId: 'trk_1773279957672',
  trackTitle: '"Track 2"'
}
Recorded event: {
  id: '480c8ded-8ef6-4476-be6b-f98240dfe56a',
  sessionId: '339dcf51-694a-45d9-ace0-611fa761b1bd',
  userId: 'benczech212@gmail.com',
  userName: 'Ben',
  mockIp: '18.164.104.94',
  timestamp: '2026-03-12T04:22:54.329Z',
  category: 'mood',
  value: 'Joy',
  trackId: 'trk_1773279957672',
  trackTitle: '"Track 2"'
}
Recorded event: {
  id: '4e81aa53-b89f-4521-999a-7c34a137faef',
  sessionId: '339dcf51-694a-45d9-ace0-611fa761b1bd',
  userId: 'benczech212@gmail.com',
  userName: 'Ben',
  mockIp: '18.164.104.94',
  timestamp: '2026-03-12T04:22:55.126Z',
  category: 'reaction',
  value: 'like',
  trackId: 'trk_1773279957672',
  trackTitle: '"Track 2"'
}
Recorded event: {
  id: '9fa3fce4-1f2f-458c-9827-c68365e908cd',
  sessionId: '339dcf51-694a-45d9-ace0-611fa761b1bd',
  userId: 'benczech212@gmail.com',
  userName: 'Ben',
  mockIp: '18.164.104.94',
  timestamp: '2026-03-12T04:22:55.127Z',
  category: 'combined_reaction',
  value: 2,
  colorName: 'Chartreuse',
  mood: 'Joy',
  colorRgba: '#80ff00',
  reactionLabel: 'like',
  trackId: 'trk_1773279957672',
  trackTitle: '"Track 2"'
}
Recorded event: {
  id: 'a5087ec9-82dd-42dc-aaec-8c0f81214c26',
  sessionId: 'ee39ed6b-210a-4693-972c-358435da1ce1',
  userId: 'benczech212@gmail.com',
  userName: 'Ben',
  mockIp: '18.164.104.94',
  timestamp: '2026-03-12T04:23:03.298Z',
  category: 'color',
  value: 'Light Yellow',
  trackId: 'trk_1773279957672',
  trackTitle: '"Track 2"'
}
Recorded event: {
  id: '4239257c-1a04-48b4-8d11-6ff7df687b1d',
  sessionId: 'ee39ed6b-210a-4693-972c-358435da1ce1',
  userId: 'benczech212@gmail.com',
  userName: 'Ben',
  mockIp: '18.164.104.94',
  timestamp: '2026-03-12T04:23:03.925Z',
  category: 'mood',
  value: 'Joy',
  trackId: 'trk_1773279957672',
  trackTitle: '"Track 2"'
}
Recorded event: {
  id: 'd292b4be-b195-4005-affd-fc187e470006',
  sessionId: 'ee39ed6b-210a-4693-972c-358435da1ce1',
  userId: 'benczech212@gmail.com',
  userName: 'Ben',
  mockIp: '18.164.104.94',
  timestamp: '2026-03-12T04:23:04.965Z',
  category: 'reaction',
  value: 'like',
  trackId: 'trk_1773279957672',
  trackTitle: '"Track 2"'
}
Recorded event: {
  id: 'd4e4ab06-e3b3-4c41-bf1e-1003279dec75',
  sessionId: 'ee39ed6b-210a-4693-972c-358435da1ce1',
  userId: 'benczech212@gmail.com',
  userName: 'Ben',
  mockIp: '18.164.104.94',
  timestamp: '2026-03-12T04:23:04.965Z',
  category: 'combined_reaction',
  value: 2,
  colorName: 'Yellow',
  mood: 'Joy',
  colorRgba: 'rgb(238, 255, 153)',
  reactionLabel: 'like',
  trackId: 'trk_1773279957672',
  trackTitle: '"Track 2"'
}
Recorded event: {
  id: '548c8e92-26cf-46eb-bbaa-ed331666ec17',
  sessionId: 'cfffbbc0-5730-431c-8609-c3a2641b7b40',
  userId: 'benczech212@gmail.com',
  userName: 'Ben',
  mockIp: '18.164.104.94',
  timestamp: '2026-03-12T04:26:02.558Z',
  category: 'color',
  value: 'Spring Green',
  colorRgba: '#00ff80',
  trackId: 'trk_1773279957672',
  trackTitle: '"Track 2"'
}
Recorded event: {
  id: '129432f0-e038-4dc7-937f-9557bb9bef66',
  sessionId: 'cfffbbc0-5730-431c-8609-c3a2641b7b40',
  userId: 'benczech212@gmail.com',
  userName: 'Ben',
  mockIp: '18.164.104.94',
  timestamp: '2026-03-12T04:26:03.184Z',
  category: 'mood',
  value: 'Joy',
  trackId: 'trk_1773279957672',
  trackTitle: '"Track 2"'
}
Recorded event: {
  id: '1d3d9792-13f8-4d75-9091-5d549110b2dd',
  sessionId: '831fe5af-f773-4760-91a3-ef67d3aa2532',
  userId: 'benczech212@gmail.com',
  userName: 'Ben',
  mockIp: '18.164.104.94',
  timestamp: '2026-03-12T04:26:52.613Z',
  category: 'color',
  value: 'Chartreuse',
  colorRgba: '#80ff00',
  trackId: 'trk_1773279957672',
  trackTitle: '"Track 2"'
}
Recorded event: {
  id: '750fc142-772f-440e-b65d-f9c63b6fd110',
  sessionId: '831fe5af-f773-4760-91a3-ef67d3aa2532',
  userId: 'benczech212@gmail.com',
  userName: 'Ben',
  mockIp: '18.164.104.94',
  timestamp: '2026-03-12T04:26:53.207Z',
  category: 'mood',
  value: 'Chaos',
  trackId: 'trk_1773279957672',
  trackTitle: '"Track 2"'
}
Recorded event: {
  id: '38fca220-f92c-4c49-94ae-1784032006bb',
  sessionId: '831fe5af-f773-4760-91a3-ef67d3aa2532',
  userId: 'benczech212@gmail.com',
  userName: 'Ben',
  mockIp: '18.164.104.94',
  timestamp: '2026-03-12T04:26:53.996Z',
  category: 'reaction',
  value: 'like',
  trackId: 'trk_1773279957672',
  trackTitle: '"Track 2"'
}
Recorded event: {
  id: '81fb3a4b-80b1-4ce6-baee-02a29e20bc48',
  sessionId: '831fe5af-f773-4760-91a3-ef67d3aa2532',
  userId: 'benczech212@gmail.com',
  userName: 'Ben',
  mockIp: '18.164.104.94',
  timestamp: '2026-03-12T04:26:53.997Z',
  category: 'combined_reaction',
  value: 2,
  colorName: 'Chartreuse',
  mood: 'Chaos',
  colorRgba: '#80ff00',
  reactionLabel: 'like',
  trackId: 'trk_1773279957672',
  trackTitle: '"Track 2"'
}
Recorded event: {
  id: 'cd328c77-0f58-4258-b475-e0338ace4754',
  sessionId: 'f9704dad-7584-42bf-8630-94db4f6000b5',
  userId: 'benczech212@gmail.com',
  userName: 'Ben',
  mockIp: '18.164.104.94',
  timestamp: '2026-03-12T04:29:44.560Z',
  category: 'color',
  value: 'Transparent',
  colorRgba: 'transparent',
  trackId: 'trk_1773279957672',
  trackTitle: '"Track 2"'
}
Prometheus metrics, events array, and log file reset via API
Prometheus metrics, events array, and log file reset via API
Prometheus metrics, events array, and log file reset via API
Registered user: {
  email: 'user1@sim.com',
  name: 'Sim User 1',
  emailConsent: true,
  lastSeen: '2026-03-12T06:20:45.448Z'
}
Registered user: {
  email: 'user2@sim.com',
  name: 'Sim User 2',
  emailConsent: true,
  lastSeen: '2026-03-12T06:20:45.457Z'
}
Registered user: {
  email: 'user3@sim.com',
  name: 'Sim User 3',
  emailConsent: true,
  lastSeen: '2026-03-12T06:20:45.467Z'
}
Registered user: {
  email: 'user4@sim.com',
  name: 'Sim User 4',
  emailConsent: true,
  lastSeen: '2026-03-12T06:20:45.489Z'
}
Registered user: {
  email: 'user5@sim.com',
  name: 'Sim User 5',
  emailConsent: true,
  lastSeen: '2026-03-12T06:20:45.494Z'
}
Registered user: {
  email: 'user6@sim.com',
  name: 'Sim User 6',
  emailConsent: true,
  lastSeen: '2026-03-12T06:20:45.500Z'
}
Registered user: {
  email: 'user7@sim.com',
  name: 'Sim User 7',
  emailConsent: true,
  lastSeen: '2026-03-12T06:20:45.508Z'
}
Registered user: {
  email: 'user8@sim.com',
  name: 'Sim User 8',
  emailConsent: true,
  lastSeen: '2026-03-12T06:20:45.513Z'
}
Registered user: {
  email: 'user9@sim.com',
  name: 'Sim User 9',
  emailConsent: true,
  lastSeen: '2026-03-12T06:20:45.521Z'
}
Registered user: {
  email: 'user10@sim.com',
  name: 'Sim User 10',
  emailConsent: true,
  lastSeen: '2026-03-12T06:20:45.526Z'
}
Registered user: {
  email: 'user11@sim.com',
  name: 'Sim User 11',
  emailConsent: true,
  lastSeen: '2026-03-12T06:20:45.532Z'
}
Registered user: {
  email: 'user12@sim.com',
  name: 'Sim User 12',
  emailConsent: true,
  lastSeen: '2026-03-12T06:20:45.593Z'
}
Registered user: {
  email: 'user13@sim.com',
  name: 'Sim User 13',
  emailConsent: true,
  lastSeen: '2026-03-12T06:20:45.599Z'
}
Registered user: {
  email: 'user14@sim.com',
  name: 'Sim User 14',
  emailConsent: true,
  lastSeen: '2026-03-12T06:20:45.608Z'
}
Registered user: {
  email: 'user15@sim.com',
  name: 'Sim User 15',
  emailConsent: true,
  lastSeen: '2026-03-12T06:20:45.634Z'
}
Registered user: {
  email: 'user16@sim.com',
  name: 'Sim User 16',
  emailConsent: true,
  lastSeen: '2026-03-12T06:20:45.640Z'
}
Registered user: {
  email: 'user17@sim.com',
  name: 'Sim User 17',
  emailConsent: true,
  lastSeen: '2026-03-12T06:20:45.645Z'
}
Registered user: {
  email: 'user18@sim.com',
  name: 'Sim User 18',
  emailConsent: true,
  lastSeen: '2026-03-12T06:20:45.655Z'
}
Registered user: {
  email: 'user19@sim.com',
  name: 'Sim User 19',
  emailConsent: true,
  lastSeen: '2026-03-12T06:20:45.661Z'
}
Registered user: {
  email: 'user20@sim.com',
  name: 'Sim User 20',
  emailConsent: true,
  lastSeen: '2026-03-12T06:20:45.666Z'
}
Recorded event: {
  userId: 'user4@sim.com',
  userName: 'Sim User 4',
  sessionId: 4,
  category: 'mood',
  value: 'Melancholy',
  trackId: 'trk_1773296448680',
  trackTitle: 'Simulation Theme Song',
  id: 'evt_1773296451798',
  timestamp: '2026-03-12T06:20:51.798Z'
}
Recorded event: {
  userId: 'user7@sim.com',
  userName: 'Sim User 7',
  sessionId: 7,
  category: 'note',
  value: 'What a huge moving',
  trackId: 'trk_1773296448680',
  trackTitle: 'Simulation Theme Song',
  id: 'evt_1773296451865',
  timestamp: '2026-03-12T06:20:51.865Z'
}
Recorded event: {
  userId: 'user15@sim.com',
  userName: 'Sim User 15',
  sessionId: 15,
  category: 'note',
  value: 'This track is crazy boring',
  trackId: 'trk_1773296448680',
  trackTitle: 'Simulation Theme Song',
  id: 'evt_1773296451866',
  timestamp: '2026-03-12T06:20:51.866Z'
}
Recorded event: {
  userId: 'user20@sim.com',
  userName: 'Sim User 20',
  sessionId: 20,
  category: 'color',
  value: 'Purple',
  colorRgba: '#800080',
  trackId: 'trk_1773296448680',
  trackTitle: 'Simulation Theme Song',
  id: 'evt_1773296451867',
  timestamp: '2026-03-12T06:20:51.867Z'
}
Recorded event: {
  userId: 'user1@sim.com',
  userName: 'Sim User 1',
  sessionId: 1,
  category: 'mood',
  value: 'Calm',
  trackId: 'trk_1773296448680',
  trackTitle: 'Simulation Theme Song',
  id: 'evt_1773296452799',
  timestamp: '2026-03-12T06:20:52.799Z'
}
Recorded event: {
  userId: 'user2@sim.com',
  userName: 'Sim User 2',
  sessionId: 2,
  category: 'color',
  value: 'Blue',
  colorRgba: '#0000ff',
  trackId: 'trk_1773296448680',
  trackTitle: 'Simulation Theme Song',
  id: 'evt_1773296452800',
  timestamp: '2026-03-12T06:20:52.800Z'
}
Recorded event: {
  userId: 'user3@sim.com',
  userName: 'Sim User 3',
  sessionId: 3,
  category: 'color',
  value: 'Amber',
  colorRgba: '#ffbf00',
  trackId: 'trk_1773296448680',
  trackTitle: 'Simulation Theme Song',
  id: 'evt_1773296452801',
  timestamp: '2026-03-12T06:20:52.801Z'
}
Recorded event: {
  userId: 'user6@sim.com',
  userName: 'Sim User 6',
  sessionId: 6,
  category: 'mood',
  value: 'Melancholy',
  trackId: 'trk_1773296448680',
  trackTitle: 'Simulation Theme Song',
  id: 'evt_1773296452802',
  timestamp: '2026-03-12T06:20:52.802Z'
}
Recorded event: {
  userId: 'user8@sim.com',
  userName: 'Sim User 8',
  sessionId: 8,
  category: 'reaction',
  value: 'applause',
  trackId: 'trk_1773296448680',
  trackTitle: 'Simulation Theme Song',
  id: 'evt_1773296452803',
  timestamp: '2026-03-12T06:20:52.803Z'
}
Recorded event: {
  userId: 'user10@sim.com',
  userName: 'Sim User 10',
  sessionId: 10,
  category: 'note',
  value: 'boring',
  trackId: 'trk_1773296448680',
  trackTitle: 'Simulation Theme Song',
  id: 'evt_1773296452804',
  timestamp: '2026-03-12T06:20:52.804Z'
}
Recorded event: {
  userId: 'user15@sim.com',
  userName: 'Sim User 15',
  sessionId: 15,
  category: 'mood',
  value: 'Joy',
  trackId: 'trk_1773296448680',
  trackTitle: 'Simulation Theme Song',
  id: 'evt_1773296452805',
  timestamp: '2026-03-12T06:20:52.805Z'
}
Recorded event: {
  userId: 'user6@sim.com',
  userName: 'Sim User 6',
  sessionId: 6,
  category: 'mood',
  value: 'Joy',
  trackId: 'trk_1773296448680',
  trackTitle: 'Simulation Theme Song',
  id: 'evt_1773296453801',
  timestamp: '2026-03-12T06:20:53.801Z'
}
Recorded event: {
  userId: 'user8@sim.com',
  userName: 'Sim User 8',
  sessionId: 8,
  category: 'mood',
  value: 'Angry',
  trackId: 'trk_1773296448680',
  trackTitle: 'Simulation Theme Song',
  id: 'evt_1773296453802',
  timestamp: '2026-03-12T06:20:53.802Z'
}
Recorded event: {
  userId: 'user11@sim.com',
  userName: 'Sim User 11',
  sessionId: 11,
  category: 'mood',
  value: 'Mystery',
  trackId: 'trk_1773296448680',
  trackTitle: 'Simulation Theme Song',
  id: 'evt_1773296453803',
  timestamp: '2026-03-12T06:20:53.803Z'
}
Recorded event: {
  userId: 'user12@sim.com',
  userName: 'Sim User 12',
  sessionId: 12,
  category: 'reaction',
  value: 'meh',
  trackId: 'trk_1773296448680',
  trackTitle: 'Simulation Theme Song',
  id: 'evt_1773296454062',
  timestamp: '2026-03-12T06:20:54.062Z'
}
Recorded event: {
  userId: 'user15@sim.com',
  userName: 'Sim User 15',
  sessionId: 15,
  category: 'note',
  value: 'Absolutely moving rock sharp',
  trackId: 'trk_1773296448680',
  trackTitle: 'Simulation Theme Song',
  id: 'evt_1773296454064',
  timestamp: '2026-03-12T06:20:54.064Z'
}
Recorded event: {
  userId: 'user16@sim.com',
  userName: 'Sim User 16',
  sessionId: 16,
  category: 'note',
  value: 'slow epic energetic',
  trackId: 'trk_1773296448680',
  trackTitle: 'Simulation Theme Song',
  id: 'evt_1773296454271',
  timestamp: '2026-03-12T06:20:54.271Z'
}
Recorded event: {
  userId: 'user18@sim.com',
  userName: 'Sim User 18',
  sessionId: 18,
  category: 'reaction',
  value: 'like',
  trackId: 'trk_1773296448680',
  trackTitle: 'Simulation Theme Song',
  id: 'evt_1773296454272',
  timestamp: '2026-03-12T06:20:54.272Z'
}
Recorded event: {
  userId: 'user20@sim.com',
  userName: 'Sim User 20',
  sessionId: 20,
  category: 'note',
  value: 'amazing',
  trackId: 'trk_1773296448680',
  trackTitle: 'Simulation Theme Song',
  id: 'evt_1773296454273',
  timestamp: '2026-03-12T06:20:54.273Z'
}
Recorded event: {
  userId: 'user3@sim.com',
  userName: 'Sim User 3',
  sessionId: 3,
  category: 'note',
  value: 'Absolutely deep fire rock',
  trackId: 'trk_1773296448680',
  trackTitle: 'Simulation Theme Song',
  id: 'evt_1773296454808',
  timestamp: '2026-03-12T06:20:54.808Z'
}
Recorded event: {
  userId: 'user7@sim.com',
  userName: 'Sim User 7',
  sessionId: 7,
  category: 'color',
  value: 'Green',
  colorRgba: '#00ff00',
  trackId: 'trk_1773296448680',
  trackTitle: 'Simulation Theme Song',
  id: 'evt_1773296454809',
  timestamp: '2026-03-12T06:20:54.809Z'
}
Recorded event: {
  userId: 'user10@sim.com',
  userName: 'Sim User 10',
  sessionId: 10,
  category: 'reaction',
  value: 'meh',
  trackId: 'trk_1773296448680',
  trackTitle: 'Simulation Theme Song',
  id: 'evt_1773296454811',
  timestamp: '2026-03-12T06:20:54.811Z'
}
Recorded event: {
  userId: 'user12@sim.com',
  userName: 'Sim User 12',
  sessionId: 12,
  category: 'reaction',
  value: 'applause',
  trackId: 'trk_1773296448680',
  trackTitle: 'Simulation Theme Song',
  id: 'evt_1773296454839',
  timestamp: '2026-03-12T06:20:54.839Z'
}
Recorded event: {
  userId: 'user13@sim.com',
  userName: 'Sim User 13',
  sessionId: 13,
  category: 'color',
  value: 'White',
  colorRgba: '#ffffff',
  trackId: 'trk_1773296448680',
  trackTitle: 'Simulation Theme Song',
  id: 'evt_1773296454841',
  timestamp: '2026-03-12T06:20:54.841Z'
}
Recorded event: {
  userId: 'user15@sim.com',
  userName: 'Sim User 15',
  sessionId: 15,
  category: 'mood',
  value: 'Joy',
  trackId: 'trk_1773296448680',
  trackTitle: 'Simulation Theme Song',
  id: 'evt_1773296454842',
  timestamp: '2026-03-12T06:20:54.842Z'
}
Recorded event: {
  userId: 'user2@sim.com',
  userName: 'Sim User 2',
  sessionId: 2,
  category: 'note',
  value: 'Wow bass profound slow',
  trackId: 'trk_1773296448680',
  trackTitle: 'Simulation Theme Song',
  id: 'evt_1773296455808',
  timestamp: '2026-03-12T06:20:55.808Z'
}
Recorded event: {
  userId: 'user5@sim.com',
  userName: 'Sim User 5',
  sessionId: 5,
  category: 'mood',
  value: 'Melancholy',
  trackId: 'trk_1773296448680',
  trackTitle: 'Simulation Theme Song',
  id: 'evt_1773296455810',
  timestamp: '2026-03-12T06:20:55.810Z'
}
Recorded event: {
  userId: 'user9@sim.com',
  userName: 'Sim User 9',
  sessionId: 9,
  category: 'mood',
  value: 'Bored',
  trackId: 'trk_1773296448680',
  trackTitle: 'Simulation Theme Song',
  id: 'evt_1773296455811',
  timestamp: '2026-03-12T06:20:55.811Z'
}
Recorded event: {
  userId: 'user11@sim.com',
  userName: 'Sim User 11',
  sessionId: 11,
  category: 'mood',
  value: 'Calm',
  trackId: 'trk_1773296448680',
  trackTitle: 'Simulation Theme Song',
  id: 'evt_1773296455812',
  timestamp: '2026-03-12T06:20:55.812Z'
}
Recorded event: {
  userId: 'user15@sim.com',
  userName: 'Sim User 15',
  sessionId: 15,
  category: 'mood',
  value: 'Calm',
  trackId: 'trk_1773296448680',
  trackTitle: 'Simulation Theme Song',
  id: 'evt_1773296455813',
  timestamp: '2026-03-12T06:20:55.813Z'
}
Recorded event: {
  userId: 'user17@sim.com',
  userName: 'Sim User 17',
  sessionId: 17,
  category: 'note',
  value: 'Just feeling the intense',
  trackId: 'trk_1773296448680',
  trackTitle: 'Simulation Theme Song',
  id: 'evt_1773296455814',
  timestamp: '2026-03-12T06:20:55.814Z'
}
Recorded event: {
  userId: 'user19@sim.com',
  userName: 'Sim User 19',
  sessionId: 19,
  category: 'mood',
  value: 'Angry',
  trackId: 'trk_1773296448680',
  trackTitle: 'Simulation Theme Song',
  id: 'evt_1773296455816',
  timestamp: '2026-03-12T06:20:55.816Z'
}
Recorded event: {
  userId: 'user20@sim.com',
  userName: 'Sim User 20',
  sessionId: 20,
  category: 'color',
  value: 'Green',
  colorRgba: '#00ff00',
  trackId: 'trk_1773296448680',
  trackTitle: 'Simulation Theme Song',
  id: 'evt_1773296455817',
  timestamp: '2026-03-12T06:20:55.817Z'
}
Recorded event: {
  userId: 'user5@sim.com',
  userName: 'Sim User 5',
  sessionId: 5,
  category: 'reaction',
  value: 'like',
  trackId: 'trk_1773296448680',
  trackTitle: 'Simulation Theme Song',
  id: 'evt_1773296456807',
  timestamp: '2026-03-12T06:20:56.807Z'
}
Recorded event: {
  userId: 'user12@sim.com',
  userName: 'Sim User 12',
  sessionId: 12,
  category: 'mood',
  value: 'Mystery',
  trackId: 'trk_1773296448680',
  trackTitle: 'Simulation Theme Song',
  id: 'evt_1773296456808',
  timestamp: '2026-03-12T06:20:56.808Z'
}
Recorded event: {
  userId: 'user16@sim.com',
  userName: 'Sim User 16',
  sessionId: 16,
  category: 'reaction',
  value: 'meh',
  trackId: 'trk_1773296448680',
  trackTitle: 'Simulation Theme Song',
  id: 'evt_1773296456810',
  timestamp: '2026-03-12T06:20:56.810Z'
}
Recorded event: {
  userId: 'user2@sim.com',
  userName: 'Sim User 2',
  sessionId: 2,
  category: 'mood',
  value: 'Mystery',
  trackId: 'trk_1773296448680',
  trackTitle: 'Simulation Theme Song',
  id: 'evt_1773296457811',
  timestamp: '2026-03-12T06:20:57.811Z'
}
Recorded event: {
  userId: 'user4@sim.com',
  userName: 'Sim User 4',
  sessionId: 4,
  category: 'reaction',
  value: 'like',
  trackId: 'trk_1773296448680',
  trackTitle: 'Simulation Theme Song',
  id: 'evt_1773296457813',
  timestamp: '2026-03-12T06:20:57.813Z'
}
Recorded event: {
  userId: 'user5@sim.com',
  userName: 'Sim User 5',
  sessionId: 5,
  category: 'reaction',
  value: 'applause',
  trackId: 'trk_1773296448680',
  trackTitle: 'Simulation Theme Song',
  id: 'evt_1773296457817',
  timestamp: '2026-03-12T06:20:57.817Z'
}
Recorded event: {
  userId: 'user11@sim.com',
  userName: 'Sim User 11',
  sessionId: 11,
  category: 'note',
  value: 'This track is wild cool',
  trackId: 'trk_1773296448680',
  trackTitle: 'Simulation Theme Song',
  id: 'evt_1773296457818',
  timestamp: '2026-03-12T06:20:57.818Z'
}
Recorded event: {
  userId: 'user12@sim.com',
  userName: 'Sim User 12',
  sessionId: 12,
  category: 'mood',
  value: 'Anxious',
  trackId: 'trk_1773296448680',
  trackTitle: 'Simulation Theme Song',
  id: 'evt_1773296457820',
  timestamp: '2026-03-12T06:20:57.820Z'
}
Recorded event: {
  userId: 'user17@sim.com',
  userName: 'Sim User 17',
  sessionId: 17,
  category: 'color',
  value: 'Purple',
  colorRgba: '#800080',
  trackId: 'trk_1773296448680',
  trackTitle: 'Simulation Theme Song',
  id: 'evt_1773296457845',
  timestamp: '2026-03-12T06:20:57.845Z'
}
Recorded event: {
  userId: 'user18@sim.com',
  userName: 'Sim User 18',
  sessionId: 18,
  category: 'reaction',
  value: 'applause',
  trackId: 'trk_1773296448680',
  trackTitle: 'Simulation Theme Song',
  id: 'evt_1773296457846',
  timestamp: '2026-03-12T06:20:57.846Z'
}
Recorded event: {
  userId: 'user19@sim.com',
  userName: 'Sim User 19',
  sessionId: 19,
  category: 'reaction',
  value: 'like',
  trackId: 'trk_1773296448680',
  trackTitle: 'Simulation Theme Song',
  id: 'evt_1773296457847',
  timestamp: '2026-03-12T06:20:57.847Z'
}
Recorded event: {
  userId: 'user20@sim.com',
  userName: 'Sim User 20',
  sessionId: 20,
  category: 'note',
  value: 'sharp',
  trackId: 'trk_1773296448680',
  trackTitle: 'Simulation Theme Song',
  id: 'evt_1773296457849',
  timestamp: '2026-03-12T06:20:57.849Z'
}
Recorded event: {
  userId: 'user1@sim.com',
  userName: 'Sim User 1',
  sessionId: 1,
  category: 'color',
  value: 'Blue',
  colorRgba: '#0000ff',
  trackId: 'trk_1773296448680',
  trackTitle: 'Simulation Theme Song',
  id: 'evt_1773296458811',
  timestamp: '2026-03-12T06:20:58.811Z'
}
Recorded event: {
  userId: 'user2@sim.com',
  userName: 'Sim User 2',
  sessionId: 2,
  category: 'reaction',
  value: 'applause',
  trackId: 'trk_1773296448680',
  trackTitle: 'Simulation Theme Song',
  id: 'evt_1773296458813',
  timestamp: '2026-03-12T06:20:58.813Z'
}
Recorded event: {
  userId: 'user9@sim.com',
  userName: 'Sim User 9',
  sessionId: 9,
  category: 'mood',
  value: 'Calm',
  trackId: 'trk_1773296448680',
  trackTitle: 'Simulation Theme Song',
  id: 'evt_1773296458814',
  timestamp: '2026-03-12T06:20:58.814Z'
}
Recorded event: {
  userId: 'user10@sim.com',
  userName: 'Sim User 10',
  sessionId: 10,
  category: 'reaction',
  value: 'applause',
  trackId: 'trk_1773296448680',
  trackTitle: 'Simulation Theme Song',
  id: 'evt_1773296458815',
  timestamp: '2026-03-12T06:20:58.815Z'
}
Recorded event: {
  userId: 'user19@sim.com',
  userName: 'Sim User 19',
  sessionId: 19,
  category: 'color',
  value: 'White',
  colorRgba: '#ffffff',
  trackId: 'trk_1773296448680',
  trackTitle: 'Simulation Theme Song',
  id: 'evt_1773296458816',
  timestamp: '2026-03-12T06:20:58.816Z'
}
Recorded event: {
  userId: 'user20@sim.com',
  userName: 'Sim User 20',
  sessionId: 20,
  category: 'reaction',
  value: 'applause',
  trackId: 'trk_1773296448680',
  trackTitle: 'Simulation Theme Song',
  id: 'evt_1773296458816',
  timestamp: '2026-03-12T06:20:58.816Z'
}
Recorded event: {
  userId: 'user1@sim.com',
  userName: 'Sim User 1',
  sessionId: 1,
  category: 'color',
  value: 'Amber',
  colorRgba: '#ffbf00',
  trackId: 'trk_1773296448680',
  trackTitle: 'Simulation Theme Song',
  id: 'evt_1773296459836',
  timestamp: '2026-03-12T06:20:59.836Z'
}
Recorded event: {
  userId: 'user2@sim.com',
  userName: 'Sim User 2',
  sessionId: 2,
  category: 'reaction',
  value: 'meh',
  trackId: 'trk_1773296448680',
  trackTitle: 'Simulation Theme Song',
  id: 'evt_1773296459837',
  timestamp: '2026-03-12T06:20:59.837Z'
}
Recorded event: {
  userId: 'user9@sim.com',
  userName: 'Sim User 9',
  sessionId: 9,
  category: 'color',
  value: 'Yellow',
  colorRgba: '#ffff00',
  trackId: 'trk_1773296448680',
  trackTitle: 'Simulation Theme Song',
  id: 'evt_1773296459838',
  timestamp: '2026-03-12T06:20:59.838Z'
}
Recorded event: {
  userId: 'user13@sim.com',
  userName: 'Sim User 13',
  sessionId: 13,
  category: 'color',
  value: 'White',
  colorRgba: '#ffffff',
  trackId: 'trk_1773296448680',
  trackTitle: 'Simulation Theme Song',
  id: 'evt_1773296459839',
  timestamp: '2026-03-12T06:20:59.839Z'
}
Recorded event: {
  userId: 'user15@sim.com',
  userName: 'Sim User 15',
  sessionId: 15,
  category: 'mood',
  value: 'Bored',
  trackId: 'trk_1773296448680',
  trackTitle: 'Simulation Theme Song',
  id: 'evt_1773296459854',
  timestamp: '2026-03-12T06:20:59.854Z'
}
Recorded event: {
  userId: 'user6@sim.com',
  userName: 'Sim User 6',
  sessionId: 6,
  category: 'mood',
  value: 'Joy',
  trackId: 'trk_1773296448680',
  trackTitle: 'Simulation Theme Song',
  id: 'evt_1773296460836',
  timestamp: '2026-03-12T06:21:00.836Z'
}
Recorded event: {
  userId: 'user11@sim.com',
  userName: 'Sim User 11',
  sessionId: 11,
  category: 'color',
  value: 'Green',
  colorRgba: '#00ff00',
  trackId: 'trk_1773296448680',
  trackTitle: 'Simulation Theme Song',
  id: 'evt_1773296460838',
  timestamp: '2026-03-12T06:21:00.838Z'
}
Recorded event: {
  userId: 'user19@sim.com',
  userName: 'Sim User 19',
  sessionId: 19,
  category: 'color',
  value: 'Cyan',
  colorRgba: '#00ffff',
  trackId: 'trk_1773296448680',
  trackTitle: 'Simulation Theme Song',
  id: 'evt_1773296460840',
  timestamp: '2026-03-12T06:21:00.840Z'
}
Recorded event: {
  userId: 'user2@sim.com',
  userName: 'Sim User 2',
  sessionId: 2,
  category: 'reaction',
  value: 'applause',
  trackId: 'trk_1773296448680',
  trackTitle: 'Simulation Theme Song',
  id: 'evt_1773296461880',
  timestamp: '2026-03-12T06:21:01.880Z'
}
Recorded event: {
  userId: 'user3@sim.com',
  userName: 'Sim User 3',
  sessionId: 3,
  category: 'mood',
  value: 'Joy',
  trackId: 'trk_1773296448680',
  trackTitle: 'Simulation Theme Song',
  id: 'evt_1773296461881',
  timestamp: '2026-03-12T06:21:01.881Z'
}
Recorded event: {
  userId: 'user4@sim.com',
  userName: 'Sim User 4',
  sessionId: 4,
  category: 'color',
  value: 'Cyan',
  colorRgba: '#00ffff',
  trackId: 'trk_1773296448680',
  trackTitle: 'Simulation Theme Song',
  id: 'evt_1773296461883',
  timestamp: '2026-03-12T06:21:01.883Z'
}
Recorded event: {
  userId: 'user5@sim.com',
  userName: 'Sim User 5',
  sessionId: 5,
  category: 'color',
  value: 'Purple',
  colorRgba: '#800080',
  trackId: 'trk_1773296448680',
  trackTitle: 'Simulation Theme Song',
  id: 'evt_1773296461884',
  timestamp: '2026-03-12T06:21:01.884Z'
}
Recorded event: {
  userId: 'user8@sim.com',
  userName: 'Sim User 8',
  sessionId: 8,
  category: 'mood',
  value: 'Calm',
  trackId: 'trk_1773296448680',
  trackTitle: 'Simulation Theme Song',
  id: 'evt_1773296461885',
  timestamp: '2026-03-12T06:21:01.885Z'
}
Recorded event: {
  userId: 'user9@sim.com',
  userName: 'Sim User 9',
  sessionId: 9,
  category: 'mood',
  value: 'Calm',
  trackId: 'trk_1773296448680',
  trackTitle: 'Simulation Theme Song',
  id: 'evt_1773296461887',
  timestamp: '2026-03-12T06:21:01.887Z'
}
Recorded event: {
  userId: 'user14@sim.com',
  userName: 'Sim User 14',
  sessionId: 14,
  category: 'reaction',
  value: 'like',
  trackId: 'trk_1773296448680',
  trackTitle: 'Simulation Theme Song',
  id: 'evt_1773296461897',
  timestamp: '2026-03-12T06:21:01.897Z'
}
Recorded event: {
  userId: 'user15@sim.com',
  userName: 'Sim User 15',
  sessionId: 15,
  category: 'mood',
  value: 'Bored',
  trackId: 'trk_1773296448680',
  trackTitle: 'Simulation Theme Song',
  id: 'evt_1773296461898',
  timestamp: '2026-03-12T06:21:01.898Z'
}
Recorded event: {
  userId: 'user16@sim.com',
  userName: 'Sim User 16',
  sessionId: 16,
  category: 'color',
  value: 'White',
  colorRgba: '#ffffff',
  trackId: 'trk_1773296448680',
  trackTitle: 'Simulation Theme Song',
  id: 'evt_1773296461900',
  timestamp: '2026-03-12T06:21:01.900Z'
}
Recorded event: {
  userId: 'user19@sim.com',
  userName: 'Sim User 19',
  sessionId: 19,
  category: 'mood',
  value: 'Happy',
  trackId: 'trk_1773296448680',
  trackTitle: 'Simulation Theme Song',
  id: 'evt_1773296461901',
  timestamp: '2026-03-12T06:21:01.901Z'
}
Recorded event: {
  userId: 'user3@sim.com',
  userName: 'Sim User 3',
  sessionId: 3,
  category: 'note',
  value: 'Really getting into the amazing deep crazy',
  trackId: 'trk_1773296448680',
  trackTitle: 'Simulation Theme Song',
  id: 'evt_1773296462836',
  timestamp: '2026-03-12T06:21:02.836Z'
}
Recorded event: {
  userId: 'user5@sim.com',
  userName: 'Sim User 5',
  sessionId: 5,
  category: 'reaction',
  value: 'applause',
  trackId: 'trk_1773296448680',
  trackTitle: 'Simulation Theme Song',
  id: 'evt_1773296462838',
  timestamp: '2026-03-12T06:21:02.838Z'
}
Recorded event: {
  userId: 'user7@sim.com',
  userName: 'Sim User 7',
  sessionId: 7,
  category: 'reaction',
  value: 'meh',
  trackId: 'trk_1773296448680',
  trackTitle: 'Simulation Theme Song',
  id: 'evt_1773296462839',
  timestamp: '2026-03-12T06:21:02.839Z'
}
Recorded event: {
  userId: 'user11@sim.com',
  userName: 'Sim User 11',
  sessionId: 11,
  category: 'reaction',
  value: 'meh',
  trackId: 'trk_1773296448680',
  trackTitle: 'Simulation Theme Song',
  id: 'evt_1773296462840',
  timestamp: '2026-03-12T06:21:02.840Z'
}
Recorded event: {
  userId: 'user13@sim.com',
  userName: 'Sim User 13',
  sessionId: 13,
  category: 'reaction',
  value: 'like',
  trackId: 'trk_1773296448680',
  trackTitle: 'Simulation Theme Song',
  id: 'evt_1773296462840',
  timestamp: '2026-03-12T06:21:02.840Z'
}
Recorded event: {
  userId: 'user15@sim.com',
  userName: 'Sim User 15',
  sessionId: 15,
  category: 'note',
  value: 'Wow bass',
  trackId: 'trk_1773296448680',
  trackTitle: 'Simulation Theme Song',
  id: 'evt_1773296462858',
  timestamp: '2026-03-12T06:21:02.858Z'
}
Recorded event: {
  userId: 'user16@sim.com',
  userName: 'Sim User 16',
  sessionId: 16,
  category: 'mood',
  value: 'Excited',
  trackId: 'trk_1773296448680',
  trackTitle: 'Simulation Theme Song',
  id: 'evt_1773296462860',
  timestamp: '2026-03-12T06:21:02.860Z'
}
