2026-03-13T00:09:00.691659427Z Registered user: {
2026-03-13T00:09:00.691695639Z   email: 'anon_1773360540231_d5e4c54904dbb8@anonymous.local',
2026-03-13T00:09:00.691701259Z   name: 'Anonymous',
2026-03-13T00:09:00.691705599Z   mockIp: '1.208.84.60',
2026-03-13T00:09:00.69170981Z   emailConsent: false,
2026-03-13T00:09:00.6917147Z   lastSeen: '2026-03-13T00:09:00.688Z'
2026-03-13T00:09:00.69171902Z }
2026-03-13T00:09:18.885366967Z Recorded event: {
2026-03-13T00:09:18.885390948Z   id: '875e1fa0-b1f8-44e8-abff-4860f46c4e2e',
2026-03-13T00:09:18.885396999Z   sessionId: '38562192-4d55-402d-8ef9-ce7a430c1a62',
2026-03-13T00:09:18.885401859Z   userId: 'anon_1773360540231_d5e4c54904dbb8@anonymous.local',
2026-03-13T00:09:18.885407189Z   userName: 'Anonymous',
2026-03-13T00:09:18.88541141Z   mockIp: '1.208.84.60',
2026-03-13T00:09:18.88541567Z   timestamp: '2026-03-13T00:09:18.800Z',
2026-03-13T00:09:18.88542066Z   category: 'color',
2026-03-13T00:09:18.88542369Z   value: 'Violet',
2026-03-13T00:09:18.88542663Z   colorRgba: '#8000ff',
2026-03-13T00:09:18.885430081Z   trackId: 'trk_1773359643288',
2026-03-13T00:09:18.885432961Z   trackTitle: 'Track 4'
2026-03-13T00:09:18.885435761Z }
2026-03-13T00:09:36.679478918Z Recorded event: {
2026-03-13T00:09:36.67950912Z   id: '9f652f1b-49c4-4abd-8167-57c5f9bc0e67',
2026-03-13T00:09:36.67951485Z   sessionId: '96d57e30-93a1-471f-a696-9884b57aff05',
2026-03-13T00:09:36.67951988Z   userId: 'maeganmarlow@icloud.com',
2026-03-13T00:09:36.67952406Z   userName: 'Maegan',
2026-03-13T00:09:36.679558812Z   mockIp: '68.210.113.118',
2026-03-13T00:09:36.679566183Z   timestamp: '2026-03-13T00:09:36.595Z',
2026-03-13T00:09:36.679570613Z   category: 'combined_reaction',
2026-03-13T00:09:36.679574964Z   value: 4,
2026-03-13T00:09:36.679579124Z   colorName: 'Purple',
2026-03-13T00:09:36.679583774Z   mood: 'Anticipation',
2026-03-13T00:09:36.679588094Z   colorRgba: '#aa00ff',
2026-03-13T00:09:36.679591854Z   reactionLabel: 'applause',
2026-03-13T00:09:36.679596265Z   note: 'None',
2026-03-13T00:09:36.679600405Z   trackId: 'trk_1773359643288',
2026-03-13T00:09:36.679604875Z   trackTitle: 'Track 4'
2026-03-13T00:09:36.679609046Z }
2026-03-13T00:09:36.747060364Z Recorded event: {
2026-03-13T00:09:36.747086886Z   id: '91dc7cd7-c935-44d0-9f98-e82c16629c43',
2026-03-13T00:09:36.747099726Z   sessionId: 'd64bc247-0791-4f9a-b0a0-b701a782b5f5',
2026-03-13T00:09:36.747106437Z   userId: 'thetanclan@aol.com',
2026-03-13T00:09:36.747112517Z   userName: 'Peggy',
2026-03-13T00:09:36.747117517Z   mockIp: '193.7.229.126',
2026-03-13T00:09:36.747121148Z   timestamp: '2026-03-13T00:09:36.613Z',
2026-03-13T00:09:36.747124648Z   category: 'mood',
2026-03-13T00:09:36.747128158Z   value: 'Sadness',
2026-03-13T00:09:36.747131818Z   trackId: 'trk_1773359643288',
2026-03-13T00:09:36.747135418Z   trackTitle: 'Track 4'
2026-03-13T00:09:36.747138959Z }
2026-03-13T00:09:38.359623979Z Recorded event: {
2026-03-13T00:09:38.359655101Z   id: 'b02fd9a5-868a-4f5b-bbf8-dc646f2dfd8d',
2026-03-13T00:09:38.359673491Z   sessionId: '96d57e30-93a1-471f-a696-9884b57aff05',
2026-03-13T00:09:38.359676082Z   userId: 'maeganmarlow@icloud.com',
2026-03-13T00:09:38.359679132Z   userName: 'Maegan',
2026-03-13T00:09:38.359682022Z   mockIp: '68.210.113.118',
2026-03-13T00:09:38.359684332Z   timestamp: '2026-03-13T00:09:38.092Z',
2026-03-13T00:09:38.359686722Z   category: 'note',
2026-03-13T00:09:38.359689132Z   value: 'Jazzay',
2026-03-13T00:09:38.359691383Z   trackId: 'trk_1773359643288',
2026-03-13T00:09:38.359693803Z   trackTitle: 'Track 4'
2026-03-13T00:09:38.359696383Z }
2026-03-13T00:09:38.484383906Z Recorded event: {
2026-03-13T00:09:38.484409287Z   id: '97aa320e-fb3a-468d-9d45-ef0cd64da0f3',
2026-03-13T00:09:38.484413378Z   sessionId: '96d57e30-93a1-471f-a696-9884b57aff05',
2026-03-13T00:09:38.484416208Z   userId: 'maeganmarlow@icloud.com',
2026-03-13T00:09:38.484419088Z   userName: 'Maegan',
2026-03-13T00:09:38.484422758Z   mockIp: '68.210.113.118',
2026-03-13T00:09:38.484425598Z   timestamp: '2026-03-13T00:09:38.395Z',
2026-03-13T00:09:38.484428868Z   category: 'combined_reaction',
2026-03-13T00:09:38.48444506Z   value: 4,
2026-03-13T00:09:38.48444807Z   colorName: 'Purple',
2026-03-13T00:09:38.48445086Z   mood: 'Anticipation',
2026-03-13T00:09:38.48445773Z   colorRgba: '#aa00ff',
2026-03-13T00:09:38.484460461Z   reactionLabel: 'applause',
2026-03-13T00:09:38.484463531Z   note: 'Jazzay',
2026-03-13T00:09:38.484466251Z   trackId: 'trk_1773359643288',
2026-03-13T00:09:38.484469381Z   trackTitle: 'Track 4'
2026-03-13T00:09:38.484472191Z }
2026-03-13T00:09:39.179349627Z Recorded event: {
2026-03-13T00:09:39.179378569Z   id: '893a11e2-a568-4b96-82ee-2092b51ff2f2',
2026-03-13T00:09:39.179382609Z   sessionId: '38562192-4d55-402d-8ef9-ce7a430c1a62',
2026-03-13T00:09:39.179385029Z   userId: 'anon_1773360540231_d5e4c54904dbb8@anonymous.local',
2026-03-13T00:09:39.179387239Z   userName: 'Anonymous',
2026-03-13T00:09:39.179389719Z   mockIp: '1.208.84.60',
2026-03-13T00:09:39.179391779Z   timestamp: '2026-03-13T00:09:39.100Z',
2026-03-13T00:09:39.179393899Z   category: 'mood',
2026-03-13T00:09:39.17939591Z   value: 'Chaos',
2026-03-13T00:09:39.17939859Z   trackId: 'trk_1773359643288',
2026-03-13T00:09:39.17940069Z   trackTitle: 'Track 4'
2026-03-13T00:09:39.17940266Z }
2026-03-13T00:09:40.304641792Z Recorded event: {
2026-03-13T00:09:40.304662073Z   id: 'eccd86dd-cb52-4328-8ada-ca7d18caa0fe',
2026-03-13T00:09:40.304666533Z   sessionId: 'd64bc247-0791-4f9a-b0a0-b701a782b5f5',
2026-03-13T00:09:40.304670123Z   userId: 'thetanclan@aol.com',
2026-03-13T00:09:40.304672843Z   userName: 'Peggy',
2026-03-13T00:09:40.304675483Z   mockIp: '193.7.229.126',
2026-03-13T00:09:40.304677874Z   timestamp: '2026-03-13T00:09:40.001Z',
2026-03-13T00:09:40.304680254Z   category: 'reaction',
2026-03-13T00:09:40.304683194Z   value: 'applause',
2026-03-13T00:09:40.304685814Z   trackId: 'trk_1773359643288',
2026-03-13T00:09:40.304688184Z   trackTitle: 'Track 4'
2026-03-13T00:09:40.304690464Z }
2026-03-13T00:09:45.980172152Z Recorded event: {
2026-03-13T00:09:45.980198434Z   id: 'bcf5bceb-189d-4bbf-ae33-0e4e08ef7ab4',
2026-03-13T00:09:45.980203854Z   sessionId: '26689caf-dd4f-40b6-9a7b-2acca217d9c8',
2026-03-13T00:09:45.980208624Z   userId: 'sjsmemay263@gmail.coms',
2026-03-13T00:09:45.980212905Z   userName: 'Shirley',
2026-03-13T00:09:45.980218215Z   mockIp: '175.18.169.198',
2026-03-13T00:09:45.980222305Z   timestamp: '2026-03-13T00:09:45.134Z',
2026-03-13T00:09:45.980226176Z   category: 'note_skip',
2026-03-13T00:09:45.980230506Z   value: 'skipped',
2026-03-13T00:09:45.980246077Z   trackId: 'trk_1773359604086'
2026-03-13T00:09:45.980248907Z }
2026-03-13T00:09:47.605557511Z Recorded event: {
2026-03-13T00:09:47.605584633Z   id: '277e6423-8a51-4158-b8af-4839f1d34556',
2026-03-13T00:09:47.605590813Z   sessionId: '38562192-4d55-402d-8ef9-ce7a430c1a62',
2026-03-13T00:09:47.605595493Z   userId: 'anon_1773360540231_d5e4c54904dbb8@anonymous.local',
2026-03-13T00:09:47.605599403Z   userName: 'Anonymous',
2026-03-13T00:09:47.605602994Z   mockIp: '1.208.84.60',
2026-03-13T00:09:47.605606924Z   timestamp: '2026-03-13T00:09:47.518Z',
2026-03-13T00:09:47.605611014Z   category: 'reaction',
2026-03-13T00:09:47.605614795Z   value: 'like',
2026-03-13T00:09:47.605618835Z   trackId: 'trk_1773359643288',
2026-03-13T00:09:47.605622455Z   trackTitle: 'Track 4'
2026-03-13T00:09:47.605626145Z }
2026-03-13T00:10:10.523257597Z Recorded event: {
2026-03-13T00:10:10.523403026Z   id: 'e5bbbc69-96ee-48bb-89dc-cdfc2412ec45',
2026-03-13T00:10:10.523409457Z   sessionId: 'd64bc247-0791-4f9a-b0a0-b701a782b5f5',
2026-03-13T00:10:10.523416717Z   userId: 'thetanclan@aol.com',
2026-03-13T00:10:10.523420717Z   userName: 'Peggy',
2026-03-13T00:10:10.523424427Z   mockIp: '193.7.229.126',
2026-03-13T00:10:10.523428298Z   timestamp: '2026-03-13T00:10:10.403Z',
2026-03-13T00:10:10.523432548Z   category: 'note',
2026-03-13T00:10:10.523436578Z   value: 'Sad because the concert will end soon.',
2026-03-13T00:10:10.523440358Z   trackId: 'trk_1773359643288',
2026-03-13T00:10:10.523444408Z   trackTitle: 'Track 4'
2026-03-13T00:10:10.523448409Z }
2026-03-13T00:10:20.467755647Z Recorded event: {
2026-03-13T00:10:20.467785559Z   id: '965e4e36-4390-4171-b5c6-3b9141298aec',
2026-03-13T00:10:20.4677934Z   sessionId: '38562192-4d55-402d-8ef9-ce7a430c1a62',
2026-03-13T00:10:20.46779818Z   userId: 'anon_1773360540231_d5e4c54904dbb8@anonymous.local',
2026-03-13T00:10:20.46780244Z   userName: 'Anonymous',
2026-03-13T00:10:20.46780565Z   mockIp: '1.208.84.60',
2026-03-13T00:10:20.46780863Z   timestamp: '2026-03-13T00:10:20.378Z',
2026-03-13T00:10:20.467811461Z   category: 'color',
2026-03-13T00:10:20.467814291Z   value: 'Amethyst',
2026-03-13T00:10:20.467817051Z   colorRgba: '#d400ff',
2026-03-13T00:10:20.467820491Z   trackId: 'trk_1773359643288',
2026-03-13T00:10:20.467823371Z   trackTitle: 'Track 4'
2026-03-13T00:10:20.467826312Z }
2026-03-13T00:13:43.46830654Z Recorded event: {
2026-03-13T00:13:43.468331722Z   id: '2af6c659-af75-4e35-84eb-99be05d8d749',
2026-03-13T00:13:43.468337682Z   sessionId: '1c4a9671-5d71-4a4a-ab08-169838400a23',
2026-03-13T00:13:43.468341543Z   userId: 'anon_1773357342171_da4ead55ec82b@anonymous.local',
2026-03-13T00:13:43.468345213Z   userName: 'Anonymous',
2026-03-13T00:13:43.468350643Z   mockIp: '240.97.253.23',
2026-03-13T00:13:43.468354383Z   timestamp: '2026-03-13T00:13:43.359Z',
2026-03-13T00:13:43.468358344Z   category: 'reaction',
2026-03-13T00:13:43.468373925Z   value: 'like',
2026-03-13T00:13:43.468377875Z   trackId: 'trk_1773359643288',
2026-03-13T00:13:43.468381635Z   trackTitle: 'Track 4'
2026-03-13T00:13:43.468385305Z }
2026-03-13T00:13:47.540780906Z Recorded event: {
2026-03-13T00:13:47.540816728Z   id: '9ffcd8d3-7af4-4d84-933c-a93380bf9e35',
2026-03-13T00:13:47.540822879Z   sessionId: '1c4a9671-5d71-4a4a-ab08-169838400a23',
2026-03-13T00:13:47.540827129Z   userId: 'anon_1773357342171_da4ead55ec82b@anonymous.local',
2026-03-13T00:13:47.540831249Z   userName: 'Anonymous',
2026-03-13T00:13:47.540836239Z   mockIp: '240.97.253.23',
2026-03-13T00:13:47.54084043Z   timestamp: '2026-03-13T00:13:47.446Z',
2026-03-13T00:13:47.540859711Z   category: 'combined_reaction',
2026-03-13T00:13:47.540862531Z   value: 1,
2026-03-13T00:13:47.540864351Z   colorName: 'None',
2026-03-13T00:13:47.540866121Z   mood: 'None',
2026-03-13T00:13:47.540868171Z   colorRgba: 'transparent',
2026-03-13T00:13:47.540869941Z   reactionLabel: 'None',
2026-03-13T00:13:47.540871621Z   note: 'None',
2026-03-13T00:13:47.540873342Z   trackId: 'trk_1773359643288',
2026-03-13T00:13:47.540875092Z   trackTitle: 'Track 4'
2026-03-13T00:13:47.540876772Z }
2026-03-13T00:13:48.034428176Z Recorded event: {
2026-03-13T00:13:48.034449927Z   id: '8af608f8-e043-4cdf-b7f3-2f5cea114655',
2026-03-13T00:13:48.034453517Z   sessionId: 'ee1ba237-04bd-4e4e-a2b9-e4cb17ea9cd5',
2026-03-13T00:13:48.034455777Z   userId: 'anon_1773357847698_fca6b6158cc838@anonymous.local',
2026-03-13T00:13:48.034457857Z   userName: 'Anonymous',
2026-03-13T00:13:48.034460538Z   mockIp: '186.52.152.250',
2026-03-13T00:13:48.034462558Z   timestamp: '2026-03-13T00:13:47.637Z',
2026-03-13T00:13:48.034464648Z   category: 'reaction',
2026-03-13T00:13:48.034467028Z   value: 'applause',
2026-03-13T00:13:48.034469208Z   trackId: 'trk_1773359643288',
2026-03-13T00:13:48.034471358Z   trackTitle: 'Track 4'
2026-03-13T00:13:48.034473548Z }
2026-03-13T00:13:48.87493882Z Recorded event: {
2026-03-13T00:13:48.874966181Z   id: 'fe7b63d4-d1fa-4220-9b50-7e3a5c403d57',
2026-03-13T00:13:48.874969762Z   sessionId: '1c4a9671-5d71-4a4a-ab08-169838400a23',
2026-03-13T00:13:48.874972452Z   userId: 'anon_1773357342171_da4ead55ec82b@anonymous.local',
2026-03-13T00:13:48.874974692Z   userName: 'Anonymous',
2026-03-13T00:13:48.874977672Z   mockIp: '240.97.253.23',
2026-03-13T00:13:48.874980302Z   timestamp: '2026-03-13T00:13:48.759Z',
2026-03-13T00:13:48.874982513Z   category: 'combined_reaction',
2026-03-13T00:13:48.874984653Z   value: 1,
2026-03-13T00:13:48.874986753Z   colorName: 'None',
2026-03-13T00:13:48.874988843Z   mood: 'None',
2026-03-13T00:13:48.874990983Z   colorRgba: 'transparent',
2026-03-13T00:13:48.874993013Z   reactionLabel: 'None',
2026-03-13T00:13:48.874995193Z   note: 'None',
2026-03-13T00:13:48.874997273Z   trackId: 'trk_1773359643288',
2026-03-13T00:13:48.874999423Z   trackTitle: 'Track 4'
2026-03-13T00:13:48.875001444Z }
2026-03-13T00:13:50.264561781Z Recorded event: {
2026-03-13T00:13:50.264592983Z   id: 'c4152c72-d8b0-40f5-8050-21cb39d7bc69',
2026-03-13T00:13:50.264596643Z   sessionId: '1c4a9671-5d71-4a4a-ab08-169838400a23',
2026-03-13T00:13:50.264599093Z   userId: 'anon_1773357342171_da4ead55ec82b@anonymous.local',
2026-03-13T00:13:50.264601634Z   userName: 'Anonymous',
2026-03-13T00:13:50.264604604Z   mockIp: '240.97.253.23',
2026-03-13T00:13:50.264607024Z   timestamp: '2026-03-13T00:13:50.159Z',
2026-03-13T00:13:50.264609224Z   category: 'combined_reaction',
2026-03-13T00:13:50.264611584Z   value: 1,
2026-03-13T00:13:50.264613934Z   colorName: 'None',
2026-03-13T00:13:50.264616285Z   mood: 'None',
2026-03-13T00:13:50.264618655Z   colorRgba: 'transparent',
2026-03-13T00:13:50.264620875Z   reactionLabel: 'None',
2026-03-13T00:13:50.264623095Z   note: 'None',
2026-03-13T00:13:50.264625325Z   trackId: 'trk_1773359643288',
2026-03-13T00:13:50.264627465Z   trackTitle: 'Track 4'
2026-03-13T00:13:50.264629665Z }
2026-03-13T00:13:51.767656913Z Archived previous session to /opt/render/project/src/archives/archive_1773360831690.tar.gz
2026-03-13T00:13:51.768715278Z Prometheus metrics, events array, track history, and log files archived and reset via API
2026-03-13T00:14:03.60029125Z Recorded event: {
2026-03-13T00:14:03.600313622Z   id: 'a0173119-ff30-4162-862b-ebc933d91b01',
2026-03-13T00:14:03.600318852Z   sessionId: '46e3d5fc-084f-451e-88b7-fbe9e46b2b49',
2026-03-13T00:14:03.600323422Z   userId: 'slogs.hasty1f@icloud.com',
2026-03-13T00:14:03.600327442Z   userName: 'Sofia',
2026-03-13T00:14:03.600331893Z   mockIp: '174.20.164.170',
2026-03-13T00:14:03.600335943Z   timestamp: '2026-03-13T00:14:03.459Z',
2026-03-13T00:14:03.600443749Z   category: 'note_skip',
2026-03-13T00:14:03.60045052Z   value: 'skipped',
2026-03-13T00:14:03.6004547Z   trackId: 'trk_1773359643288'
2026-03-13T00:14:03.60045877Z }
2026-03-13T00:14:05.583593883Z Recorded event: {
2026-03-13T00:14:05.583615865Z   id: '77dfc85c-41f6-44d1-87f6-f1509c868edb',
2026-03-13T00:14:05.583620125Z   sessionId: '1c4a9671-5d71-4a4a-ab08-169838400a23',
2026-03-13T00:14:05.583623065Z   userId: 'anon_1773357342171_da4ead55ec82b@anonymous.local',
2026-03-13T00:14:05.583625945Z   userName: 'Anonymous',
2026-03-13T00:14:05.583629435Z   mockIp: '240.97.253.23',
2026-03-13T00:14:05.583632226Z   timestamp: '2026-03-13T00:14:05.480Z',
2026-03-13T00:14:05.583635356Z   category: 'note_skip',
2026-03-13T00:14:05.583638276Z   value: 'skipped',
2026-03-13T00:14:05.583641626Z   trackId: 'trk_1773359643288'
2026-03-13T00:14:05.583644496Z }
2026-03-13T00:14:06.042274578Z Recorded event: {
2026-03-13T00:14:06.042302649Z   id: 'b968e96a-7d90-44a2-829c-70e5430f679b',
2026-03-13T00:14:06.04230889Z   sessionId: 'a224eb29-cf13-41c2-a9c9-c4069b623d06',
2026-03-13T00:14:06.04231362Z   userId: 'wes.lipschultz@gmail.com',
2026-03-13T00:14:06.04231782Z   userName: 'Wes',
2026-03-13T00:14:06.042322371Z   mockIp: '103.215.180.217',
2026-03-13T00:14:06.042326281Z   timestamp: '2026-03-13T00:14:05.666Z',
2026-03-13T00:14:06.042330771Z   category: 'note_skip',
2026-03-13T00:14:06.042334831Z   value: 'skipped',
2026-03-13T00:14:06.042338832Z   trackId: 'trk_1773359643288'
2026-03-13T00:14:06.042342772Z }
2026-03-13T00:14:14.231134446Z [Track] Auto-ending current track trk_1773360834111 before starting new one.
2026-03-13T00:14:14.231219821Z [Watcher] Track End! Active Users: 13 (Total Connected: 13)
2026-03-13T00:14:14.231279645Z [Watcher] Started waiting on 13 users for trk_1773360834111.
2026-03-13T00:14:21.084011611Z Recorded event: {
2026-03-13T00:14:21.084036443Z   id: '5ac0e90b-717e-404a-918f-f6fecbabd99c',
2026-03-13T00:14:21.084041733Z   sessionId: '46e3d5fc-084f-451e-88b7-fbe9e46b2b49',
2026-03-13T00:14:21.084046054Z   userId: 'slogs.hasty1f@icloud.com',
2026-03-13T00:14:21.084049964Z   userName: 'Sofia',
2026-03-13T00:14:21.084054484Z   mockIp: '174.20.164.170',
2026-03-13T00:14:21.084058364Z   timestamp: '2026-03-13T00:14:20.981Z',
2026-03-13T00:14:21.084062235Z   category: 'note_skip',
2026-03-13T00:14:21.084066015Z   value: 'skipped',
2026-03-13T00:14:21.084069995Z   trackId: 'trk_1773360834111'
2026-03-13T00:14:21.084073735Z }
2026-03-13T00:14:21.084077446Z [Watcher] Progress for trk_1773360834111: 1 / 13
2026-03-13T00:14:25.619136687Z Recorded event: {
2026-03-13T00:14:25.619165109Z   id: '421524b0-a95d-430e-a0e2-78d9eccb904e',
2026-03-13T00:14:25.619171869Z   sessionId: '1c4a9671-5d71-4a4a-ab08-169838400a23',
2026-03-13T00:14:25.619177709Z   userId: 'anon_1773357342171_da4ead55ec82b@anonymous.local',
2026-03-13T00:14:25.6191836Z   userName: 'Anonymous',
2026-03-13T00:14:25.61919052Z   mockIp: '240.97.253.23',
2026-03-13T00:14:25.619196521Z   timestamp: '2026-03-13T00:14:25.506Z',
2026-03-13T00:14:25.619201781Z   category: 'note_skip',
2026-03-13T00:14:25.619225132Z   value: 'skipped',
2026-03-13T00:14:25.619228532Z   trackId: 'trk_1773360834111'
2026-03-13T00:14:25.619231533Z }
2026-03-13T00:14:25.619234763Z [Watcher] Progress for trk_1773360834111: 2 / 13
2026-03-13T00:14:28.795207055Z Recorded event: {
2026-03-13T00:14:28.795229877Z   id: '4b53367a-e7a4-4b51-aaee-f6659b6c9cf1',
2026-03-13T00:14:28.795234137Z   sessionId: '1c4a9671-5d71-4a4a-ab08-169838400a23',
2026-03-13T00:14:28.795237007Z   userId: 'anon_1773357342171_da4ead55ec82b@anonymous.local',
2026-03-13T00:14:28.795239957Z   userName: 'Anonymous',
2026-03-13T00:14:28.795243468Z   mockIp: '240.97.253.23',
2026-03-13T00:14:28.795246208Z   timestamp: '2026-03-13T00:14:28.675Z',
2026-03-13T00:14:28.795249158Z   category: 'color',
2026-03-13T00:14:28.795251578Z   value: 'Orange',
2026-03-13T00:14:28.795254208Z   colorRgba: '#ffaa00',
2026-03-13T00:14:28.795256738Z   trackId: 'trk_1773360854231',
2026-03-13T00:14:28.795259289Z   trackTitle: 'Track 1'
2026-03-13T00:14:28.795261798Z }
2026-03-13T00:14:31.283335336Z Recorded event: {
2026-03-13T00:14:31.283375499Z   id: '6cf777c0-5071-4259-a8d6-bac098331d95',
2026-03-13T00:14:31.283382549Z   sessionId: '1c4a9671-5d71-4a4a-ab08-169838400a23',
2026-03-13T00:14:31.283387389Z   userId: 'anon_1773357342171_da4ead55ec82b@anonymous.local',
2026-03-13T00:14:31.28339205Z   userName: 'Anonymous',
2026-03-13T00:14:31.28339807Z   mockIp: '240.97.253.23',
2026-03-13T00:14:31.283402721Z   timestamp: '2026-03-13T00:14:31.175Z',
2026-03-13T00:14:31.283406991Z   category: 'mood',
2026-03-13T00:14:31.283411081Z   value: 'Joy',
2026-03-13T00:14:31.283415761Z   trackId: 'trk_1773360854231',
2026-03-13T00:14:31.283420351Z   trackTitle: 'Track 1'
2026-03-13T00:14:31.283424862Z }
2026-03-13T00:14:33.198410186Z Recorded event: {
2026-03-13T00:14:33.198435788Z   id: '0e3434da-efb8-4e56-bc18-8185a8f989ac',
2026-03-13T00:14:33.198440448Z   sessionId: '1c4a9671-5d71-4a4a-ab08-169838400a23',
2026-03-13T00:14:33.198443348Z   userId: 'anon_1773357342171_da4ead55ec82b@anonymous.local',
2026-03-13T00:14:33.198446558Z   userName: 'Anonymous',
2026-03-13T00:14:33.198452179Z   mockIp: '240.97.253.23',
2026-03-13T00:14:33.198455109Z   timestamp: '2026-03-13T00:14:33.094Z',
2026-03-13T00:14:33.198457999Z   category: 'reaction',
2026-03-13T00:14:33.198461059Z   value: 'applause',
2026-03-13T00:14:33.198463879Z   trackId: 'trk_1773360854231',
2026-03-13T00:14:33.19846672Z   trackTitle: 'Track 1'
2026-03-13T00:14:33.19846956Z }
2026-03-13T00:14:33.782393165Z Recorded event: {
2026-03-13T00:14:33.782417126Z   id: '39efdad4-ffcb-46c5-81c7-3a90dd121453',
2026-03-13T00:14:33.782421487Z   sessionId: 'a224eb29-cf13-41c2-a9c9-c4069b623d06',
2026-03-13T00:14:33.782424517Z   userId: 'wes.lipschultz@gmail.com',
2026-03-13T00:14:33.782427437Z   userName: 'Wes',
2026-03-13T00:14:33.782430857Z   mockIp: '103.215.180.217',
2026-03-13T00:14:33.782433638Z   timestamp: '2026-03-13T00:14:33.663Z',
2026-03-13T00:14:33.782436988Z   category: 'note',
2026-03-13T00:14:33.782439848Z   value: 'Expansive',
2026-03-13T00:14:33.782442628Z   trackId: 'trk_1773360834111'
2026-03-13T00:14:33.782445438Z }
2026-03-13T00:14:33.782448348Z [Watcher] Progress for trk_1773360834111: 3 / 13
2026-03-13T00:14:34.705603813Z Recorded event: {
2026-03-13T00:14:34.705626235Z   id: '23a9c6c1-a3f0-4717-9af5-57c64dcf868e',
2026-03-13T00:14:34.705631405Z   sessionId: '3fcd79e7-d772-44f1-a44f-eec979e1c94b',
2026-03-13T00:14:34.705635715Z   userId: 'maeganmarlow@icloud.com',
2026-03-13T00:14:34.705640356Z   userName: 'Maegan',
2026-03-13T00:14:34.705653026Z   mockIp: '68.210.113.118',
2026-03-13T00:14:34.705654947Z   timestamp: '2026-03-13T00:14:34.626Z',
2026-03-13T00:14:34.705656627Z   category: 'note',
2026-03-13T00:14:34.705658367Z   value: 'Lovely 😌',
2026-03-13T00:14:34.705660147Z   trackId: 'trk_1773360834111'
2026-03-13T00:14:34.705662887Z }
2026-03-13T00:14:34.705666067Z [Watcher] Progress for trk_1773360834111: 4 / 13
2026-03-13T00:14:34.95374711Z Recorded event: {
2026-03-13T00:14:34.953768011Z   id: '04961ca5-e25f-4df8-901d-4287d6392a62',
2026-03-13T00:14:34.953772001Z   sessionId: '6f480150-740d-4d8f-aecb-14e74d49b9cf',
2026-03-13T00:14:34.953774581Z   userId: 'laura_f4476f2e@participant.local',
2026-03-13T00:14:34.953777151Z   userName: 'Laura',
2026-03-13T00:14:34.953779982Z   mockIp: '80.12.98.2',
2026-03-13T00:14:34.953782572Z   timestamp: '2026-03-13T00:14:34.844Z',
2026-03-13T00:14:34.953785122Z   category: 'note',
2026-03-13T00:14:34.953788002Z   value: 'Reclining',
2026-03-13T00:14:34.953791162Z   trackId: 'trk_1773360834111'
2026-03-13T00:14:34.953797113Z }
2026-03-13T00:14:34.953800323Z [Watcher] Progress for trk_1773360834111: 5 / 13
2026-03-13T00:14:38.270067987Z Recorded event: {
2026-03-13T00:14:38.270096808Z   id: 'f0374e88-8e5a-437e-9ebf-0e921d391c6c',
2026-03-13T00:14:38.270102709Z   sessionId: '3fcd79e7-d772-44f1-a44f-eec979e1c94b',
2026-03-13T00:14:38.270107379Z   userId: 'maeganmarlow@icloud.com',
2026-03-13T00:14:38.270111499Z   userName: 'Maegan',
2026-03-13T00:14:38.27011632Z   mockIp: '68.210.113.118',
2026-03-13T00:14:38.27012077Z   timestamp: '2026-03-13T00:14:38.013Z',
2026-03-13T00:14:38.27012482Z   category: 'reaction',
2026-03-13T00:14:38.27012932Z   value: 'like',
2026-03-13T00:14:38.270133441Z   trackId: 'trk_1773360854231',
2026-03-13T00:14:38.270137681Z   trackTitle: 'Track 1'
2026-03-13T00:14:38.270141601Z }
2026-03-13T00:14:38.829321365Z Recorded event: {
2026-03-13T00:14:38.829357758Z   id: '760f409a-4a14-4b46-acc8-a40780c05c1e',
2026-03-13T00:14:38.829363678Z   sessionId: '23d5d338-de06-4906-a5e8-18f5160124f0',
2026-03-13T00:14:38.829368428Z   userId: 'anon_1773358674682_f70b3b25bd532@anonymous.local',
2026-03-13T00:14:38.829373039Z   userName: 'Anonymous',
2026-03-13T00:14:38.829377849Z   mockIp: '61.50.62.208',
2026-03-13T00:14:38.829381789Z   timestamp: '2026-03-13T00:14:38.721Z',
2026-03-13T00:14:38.829385989Z   category: 'color',
2026-03-13T00:14:38.829390229Z   value: 'Purple',
2026-03-13T00:14:38.82939457Z   colorRgba: '#aa00ff',
2026-03-13T00:14:38.82939902Z   trackId: 'trk_1773360854231',
2026-03-13T00:14:38.82940342Z   trackTitle: 'Track 1'
2026-03-13T00:14:38.82940759Z }
2026-03-13T00:14:40.864876445Z Recorded event: {
2026-03-13T00:14:40.864914628Z   id: '75ff3860-15da-42b6-9a34-512fc2c92c87',
2026-03-13T00:14:40.864920198Z   sessionId: '6f480150-740d-4d8f-aecb-14e74d49b9cf',
2026-03-13T00:14:40.864925128Z   userId: 'laura_f4476f2e@participant.local',
2026-03-13T00:14:40.864929738Z   userName: 'Laura',
2026-03-13T00:14:40.864934389Z   mockIp: '80.12.98.2',
2026-03-13T00:14:40.864939089Z   timestamp: '2026-03-13T00:14:40.756Z',
2026-03-13T00:14:40.864943479Z   category: 'color',
2026-03-13T00:14:40.86495157Z   value: 'Violet',
2026-03-13T00:14:40.86495582Z   colorRgba: '#8000ff',
2026-03-13T00:14:40.86496089Z   trackId: 'trk_1773360854231',
2026-03-13T00:14:40.864965191Z   trackTitle: 'Track 1'
2026-03-13T00:14:40.864969631Z }
2026-03-13T00:14:42.036243141Z Recorded event: {
2026-03-13T00:14:42.036267313Z   id: '683344e7-52e0-427c-8caa-d10572fad1d7',
2026-03-13T00:14:42.036283124Z   sessionId: '23d5d338-de06-4906-a5e8-18f5160124f0',
2026-03-13T00:14:42.036285184Z   userId: 'anon_1773358674682_f70b3b25bd532@anonymous.local',
2026-03-13T00:14:42.036287014Z   userName: 'Anonymous',
2026-03-13T00:14:42.036289274Z   mockIp: '61.50.62.208',
2026-03-13T00:14:42.036291014Z   timestamp: '2026-03-13T00:14:41.914Z',
2026-03-13T00:14:42.036292864Z   category: 'color',
2026-03-13T00:14:42.036294544Z   value: 'Violet',
2026-03-13T00:14:42.036296204Z   colorRgba: '#8000ff',
2026-03-13T00:14:42.036297855Z   trackId: 'trk_1773360854231',
2026-03-13T00:14:42.036299575Z   trackTitle: 'Track 1'
2026-03-13T00:14:42.036301265Z }
2026-03-13T00:14:44.231594792Z [Watcher] Timeout reached for trk_1773360834111, triggering automated generation.
2026-03-13T00:14:44.231613363Z Triggering automated story + image generation cycle for trk_1773360834111
2026-03-13T00:14:44.231617413Z Generating story specifically for track trk_1773360834111...
2026-03-13T00:14:44.231785734Z Aggregated trackData keys: 3
2026-03-13T00:14:44.231794444Z Preparing prompts for track trk_1773360834111 - "Track 1" /show/update "active"
2026-03-13T00:14:44.326542231Z Failed to generate story for "Track 1" /show/update "active": Error: Story API returned 400: {
2026-03-13T00:14:44.326566213Z   "error": {
2026-03-13T00:14:44.326569423Z     "code": 400,
2026-03-13T00:14:44.326572793Z     "message": "API key not valid. Please pass a valid API key.",
2026-03-13T00:14:44.326575963Z     "status": "INVALID_ARGUMENT",
2026-03-13T00:14:44.326578673Z     "details": [
2026-03-13T00:14:44.326580953Z       {
2026-03-13T00:14:44.326584014Z         "@type": "type.googleapis.com/google.rpc.ErrorInfo",
2026-03-13T00:14:44.326586444Z         "reason": "API_KEY_INVALID",
2026-03-13T00:14:44.326589054Z         "domain": "googleapis.com",
2026-03-13T00:14:44.326591974Z         "metadata": {
2026-03-13T00:14:44.326594605Z           "service": "generativelanguage.googleapis.com"
2026-03-13T00:14:44.326597165Z         }
2026-03-13T00:14:44.326599555Z       },
2026-03-13T00:14:44.326601995Z       {
2026-03-13T00:14:44.326604685Z         "@type": "type.googleapis.com/google.rpc.LocalizedMessage",
2026-03-13T00:14:44.326608345Z         "locale": "en-US",
2026-03-13T00:14:44.326611086Z         "message": "API key not valid. Please pass a valid API key."
2026-03-13T00:14:44.326612826Z       }
2026-03-13T00:14:44.326614856Z     ]
2026-03-13T00:14:44.326616716Z   }
2026-03-13T00:14:44.326618426Z }
2026-03-13T00:14:44.326620026Z 
2026-03-13T00:14:44.326621726Z     at IncomingMessage.<anonymous> (/opt/render/project/src/server.js:647:28)
2026-03-13T00:14:44.326623546Z     at IncomingMessage.emit (node:events:531:35)
2026-03-13T00:14:44.326625296Z     at endReadableNT (node:internal/streams/readable:1698:12)
2026-03-13T00:14:44.326627136Z     at process.processTicksAndRejections (node:internal/process/task_queues:90:21)
2026-03-13T00:14:44.457089905Z Recorded event: {
2026-03-13T00:14:44.457118777Z   id: '3c781ebe-3000-4d11-bc87-78ddbd41aa7d',
2026-03-13T00:14:44.457124047Z   sessionId: 'ee1ba237-04bd-4e4e-a2b9-e4cb17ea9cd5',
2026-03-13T00:14:44.457125997Z   userId: 'anon_1773357847698_fca6b6158cc838@anonymous.local',
2026-03-13T00:14:44.457128057Z   userName: 'Anonymous',
2026-03-13T00:14:44.457130597Z   mockIp: '186.52.152.250',
2026-03-13T00:14:44.457132347Z   timestamp: '2026-03-13T00:14:44.381Z',
2026-03-13T00:14:44.457134058Z   category: 'note_skip',
2026-03-13T00:14:44.457135718Z   value: 'skipped',
2026-03-13T00:14:44.457137418Z   trackId: 'trk_1773360834111'
2026-03-13T00:14:44.457139188Z }
2026-03-13T00:14:44.893072705Z Recorded event: {
2026-03-13T00:14:44.893094126Z   id: 'e748dd00-2e5e-41a5-82de-7d58c652666e',
2026-03-13T00:14:44.893097846Z   sessionId: 'dc736953-07bd-42c7-ab17-c1e0fc95eba0',
2026-03-13T00:14:44.893100606Z   userId: 'elycemairn@gmail.com',
2026-03-13T00:14:44.893103576Z   userName: 'Elyce',
2026-03-13T00:14:44.893107377Z   mockIp: '227.167.223.35',
2026-03-13T00:14:44.893110027Z   timestamp: '2026-03-13T00:14:44.777Z',
2026-03-13T00:14:44.893111727Z   category: 'note_skip',
2026-03-13T00:14:44.893113467Z   value: 'skipped',
2026-03-13T00:14:44.893115207Z   trackId: 'trk_1773360834111'
2026-03-13T00:14:44.893116887Z }
2026-03-13T00:14:44.959495062Z Recorded event: {
2026-03-13T00:14:44.959520143Z   id: '99ba8762-037c-4124-81bd-2e65f1a7ab12',
2026-03-13T00:14:44.959524253Z   sessionId: '10cd24dc-0d59-4624-89c6-1dc55b41a1b8',
2026-03-13T00:14:44.959564186Z   userId: 'lilyquay_a127efbb@participant.local',
2026-03-13T00:14:44.959569216Z   userName: 'Lily Quay',
2026-03-13T00:14:44.959571646Z   mockIp: '230.158.227.21',
2026-03-13T00:14:44.959573926Z   timestamp: '2026-03-13T00:14:44.850Z',
2026-03-13T00:14:44.959575656Z   category: 'note_skip',
2026-03-13T00:14:44.959577327Z   value: 'skipped',
2026-03-13T00:14:44.959579097Z   trackId: 'trk_1773360834111'
2026-03-13T00:14:44.959580897Z }
2026-03-13T00:14:45.179394193Z Recorded event: {
2026-03-13T00:14:45.179419984Z   id: 'a3c5ec2f-5e75-4549-97c1-ec13a1f09dfd',
2026-03-13T00:14:45.179424195Z   sessionId: '23d5d338-de06-4906-a5e8-18f5160124f0',
2026-03-13T00:14:45.179427065Z   userId: 'anon_1773358674682_f70b3b25bd532@anonymous.local',
2026-03-13T00:14:45.179430065Z   userName: 'Anonymous',
2026-03-13T00:14:45.179433315Z   mockIp: '61.50.62.208',
2026-03-13T00:14:45.179436025Z   timestamp: '2026-03-13T00:14:44.992Z',
2026-03-13T00:14:45.179439425Z   category: 'color',
2026-03-13T00:14:45.179442046Z   value: 'Amethyst',
2026-03-13T00:14:45.179444936Z   colorRgba: '#d400ff',
2026-03-13T00:14:45.179447626Z   trackId: 'trk_1773360854231',
2026-03-13T00:14:45.179450206Z   trackTitle: 'Track 1'
2026-03-13T00:14:45.179464597Z }
2026-03-13T00:14:46.415922329Z Recorded event: {
2026-03-13T00:14:46.415946141Z   id: 'ee9b3def-1918-4930-a202-90fca26e2d08',
2026-03-13T00:14:46.415951871Z   sessionId: '6f480150-740d-4d8f-aecb-14e74d49b9cf',
2026-03-13T00:14:46.415956271Z   userId: 'laura_f4476f2e@participant.local',
2026-03-13T00:14:46.415960622Z   userName: 'Laura',
2026-03-13T00:14:46.415965332Z   mockIp: '80.12.98.2',
2026-03-13T00:14:46.415969762Z   timestamp: '2026-03-13T00:14:46.315Z',
2026-03-13T00:14:46.415974342Z   category: 'mood',
2026-03-13T00:14:46.415979313Z   value: 'Mystery',
2026-03-13T00:14:46.415984253Z   trackId: 'trk_1773360854231',
2026-03-13T00:14:46.415988823Z   trackTitle: 'Track 1'
2026-03-13T00:14:46.415993084Z }
2026-03-13T00:14:46.546211687Z Recorded event: {
2026-03-13T00:14:46.546242039Z   id: '6264b192-5c73-4ece-9af5-4b221804f1da',
2026-03-13T00:14:46.546249649Z   sessionId: 'a224eb29-cf13-41c2-a9c9-c4069b623d06',
2026-03-13T00:14:46.54625555Z   userId: 'wes.lipschultz@gmail.com',
2026-03-13T00:14:46.54626118Z   userName: 'Wes',
2026-03-13T00:14:46.546267511Z   mockIp: '103.215.180.217',
2026-03-13T00:14:46.546271221Z   timestamp: '2026-03-13T00:14:46.432Z',
2026-03-13T00:14:46.546274711Z   category: 'color',
2026-03-13T00:14:46.546278221Z   value: 'Capri',
2026-03-13T00:14:46.546281782Z   colorRgba: '#00aaff',
2026-03-13T00:14:46.546285332Z   trackId: 'trk_1773360854231',
2026-03-13T00:14:46.546288952Z   trackTitle: 'Track 1'
2026-03-13T00:14:46.546324064Z }
2026-03-13T00:14:48.841939489Z Recorded event: {
2026-03-13T00:14:48.841971911Z   id: 'f2c03c63-d532-4f0e-8a73-c512ac62610a',
2026-03-13T00:14:48.841976892Z   sessionId: '6f480150-740d-4d8f-aecb-14e74d49b9cf',
2026-03-13T00:14:48.841979462Z   userId: 'laura_f4476f2e@participant.local',
2026-03-13T00:14:48.841982092Z   userName: 'Laura',
2026-03-13T00:14:48.841984782Z   mockIp: '80.12.98.2',
2026-03-13T00:14:48.841987903Z   timestamp: '2026-03-13T00:14:48.712Z',
2026-03-13T00:14:48.841990503Z   category: 'reaction',
2026-03-13T00:14:48.841993123Z   value: 'like',
2026-03-13T00:14:48.841996523Z   trackId: 'trk_1773360854231',
2026-03-13T00:14:48.841999323Z   trackTitle: 'Track 1'
2026-03-13T00:14:48.842001813Z }
2026-03-13T00:14:51.16038369Z Recorded event: {
2026-03-13T00:14:51.160405041Z   id: '874067b6-0a7b-416b-b271-3335b5209904',
2026-03-13T00:14:51.160409001Z   sessionId: '3fcd79e7-d772-44f1-a44f-eec979e1c94b',
2026-03-13T00:14:51.160411481Z   userId: 'maeganmarlow@icloud.com',
2026-03-13T00:14:51.160414162Z   userName: 'Maegan',
2026-03-13T00:14:51.160417082Z   mockIp: '68.210.113.118',
2026-03-13T00:14:51.160419412Z   timestamp: '2026-03-13T00:14:51.077Z',
2026-03-13T00:14:51.160421752Z   category: 'mood',
2026-03-13T00:14:51.160424062Z   value: 'Mystery',
2026-03-13T00:14:51.160426602Z   trackId: 'trk_1773360854231',
2026-03-13T00:14:51.160428973Z   trackTitle: 'Track 1'
2026-03-13T00:14:51.160431293Z }
2026-03-13T00:14:51.677552048Z Recorded event: {
2026-03-13T00:14:51.67758198Z   id: 'fa742285-6d6e-4a4a-9ab6-ae24ed674ad1',
2026-03-13T00:14:51.67758662Z   sessionId: 'a224eb29-cf13-41c2-a9c9-c4069b623d06',
2026-03-13T00:14:51.677589881Z   userId: 'wes.lipschultz@gmail.com',
2026-03-13T00:14:51.677592841Z   userName: 'Wes',
2026-03-13T00:14:51.677596351Z   mockIp: '103.215.180.217',
2026-03-13T00:14:51.677599151Z   timestamp: '2026-03-13T00:14:51.558Z',
2026-03-13T00:14:51.677602011Z   category: 'mood',
2026-03-13T00:14:51.677606582Z   value: 'Mystery',
2026-03-13T00:14:51.677611582Z   trackId: 'trk_1773360854231',
2026-03-13T00:14:51.677616032Z   trackTitle: 'Track 1'
2026-03-13T00:14:51.677620323Z }
2026-03-13T00:14:53.824094639Z Recorded event: {
2026-03-13T00:14:53.824120841Z   id: '4abbce6a-3904-44e8-9629-b6d3378b9420',
2026-03-13T00:14:53.824127411Z   sessionId: '3fcd79e7-d772-44f1-a44f-eec979e1c94b',
2026-03-13T00:14:53.824132052Z   userId: 'maeganmarlow@icloud.com',
2026-03-13T00:14:53.824136132Z   userName: 'Maegan',
2026-03-13T00:14:53.824141912Z   mockIp: '68.210.113.118',
2026-03-13T00:14:53.824146202Z   timestamp: '2026-03-13T00:14:53.746Z',
2026-03-13T00:14:53.824151343Z   category: 'combined_reaction',
2026-03-13T00:14:53.824155833Z   value: 2,
2026-03-13T00:14:53.824160243Z   colorName: 'None',
2026-03-13T00:14:53.824164514Z   mood: 'Mystery',
2026-03-13T00:14:53.824168484Z   colorRgba: 'transparent',
2026-03-13T00:14:53.824172624Z   reactionLabel: 'like',
2026-03-13T00:14:53.824176874Z   note: 'None',
2026-03-13T00:14:53.824181115Z   trackId: 'trk_1773360854231',
2026-03-13T00:14:53.824185345Z   trackTitle: 'Track 1'
2026-03-13T00:14:53.824189335Z }
2026-03-13T00:14:54.281510188Z Recorded event: {
2026-03-13T00:14:54.281577342Z   id: 'f51160d4-3e8e-496b-9688-de6808942cfc',
2026-03-13T00:14:54.281586163Z   sessionId: '6f480150-740d-4d8f-aecb-14e74d49b9cf',
2026-03-13T00:14:54.281589833Z   userId: 'laura_f4476f2e@participant.local',
2026-03-13T00:14:54.281593663Z   userName: 'Laura',
2026-03-13T00:14:54.281597544Z   mockIp: '80.12.98.2',
2026-03-13T00:14:54.281613755Z   timestamp: '2026-03-13T00:14:54.158Z',
2026-03-13T00:14:54.281616745Z   category: 'combined_reaction',
2026-03-13T00:14:54.281618905Z   value: 2,
2026-03-13T00:14:54.281634026Z   colorName: 'Violet',
2026-03-13T00:14:54.281636386Z   mood: 'Mystery',
2026-03-13T00:14:54.281638556Z   colorRgba: '#8000ff',
2026-03-13T00:14:54.281640706Z   reactionLabel: 'like',
2026-03-13T00:14:54.281642806Z   note: 'None',
2026-03-13T00:14:54.281644926Z   trackId: 'trk_1773360854231',
2026-03-13T00:14:54.281647417Z   trackTitle: 'Track 1'
2026-03-13T00:14:54.281649677Z }
2026-03-13T00:14:54.88123022Z Recorded event: {
2026-03-13T00:14:54.881259901Z   id: 'c9248aa3-56c8-470d-8e28-fc023c09d384',
2026-03-13T00:14:54.881263331Z   sessionId: '10cd24dc-0d59-4624-89c6-1dc55b41a1b8',
2026-03-13T00:14:54.881265231Z   userId: 'lilyquay_a127efbb@participant.local',
2026-03-13T00:14:54.881267352Z   userName: 'Lily Quay',
2026-03-13T00:14:54.881269742Z   mockIp: '230.158.227.21',
2026-03-13T00:14:54.881271472Z   timestamp: '2026-03-13T00:14:54.730Z',
2026-03-13T00:14:54.881273142Z   category: 'color',
2026-03-13T00:14:54.881274802Z   value: 'Deep Orange',
2026-03-13T00:14:54.881276462Z   colorRgba: '#ff8000',
2026-03-13T00:14:54.881278242Z   trackId: 'trk_1773360854231',
2026-03-13T00:14:54.881279943Z   trackTitle: 'Track 1'
2026-03-13T00:14:54.881281723Z }
2026-03-13T00:14:55.957121585Z Recorded event: {
2026-03-13T00:14:55.957150257Z   id: 'd8e245f5-d89e-46b0-8838-6cadc0dd000d',
2026-03-13T00:14:55.957153827Z   sessionId: 'a224eb29-cf13-41c2-a9c9-c4069b623d06',
2026-03-13T00:14:55.957155907Z   userId: 'wes.lipschultz@gmail.com',
2026-03-13T00:14:55.957158337Z   userName: 'Wes',
2026-03-13T00:14:55.957161118Z   mockIp: '103.215.180.217',
2026-03-13T00:14:55.957163248Z   timestamp: '2026-03-13T00:14:55.825Z',
2026-03-13T00:14:55.957165338Z   category: 'combined_reaction',
2026-03-13T00:14:55.957167378Z   value: 1,
2026-03-13T00:14:55.957169398Z   colorName: 'Capri',
2026-03-13T00:14:55.957171378Z   mood: 'Mystery',
2026-03-13T00:14:55.957173678Z   colorRgba: '#00aaff',
2026-03-13T00:14:55.957175678Z   reactionLabel: 'None',
2026-03-13T00:14:55.957177699Z   note: 'None',
2026-03-13T00:14:55.957179709Z   trackId: 'trk_1773360854231',
2026-03-13T00:14:55.957181799Z   trackTitle: 'Track 1'
2026-03-13T00:14:55.957183779Z }
2026-03-13T00:14:56.797383069Z Recorded event: {
2026-03-13T00:14:56.79740237Z   id: '1e83bb56-ec05-4575-833c-61c06ae38e9d',
2026-03-13T00:14:56.79740655Z   sessionId: '3fcd79e7-d772-44f1-a44f-eec979e1c94b',
2026-03-13T00:14:56.79740956Z   userId: 'maeganmarlow@icloud.com',
2026-03-13T00:14:56.797412361Z   userName: 'Maegan',
2026-03-13T00:14:56.797415531Z   mockIp: '68.210.113.118',
2026-03-13T00:14:56.797418821Z   timestamp: '2026-03-13T00:14:56.720Z',
2026-03-13T00:14:56.797421711Z   category: 'color',
2026-03-13T00:14:56.797424491Z   value: 'Chartreuse',
2026-03-13T00:14:56.797427321Z   colorRgba: '#aaff00',
2026-03-13T00:14:56.797430131Z   trackId: 'trk_1773360854231',
2026-03-13T00:14:56.797432992Z   trackTitle: 'Track 1'
2026-03-13T00:14:56.797435822Z }
2026-03-13T00:14:59.000804545Z Recorded event: {
2026-03-13T00:14:59.000825386Z   id: '16130404-f234-4c13-ae6f-f9e2fafba3ae',
2026-03-13T00:14:59.000830346Z   sessionId: 'a224eb29-cf13-41c2-a9c9-c4069b623d06',
2026-03-13T00:14:59.000834456Z   userId: 'wes.lipschultz@gmail.com',
2026-03-13T00:14:59.000838787Z   userName: 'Wes',
2026-03-13T00:14:59.000843127Z   mockIp: '103.215.180.217',
2026-03-13T00:14:59.000901571Z   timestamp: '2026-03-13T00:14:58.887Z',
2026-03-13T00:14:59.000904671Z   category: 'reaction',
2026-03-13T00:14:59.000906831Z   value: 'like',
2026-03-13T00:14:59.000909361Z   trackId: 'trk_1773360854231',
2026-03-13T00:14:59.000911691Z   trackTitle: 'Track 1'
2026-03-13T00:14:59.000913841Z }
2026-03-13T00:14:59.702293772Z Recorded event: {
2026-03-13T00:14:59.702330084Z   id: 'c7f3cc2e-16d5-4cf7-957e-b7b3315cb46f',
2026-03-13T00:14:59.702335944Z   sessionId: '3fcd79e7-d772-44f1-a44f-eec979e1c94b',
2026-03-13T00:14:59.702338805Z   userId: 'maeganmarlow@icloud.com',
2026-03-13T00:14:59.702341405Z   userName: 'Maegan',
2026-03-13T00:14:59.702345005Z   mockIp: '68.210.113.118',
2026-03-13T00:14:59.702347245Z   timestamp: '2026-03-13T00:14:59.613Z',
2026-03-13T00:14:59.702349965Z   category: 'color',
2026-03-13T00:14:59.702352385Z   value: 'Deep Orange',
2026-03-13T00:14:59.702355036Z   colorRgba: '#ff8000',
2026-03-13T00:14:59.702357626Z   trackId: 'trk_1773360854231',
2026-03-13T00:14:59.702360306Z   trackTitle: 'Track 1'
2026-03-13T00:14:59.702363026Z }