2026-03-13T00:26:00.339281672Z Recorded event: {
2026-03-13T00:26:00.339312934Z   id: 'df4b6d69-6aa0-4fd8-bec8-c80c01fa512b',
2026-03-13T00:26:00.339317745Z   sessionId: 'ee1ba237-04bd-4e4e-a2b9-e4cb17ea9cd5',
2026-03-13T00:26:00.339320155Z   userId: 'anon_1773357847698_fca6b6158cc838@anonymous.local',
2026-03-13T00:26:00.339322685Z   userName: 'Anonymous',
2026-03-13T00:26:00.339325535Z   mockIp: '186.52.152.250',
2026-03-13T00:26:00.339327585Z   timestamp: '2026-03-13T00:26:00.204Z',
2026-03-13T00:26:00.339329615Z   category: 'reaction',
2026-03-13T00:26:00.339331606Z   value: 'applause',
2026-03-13T00:26:00.339333616Z   trackId: 'trk_1773361482537',
2026-03-13T00:26:00.339336016Z   trackTitle: '"Track 3"'
2026-03-13T00:26:00.339338156Z }
2026-03-13T00:26:02.47566533Z Recorded event: {
2026-03-13T00:26:02.475695571Z   id: 'c6831c15-3634-4b15-8fcb-dc5534f90496',
2026-03-13T00:26:02.475698941Z   sessionId: 'c47205ce-764b-4fa1-8fdf-9511ffffeabf',
2026-03-13T00:26:02.475701262Z   userId: 'kevin.young.m@gmail.com',
2026-03-13T00:26:02.475703432Z   userName: 'KMNDR',
2026-03-13T00:26:02.475706042Z   mockIp: '114.143.63.112',
2026-03-13T00:26:02.475707992Z   timestamp: '2026-03-13T00:26:04.033Z',
2026-03-13T00:26:02.475710112Z   category: 'note',
2026-03-13T00:26:02.475715362Z   value: 'Glitch',
2026-03-13T00:26:02.475717713Z   trackId: 'trk_1773361482537',
2026-03-13T00:26:02.475719953Z   trackTitle: '"Track 3"'
2026-03-13T00:26:02.475721993Z }
2026-03-13T00:26:03.058361595Z Recorded event: {
2026-03-13T00:26:03.058387787Z   id: '58eaba2d-015d-4f8a-9fae-ab096c291ab0',
2026-03-13T00:26:03.058391377Z   sessionId: 'd7e12837-bc8b-4194-be04-c5cb0a0da4bb',
2026-03-13T00:26:03.058393757Z   userId: 'anon_1773358685797_7f15bd20b00d8@anonymous.local',
2026-03-13T00:26:03.058395957Z   userName: 'Anonymous',
2026-03-13T00:26:03.058398917Z   mockIp: '97.115.93.67',
2026-03-13T00:26:03.058404338Z   timestamp: '2026-03-13T00:26:02.912Z',
2026-03-13T00:26:03.058406638Z   category: 'mood',
2026-03-13T00:26:03.058408658Z   value: 'Melancholy',
2026-03-13T00:26:03.058410628Z   trackId: 'trk_1773361482537',
2026-03-13T00:26:03.058412829Z   trackTitle: '"Track 3"'
2026-03-13T00:26:03.058414909Z }
2026-03-13T00:26:04.36246414Z Recorded event: {
2026-03-13T00:26:04.362496902Z   id: 'd860a0a3-538d-4bd3-a0f0-5c7cebd0e2aa',
2026-03-13T00:26:04.362501633Z   sessionId: 'c47205ce-764b-4fa1-8fdf-9511ffffeabf',
2026-03-13T00:26:04.362504213Z   userId: 'kevin.young.m@gmail.com',
2026-03-13T00:26:04.362506823Z   userName: 'KMNDR',
2026-03-13T00:26:04.362510323Z   mockIp: '114.143.63.112',
2026-03-13T00:26:04.362512573Z   timestamp: '2026-03-13T00:26:06.043Z',
2026-03-13T00:26:04.362514863Z   category: 'combined_reaction',
2026-03-13T00:26:04.362517324Z   value: 1,
2026-03-13T00:26:04.362519814Z   colorName: 'None',
2026-03-13T00:26:04.362522034Z   mood: 'None',
2026-03-13T00:26:04.362524634Z   colorRgba: 'transparent',
2026-03-13T00:26:04.362565817Z   reactionLabel: 'None',
2026-03-13T00:26:04.362588868Z   note: 'Glitch',
2026-03-13T00:26:04.362592528Z   trackId: 'trk_1773361482537',
2026-03-13T00:26:04.362595319Z   trackTitle: '"Track 3"'
2026-03-13T00:26:04.362597879Z }
2026-03-13T00:26:09.623360979Z Recorded event: {
2026-03-13T00:26:09.623387511Z   id: 'd748f49c-7874-437a-b9dc-f96e7a5fa228',
2026-03-13T00:26:09.623392651Z   sessionId: 'a820f18c-22e4-483a-b615-5dcfe98e6008',
2026-03-13T00:26:09.623397141Z   userId: 'slogs.hasty1f@icloud.com',
2026-03-13T00:26:09.623402532Z   userName: 'Sofia',
2026-03-13T00:26:09.623407672Z   mockIp: '174.20.164.170',
2026-03-13T00:26:09.623411882Z   timestamp: '2026-03-13T00:26:09.388Z',
2026-03-13T00:26:09.623415762Z   category: 'note',
2026-03-13T00:26:09.623419773Z   value: 'Kissyfish',
2026-03-13T00:26:09.623423933Z   trackId: 'trk_1773361482537',
2026-03-13T00:26:09.623428143Z   trackTitle: '"Track 3"'
2026-03-13T00:26:09.623432234Z }
2026-03-13T00:26:11.234217754Z Recorded event: {
2026-03-13T00:26:11.234242005Z   id: '937c88c7-9e61-4fb7-8c94-134e10920c60',
2026-03-13T00:26:11.234247656Z   sessionId: 'a224eb29-cf13-41c2-a9c9-c4069b623d06',
2026-03-13T00:26:11.234252276Z   userId: 'wes.lipschultz@gmail.com',
2026-03-13T00:26:11.234264717Z   userName: 'Wes',
2026-03-13T00:26:11.234268367Z   mockIp: '103.215.180.217',
2026-03-13T00:26:11.234271377Z   timestamp: '2026-03-13T00:26:11.012Z',
2026-03-13T00:26:11.234274298Z   category: 'color',
2026-03-13T00:26:11.234277298Z   value: 'White',
2026-03-13T00:26:11.234280158Z   colorRgba: '#ffffff',
2026-03-13T00:26:11.234282918Z   trackId: 'trk_1773361482537',
2026-03-13T00:26:11.234285788Z   trackTitle: '"Track 3"'
2026-03-13T00:26:11.234288638Z }
2026-03-13T00:26:13.4561711Z Recorded event: {
2026-03-13T00:26:13.456191161Z   id: '94074cf3-70a3-4e47-a923-43fd7545a677',
2026-03-13T00:26:13.456196182Z   sessionId: 'a820f18c-22e4-483a-b615-5dcfe98e6008',
2026-03-13T00:26:13.456200182Z   userId: 'slogs.hasty1f@icloud.com',
2026-03-13T00:26:13.456203992Z   userName: 'Sofia',
2026-03-13T00:26:13.456210202Z   mockIp: '174.20.164.170',
2026-03-13T00:26:13.456214173Z   timestamp: '2026-03-13T00:26:13.071Z',
2026-03-13T00:26:13.456217993Z   category: 'combined_reaction',
2026-03-13T00:26:13.456221973Z   value: 1,
2026-03-13T00:26:13.456225843Z   colorName: 'None',
2026-03-13T00:26:13.456229604Z   mood: 'Confusion',
2026-03-13T00:26:13.456233344Z   colorRgba: 'transparent',
2026-03-13T00:26:13.456237084Z   reactionLabel: 'None',
2026-03-13T00:26:13.456240824Z   note: 'Kissyfish',
2026-03-13T00:26:13.456244445Z   trackId: 'trk_1773361482537',
2026-03-13T00:26:13.456248195Z   trackTitle: '"Track 3"'
2026-03-13T00:26:13.456251965Z }
2026-03-13T00:26:14.79651386Z Recorded event: {
2026-03-13T00:26:14.796563793Z   id: 'ab8b0b23-0346-46be-ba40-b7fff65400e5',
2026-03-13T00:26:14.796573364Z   sessionId: 'a224eb29-cf13-41c2-a9c9-c4069b623d06',
2026-03-13T00:26:14.796576804Z   userId: 'wes.lipschultz@gmail.com',
2026-03-13T00:26:14.796579744Z   userName: 'Wes',
2026-03-13T00:26:14.796583234Z   mockIp: '103.215.180.217',
2026-03-13T00:26:14.796586204Z   timestamp: '2026-03-13T00:26:14.685Z',
2026-03-13T00:26:14.796589005Z   category: 'mood',
2026-03-13T00:26:14.796591845Z   value: 'Joy',
2026-03-13T00:26:14.796594765Z   trackId: 'trk_1773361482537',
2026-03-13T00:26:14.796597685Z   trackTitle: '"Track 3"'
2026-03-13T00:26:14.796600555Z }
2026-03-13T00:26:15.391949225Z Recorded event: {
2026-03-13T00:26:15.392012518Z   id: '58473c6d-f059-4bf8-ad53-62f222978bf4',
2026-03-13T00:26:15.39203988Z   sessionId: 'a820f18c-22e4-483a-b615-5dcfe98e6008',
2026-03-13T00:26:15.39204344Z   userId: 'slogs.hasty1f@icloud.com',
2026-03-13T00:26:15.392046231Z   userName: 'Sofia',
2026-03-13T00:26:15.392049501Z   mockIp: '174.20.164.170',
2026-03-13T00:26:15.392051901Z   timestamp: '2026-03-13T00:26:15.306Z',
2026-03-13T00:26:15.392054041Z   category: 'reaction',
2026-03-13T00:26:15.392056521Z   value: 'meh',
2026-03-13T00:26:15.392059371Z   trackId: 'trk_1773361482537',
2026-03-13T00:26:15.392062421Z   trackTitle: '"Track 3"'
2026-03-13T00:26:15.392065292Z }
2026-03-13T00:26:16.538932553Z Recorded event: {
2026-03-13T00:26:16.538958804Z   id: '27c34db7-3e10-4fd1-adcc-220dcc22a50d',
2026-03-13T00:26:16.538963524Z   sessionId: 'd7e12837-bc8b-4194-be04-c5cb0a0da4bb',
2026-03-13T00:26:16.538966965Z   userId: 'anon_1773358685797_7f15bd20b00d8@anonymous.local',
2026-03-13T00:26:16.538970735Z   userName: 'Anonymous',
2026-03-13T00:26:16.538974755Z   mockIp: '97.115.93.67',
2026-03-13T00:26:16.538977755Z   timestamp: '2026-03-13T00:26:16.411Z',
2026-03-13T00:26:16.538980916Z   category: 'color',
2026-03-13T00:26:16.538984276Z   value: 'Raspberry',
2026-03-13T00:26:16.538987066Z   colorRgba: '#ff0055',
2026-03-13T00:26:16.538990066Z   trackId: 'trk_1773361482537',
2026-03-13T00:26:16.538993176Z   trackTitle: '"Track 3"'
2026-03-13T00:26:16.538997006Z }
2026-03-13T00:26:16.934892141Z Recorded event: {
2026-03-13T00:26:16.934921903Z   id: '60903ce4-6147-4ef5-8c54-4e8efa6736b3',
2026-03-13T00:26:16.934924803Z   sessionId: 'a224eb29-cf13-41c2-a9c9-c4069b623d06',
2026-03-13T00:26:16.934926603Z   userId: 'wes.lipschultz@gmail.com',
2026-03-13T00:26:16.934928453Z   userName: 'Wes',
2026-03-13T00:26:16.934930734Z   mockIp: '103.215.180.217',
2026-03-13T00:26:16.934932764Z   timestamp: '2026-03-13T00:26:16.837Z',
2026-03-13T00:26:16.934934434Z   category: 'reaction',
2026-03-13T00:26:16.934936534Z   value: 'like',
2026-03-13T00:26:16.934938404Z   trackId: 'trk_1773361482537',
2026-03-13T00:26:16.934940104Z   trackTitle: '"Track 3"'
2026-03-13T00:26:16.934941784Z }
2026-03-13T00:26:17.101570733Z Recorded event: {
2026-03-13T00:26:17.101595215Z   id: 'b075ae3a-9316-41a2-8986-ad98ec9a1d5c',
2026-03-13T00:26:17.101598725Z   sessionId: 'a820f18c-22e4-483a-b615-5dcfe98e6008',
2026-03-13T00:26:17.101600545Z   userId: 'slogs.hasty1f@icloud.com',
2026-03-13T00:26:17.101602325Z   userName: 'Sofia',
2026-03-13T00:26:17.101604946Z   mockIp: '174.20.164.170',
2026-03-13T00:26:17.101606676Z   timestamp: '2026-03-13T00:26:16.976Z',
2026-03-13T00:26:17.101608336Z   category: 'combined_reaction',
2026-03-13T00:26:17.101610466Z   value: 1,
2026-03-13T00:26:17.101612236Z   colorName: 'None',
2026-03-13T00:26:17.101614246Z   mood: 'Confusion',
2026-03-13T00:26:17.101615936Z   colorRgba: 'transparent',
2026-03-13T00:26:17.101617616Z   reactionLabel: 'meh',
2026-03-13T00:26:17.101619356Z   note: 'Kissyfish',
2026-03-13T00:26:17.101621047Z   trackId: 'trk_1773361482537',
2026-03-13T00:26:17.101622747Z   trackTitle: '"Track 3"'
2026-03-13T00:26:17.101624457Z }
2026-03-13T00:26:19.213564563Z Recorded event: {
2026-03-13T00:26:19.213589045Z   id: 'c723e2fd-61e8-4d21-9ab1-e68d5c9776b1',
2026-03-13T00:26:19.213592425Z   sessionId: 'a820f18c-22e4-483a-b615-5dcfe98e6008',
2026-03-13T00:26:19.213595975Z   userId: 'slogs.hasty1f@icloud.com',
2026-03-13T00:26:19.213600095Z   userName: 'Sofia',
2026-03-13T00:26:19.213604816Z   mockIp: '174.20.164.170',
2026-03-13T00:26:19.213608616Z   timestamp: '2026-03-13T00:26:18.858Z',
2026-03-13T00:26:19.213629127Z   category: 'color',
2026-03-13T00:26:19.213631797Z   value: 'Crimson',
2026-03-13T00:26:19.213633997Z   colorRgba: '#ff002b',
2026-03-13T00:26:19.213636148Z   trackId: 'trk_1773361482537',
2026-03-13T00:26:19.213638258Z   trackTitle: '"Track 3"'
2026-03-13T00:26:19.213640378Z }
2026-03-13T00:26:19.240413243Z Recorded event: {
2026-03-13T00:26:19.240434125Z   id: 'c079fe22-d988-461b-92ca-ce062ba661e1',
2026-03-13T00:26:19.240437785Z   sessionId: 'a820f18c-22e4-483a-b615-5dcfe98e6008',
2026-03-13T00:26:19.240440735Z   userId: 'slogs.hasty1f@icloud.com',
2026-03-13T00:26:19.240444225Z   userName: 'Sofia',
2026-03-13T00:26:19.240447575Z   mockIp: '174.20.164.170',
2026-03-13T00:26:19.240450386Z   timestamp: '2026-03-13T00:26:19.160Z',
2026-03-13T00:26:19.240453016Z   category: 'combined_reaction',
2026-03-13T00:26:19.240455476Z   value: 1,
2026-03-13T00:26:19.240458076Z   colorName: 'Crimson',
2026-03-13T00:26:19.240460676Z   mood: 'Confusion',
2026-03-13T00:26:19.240463707Z   colorRgba: '#ff002b',
2026-03-13T00:26:19.240466517Z   reactionLabel: 'meh',
2026-03-13T00:26:19.240468497Z   note: 'Kissyfish',
2026-03-13T00:26:19.240470217Z   trackId: 'trk_1773361482537',
2026-03-13T00:26:19.240471967Z   trackTitle: '"Track 3"'
2026-03-13T00:26:19.240473657Z }
2026-03-13T00:26:23.451321865Z Recorded event: {
2026-03-13T00:26:23.451351207Z   id: '091292b9-5f7e-4954-b125-4aef544e2988',
2026-03-13T00:26:23.451358537Z   sessionId: 'd7e12837-bc8b-4194-be04-c5cb0a0da4bb',
2026-03-13T00:26:23.451363957Z   userId: 'anon_1773358685797_7f15bd20b00d8@anonymous.local',
2026-03-13T00:26:23.451369438Z   userName: 'Anonymous',
2026-03-13T00:26:23.451375738Z   mockIp: '97.115.93.67',
2026-03-13T00:26:23.451381598Z   timestamp: '2026-03-13T00:26:23.345Z',
2026-03-13T00:26:23.451387979Z   category: 'mood',
2026-03-13T00:26:23.451393169Z   value: 'Melancholy',
2026-03-13T00:26:23.45139875Z   trackId: 'trk_1773361482537',
2026-03-13T00:26:23.45140451Z   trackTitle: '"Track 3"'
2026-03-13T00:26:23.45141015Z }
2026-03-13T00:26:23.696600529Z Recorded event: {
2026-03-13T00:26:23.69662349Z   id: 'e76997cb-89f5-47ce-b8d4-3c4537aa248f',
2026-03-13T00:26:23.696627731Z   sessionId: 'a224eb29-cf13-41c2-a9c9-c4069b623d06',
2026-03-13T00:26:23.696630651Z   userId: 'wes.lipschultz@gmail.com',
2026-03-13T00:26:23.696634551Z   userName: 'Wes',
2026-03-13T00:26:23.696639351Z   mockIp: '103.215.180.217',
2026-03-13T00:26:23.696643941Z   timestamp: '2026-03-13T00:26:23.589Z',
2026-03-13T00:26:23.696648122Z   category: 'note',
2026-03-13T00:26:23.696652412Z   value: 'Far East',
2026-03-13T00:26:23.696656372Z   trackId: 'trk_1773361482537',
2026-03-13T00:26:23.696661453Z   trackTitle: '"Track 3"'
2026-03-13T00:26:23.696666153Z }
2026-03-13T00:26:23.98733123Z Recorded event: {
2026-03-13T00:26:23.987354131Z   id: '3a19920a-c99a-49b9-9433-1099b0cc53cc',
2026-03-13T00:26:23.987359591Z   sessionId: 'a224eb29-cf13-41c2-a9c9-c4069b623d06',
2026-03-13T00:26:23.987363912Z   userId: 'wes.lipschultz@gmail.com',
2026-03-13T00:26:23.987368212Z   userName: 'Wes',
2026-03-13T00:26:23.987404564Z   mockIp: '103.215.180.217',
2026-03-13T00:26:23.987408854Z   timestamp: '2026-03-13T00:26:23.891Z',
2026-03-13T00:26:23.987412784Z   category: 'combined_reaction',
2026-03-13T00:26:23.987417215Z   value: 2,
2026-03-13T00:26:23.987421805Z   colorName: 'White',
2026-03-13T00:26:23.987426015Z   mood: 'Joy',
2026-03-13T00:26:23.987430065Z   colorRgba: '#ffffff',
2026-03-13T00:26:23.987434206Z   reactionLabel: 'like',
2026-03-13T00:26:23.987438426Z   note: 'Far East',
2026-03-13T00:26:23.987453897Z   trackId: 'trk_1773361482537',
2026-03-13T00:26:23.987456357Z   trackTitle: '"Track 3"'
2026-03-13T00:26:23.987458607Z }
2026-03-13T00:26:28.404408697Z Recorded event: {
2026-03-13T00:26:28.404435429Z   id: '5a983b58-66d9-446c-9221-bf15676c2812',
2026-03-13T00:26:28.404441639Z   sessionId: 'd7e12837-bc8b-4194-be04-c5cb0a0da4bb',
2026-03-13T00:26:28.40444623Z   userId: 'anon_1773358685797_7f15bd20b00d8@anonymous.local',
2026-03-13T00:26:28.40445435Z   userName: 'Anonymous',
2026-03-13T00:26:28.40445828Z   mockIp: '97.115.93.67',
2026-03-13T00:26:28.404463071Z   timestamp: '2026-03-13T00:26:28.270Z',
2026-03-13T00:26:28.404468141Z   category: 'reaction',
2026-03-13T00:26:28.404472031Z   value: 'applause',
2026-03-13T00:26:28.404476041Z   trackId: 'trk_1773361482537',
2026-03-13T00:26:28.404480292Z   trackTitle: '"Track 3"'
2026-03-13T00:26:28.404485122Z }
2026-03-13T00:26:33.428568553Z Recorded event: {
2026-03-13T00:26:33.428592485Z   id: 'b2823090-e716-41b8-b8c1-8b13b30cc5d1',
2026-03-13T00:26:33.428598215Z   sessionId: 'b0bbd1c1-adc4-48d8-bffb-3d67e3a212ef',
2026-03-13T00:26:33.428602415Z   userId: 'slogs.hasty1f@icloud.com',
2026-03-13T00:26:33.428606885Z   userName: 'Sofia',
2026-03-13T00:26:33.428611486Z   mockIp: '174.20.164.170',
2026-03-13T00:26:33.428615726Z   timestamp: '2026-03-13T00:26:33.190Z',
2026-03-13T00:26:33.428619726Z   category: 'note',
2026-03-13T00:26:33.428623906Z   value: 'Kissyfish',
2026-03-13T00:26:33.428628407Z   trackId: 'trk_1773361482537',
2026-03-13T00:26:33.428633047Z   trackTitle: '"Track 3"'
2026-03-13T00:26:33.428637827Z }
2026-03-13T00:26:44.123581677Z Recorded event: {
2026-03-13T00:26:44.123607068Z   id: 'd2915fe5-b1ce-4d2d-9d09-38fc9f9fe348',
2026-03-13T00:26:44.123611039Z   sessionId: 'ee1ba237-04bd-4e4e-a2b9-e4cb17ea9cd5',
2026-03-13T00:26:44.123614079Z   userId: 'anon_1773357847698_fca6b6158cc838@anonymous.local',
2026-03-13T00:26:44.123617369Z   userName: 'Anonymous',
2026-03-13T00:26:44.123620819Z   mockIp: '186.52.152.250',
2026-03-13T00:26:44.123623689Z   timestamp: '2026-03-13T00:26:44.002Z',
2026-03-13T00:26:44.123626509Z   category: 'combined_reaction',
2026-03-13T00:26:44.123629309Z   value: 4,
2026-03-13T00:26:44.12363222Z   colorName: 'Vermilion',
2026-03-13T00:26:44.12363551Z   mood: 'Joy',
2026-03-13T00:26:44.12363834Z   colorRgba: '#ff5500',
2026-03-13T00:26:44.12364113Z   reactionLabel: 'applause',
2026-03-13T00:26:44.12364395Z   note: 'None',
2026-03-13T00:26:44.123646721Z   trackId: 'trk_1773361482537',
2026-03-13T00:26:44.123649571Z   trackTitle: '"Track 3"'
2026-03-13T00:26:44.123652371Z }
2026-03-13T00:26:52.481411597Z Recorded event: {
2026-03-13T00:26:52.481438129Z   id: '833aa10c-5d43-43e7-bbcf-d86ef70922df',
2026-03-13T00:26:52.481444419Z   sessionId: 'ee1ba237-04bd-4e4e-a2b9-e4cb17ea9cd5',
2026-03-13T00:26:52.48144905Z   userId: 'anon_1773357847698_fca6b6158cc838@anonymous.local',
2026-03-13T00:26:52.48145356Z   userName: 'Anonymous',
2026-03-13T00:26:52.48145827Z   mockIp: '186.52.152.250',
2026-03-13T00:26:52.48146288Z   timestamp: '2026-03-13T00:26:52.239Z',
2026-03-13T00:26:52.48146742Z   category: 'color',
2026-03-13T00:26:52.481472021Z   value: 'Magenta',
2026-03-13T00:26:52.481476791Z   colorRgba: '#ff00ff',
2026-03-13T00:26:52.481481452Z   trackId: 'trk_1773361482537',
2026-03-13T00:26:52.481486022Z   trackTitle: '"Track 3"'
2026-03-13T00:26:52.481490242Z }
2026-03-13T00:26:56.302993744Z Recorded event: {
2026-03-13T00:26:56.303026437Z   id: '41ad02bb-116c-4e24-8e4d-008b2eced226',
2026-03-13T00:26:56.303048328Z   sessionId: 'ee1ba237-04bd-4e4e-a2b9-e4cb17ea9cd5',
2026-03-13T00:26:56.303052308Z   userId: 'anon_1773357847698_fca6b6158cc838@anonymous.local',
2026-03-13T00:26:56.303055568Z   userName: 'Anonymous',
2026-03-13T00:26:56.303059328Z   mockIp: '186.52.152.250',
2026-03-13T00:26:56.303062419Z   timestamp: '2026-03-13T00:26:56.000Z',
2026-03-13T00:26:56.303065329Z   category: 'mood',
2026-03-13T00:26:56.303068119Z   value: 'Joy',
2026-03-13T00:26:56.303071009Z   trackId: 'trk_1773361482537',
2026-03-13T00:26:56.303073789Z   trackTitle: '"Track 3"'
2026-03-13T00:26:56.303076849Z }
2026-03-13T00:26:57.046306055Z Recorded event: {
2026-03-13T00:26:57.046329296Z   id: '522fd507-afbc-417f-9755-34aed2133bb7',
2026-03-13T00:26:57.046333056Z   sessionId: 'ee1ba237-04bd-4e4e-a2b9-e4cb17ea9cd5',
2026-03-13T00:26:57.046335327Z   userId: 'anon_1773357847698_fca6b6158cc838@anonymous.local',
2026-03-13T00:26:57.046338047Z   userName: 'Anonymous',
2026-03-13T00:26:57.046341147Z   mockIp: '186.52.152.250',
2026-03-13T00:26:57.046343277Z   timestamp: '2026-03-13T00:26:56.917Z',
2026-03-13T00:26:57.046345487Z   category: 'reaction',
2026-03-13T00:26:57.046347517Z   value: 'applause',
2026-03-13T00:26:57.046349857Z   trackId: 'trk_1773361482537',
2026-03-13T00:26:57.046352008Z   trackTitle: '"Track 3"'
2026-03-13T00:26:57.046354068Z }
2026-03-13T00:26:58.061732279Z Recorded event: {
2026-03-13T00:26:58.061767131Z   id: '86b2f40f-7946-476f-ac22-fd5a17ad617b',
2026-03-13T00:26:58.061771051Z   sessionId: 'ee1ba237-04bd-4e4e-a2b9-e4cb17ea9cd5',
2026-03-13T00:26:58.061773422Z   userId: 'anon_1773357847698_fca6b6158cc838@anonymous.local',
2026-03-13T00:26:58.061775882Z   userName: 'Anonymous',
2026-03-13T00:26:58.061779002Z   mockIp: '186.52.152.250',
2026-03-13T00:26:58.061781122Z   timestamp: '2026-03-13T00:26:57.933Z',
2026-03-13T00:26:58.061783362Z   category: 'combined_reaction',
2026-03-13T00:26:58.061785642Z   value: 4,
2026-03-13T00:26:58.061787803Z   colorName: 'Magenta',
2026-03-13T00:26:58.061789992Z   mood: 'Joy',
2026-03-13T00:26:58.061792103Z   colorRgba: '#ff00ff',
2026-03-13T00:26:58.061795403Z   reactionLabel: 'applause',
2026-03-13T00:26:58.061799433Z   note: 'None',
2026-03-13T00:26:58.061803193Z   trackId: 'trk_1773361482537',
2026-03-13T00:26:58.061807174Z   trackTitle: '"Track 3"'
2026-03-13T00:26:58.061810724Z }
2026-03-13T00:27:04.269675426Z Recorded event: {
2026-03-13T00:27:04.269712318Z   id: 'f0e4f68a-e200-4a99-b59b-c95f3405d85c',
2026-03-13T00:27:04.269718799Z   sessionId: 'a224eb29-cf13-41c2-a9c9-c4069b623d06',
2026-03-13T00:27:04.269724119Z   userId: 'wes.lipschultz@gmail.com',
2026-03-13T00:27:04.269728249Z   userName: 'Wes',
2026-03-13T00:27:04.269733709Z   mockIp: '103.215.180.217',
2026-03-13T00:27:04.26973795Z   timestamp: '2026-03-13T00:27:04.162Z',
2026-03-13T00:27:04.26974246Z   category: 'color',
2026-03-13T00:27:04.26974601Z   value: 'Yellow',
2026-03-13T00:27:04.26974887Z   colorRgba: '#ffff00',
2026-03-13T00:27:04.26975163Z   trackId: 'trk_1773361482537',
2026-03-13T00:27:04.269754501Z   trackTitle: '"Track 3"'
2026-03-13T00:27:04.269757311Z }
2026-03-13T00:27:05.798880529Z Recorded event: {
2026-03-13T00:27:05.79890431Z   id: 'b224dd9f-63ff-4feb-aac4-2e4998b3ddb3',
2026-03-13T00:27:05.798909181Z   sessionId: 'a224eb29-cf13-41c2-a9c9-c4069b623d06',
2026-03-13T00:27:05.798924222Z   userId: 'wes.lipschultz@gmail.com',
2026-03-13T00:27:05.798928752Z   userName: 'Wes',
2026-03-13T00:27:05.798935732Z   mockIp: '103.215.180.217',
2026-03-13T00:27:05.798953403Z   timestamp: '2026-03-13T00:27:05.688Z',
2026-03-13T00:27:05.798956073Z   category: 'mood',
2026-03-13T00:27:05.798958293Z   value: 'Power',
2026-03-13T00:27:05.798960284Z   trackId: 'trk_1773361482537',
2026-03-13T00:27:05.798962354Z   trackTitle: '"Track 3"'
2026-03-13T00:27:05.798964884Z }
2026-03-13T00:27:07.144131904Z Recorded event: {
2026-03-13T00:27:07.144151115Z   id: '41dbe81c-6689-46e2-b4fa-c297d1cbf9fe',
2026-03-13T00:27:07.144155355Z   sessionId: 'a224eb29-cf13-41c2-a9c9-c4069b623d06',
2026-03-13T00:27:07.144157595Z   userId: 'wes.lipschultz@gmail.com',
2026-03-13T00:27:07.144159945Z   userName: 'Wes',
2026-03-13T00:27:07.144162726Z   mockIp: '103.215.180.217',
2026-03-13T00:27:07.144176286Z   timestamp: '2026-03-13T00:27:07.026Z',
2026-03-13T00:27:07.144178816Z   category: 'reaction',
2026-03-13T00:27:07.144180837Z   value: 'like',
2026-03-13T00:27:07.144183107Z   trackId: 'trk_1773361482537',
2026-03-13T00:27:07.144185387Z   trackTitle: '"Track 3"'
2026-03-13T00:27:07.144187797Z }
2026-03-13T00:27:21.690895981Z Recorded event: {
2026-03-13T00:27:21.690924873Z   id: 'a8e122ec-382f-48e9-b102-7ce191feff2a',
2026-03-13T00:27:21.690930693Z   sessionId: 'a224eb29-cf13-41c2-a9c9-c4069b623d06',
2026-03-13T00:27:21.690935223Z   userId: 'wes.lipschultz@gmail.com',
2026-03-13T00:27:21.690939694Z   userName: 'Wes',
2026-03-13T00:27:21.690944704Z   mockIp: '103.215.180.217',
2026-03-13T00:27:21.690952795Z   timestamp: '2026-03-13T00:27:21.579Z',
2026-03-13T00:27:21.690956745Z   category: 'note',
2026-03-13T00:27:21.690964405Z   value: 'Everything everywhere all at once',
2026-03-13T00:27:21.690968985Z   trackId: 'trk_1773361482537',
2026-03-13T00:27:21.690973616Z   trackTitle: '"Track 3"'
2026-03-13T00:27:21.690978116Z }
2026-03-13T00:27:21.97651665Z Recorded event: {
2026-03-13T00:27:21.976561513Z   id: 'b3f532b4-173a-4d1b-afe2-df730a662ca9',
2026-03-13T00:27:21.976568774Z   sessionId: 'a224eb29-cf13-41c2-a9c9-c4069b623d06',
2026-03-13T00:27:21.976572934Z   userId: 'wes.lipschultz@gmail.com',
2026-03-13T00:27:21.976576844Z   userName: 'Wes',
2026-03-13T00:27:21.976581465Z   mockIp: '103.215.180.217',
2026-03-13T00:27:21.976585425Z   timestamp: '2026-03-13T00:27:21.881Z',
2026-03-13T00:27:21.976589385Z   category: 'combined_reaction',
2026-03-13T00:27:21.976593255Z   value: 2,
2026-03-13T00:27:21.976597075Z   colorName: 'Yellow',
2026-03-13T00:27:21.976601026Z   mood: 'Power',
2026-03-13T00:27:21.976604866Z   colorRgba: '#ffff00',
2026-03-13T00:27:21.976608736Z   reactionLabel: 'like',
2026-03-13T00:27:21.976612586Z   note: 'Everything everywhere all at once',
2026-03-13T00:27:21.976616367Z   trackId: 'trk_1773361482537',
2026-03-13T00:27:21.976620247Z   trackTitle: '"Track 3"'
2026-03-13T00:27:21.976623997Z }
2026-03-13T00:27:35.1576371Z Recorded event: {
2026-03-13T00:27:35.157685793Z   id: 'dee284c8-880c-4d6c-aa94-fa2887690ab2',
2026-03-13T00:27:35.157692354Z   sessionId: 'ee1ba237-04bd-4e4e-a2b9-e4cb17ea9cd5',
2026-03-13T00:27:35.157697274Z   userId: 'anon_1773357847698_fca6b6158cc838@anonymous.local',
2026-03-13T00:27:35.157702214Z   userName: 'Anonymous',
2026-03-13T00:27:35.157707064Z   mockIp: '186.52.152.250',
2026-03-13T00:27:35.157711535Z   timestamp: '2026-03-13T00:27:34.923Z',
2026-03-13T00:27:35.157715865Z   category: 'color',
2026-03-13T00:27:35.157720315Z   value: 'Harlequin',
2026-03-13T00:27:35.157724606Z   colorRgba: '#2bff00',
2026-03-13T00:27:35.157728636Z   trackId: 'trk_1773361482537',
2026-03-13T00:27:35.157733176Z   trackTitle: '"Track 3"'
2026-03-13T00:27:35.157737377Z }
2026-03-13T00:27:40.550346007Z Recorded event: {
2026-03-13T00:27:40.550371319Z   id: 'b6193646-ba11-4b16-a989-2c9a39c26c8e',
2026-03-13T00:27:40.550375429Z   sessionId: 'ee1ba237-04bd-4e4e-a2b9-e4cb17ea9cd5',
2026-03-13T00:27:40.550378489Z   userId: 'anon_1773357847698_fca6b6158cc838@anonymous.local',
2026-03-13T00:27:40.550381309Z   userName: 'Anonymous',
2026-03-13T00:27:40.550385479Z   mockIp: '186.52.152.250',
2026-03-13T00:27:40.55039101Z   timestamp: '2026-03-13T00:27:40.434Z',
2026-03-13T00:27:40.55039561Z   category: 'mood',
2026-03-13T00:27:40.5504001Z   value: 'Power',
2026-03-13T00:27:40.55040427Z   trackId: 'trk_1773361482537',
2026-03-13T00:27:40.550408541Z   trackTitle: '"Track 3"'
2026-03-13T00:27:40.550413121Z }
2026-03-13T00:27:41.596756048Z Recorded event: {
2026-03-13T00:27:41.596775609Z   id: '40c6aebc-4077-4eef-8b59-57d575158990',
2026-03-13T00:27:41.596780929Z   sessionId: 'ee1ba237-04bd-4e4e-a2b9-e4cb17ea9cd5',
2026-03-13T00:27:41.596784749Z   userId: 'anon_1773357847698_fca6b6158cc838@anonymous.local',
2026-03-13T00:27:41.59678871Z   userName: 'Anonymous',
2026-03-13T00:27:41.59680618Z   mockIp: '186.52.152.250',
2026-03-13T00:27:41.596810691Z   timestamp: '2026-03-13T00:27:41.468Z',
2026-03-13T00:27:41.596814501Z   category: 'reaction',
2026-03-13T00:27:41.596818461Z   value: 'applause',
2026-03-13T00:27:41.596822361Z   trackId: 'trk_1773361482537',
2026-03-13T00:27:41.596826212Z   trackTitle: '"Track 3"'
2026-03-13T00:27:41.596830982Z }
2026-03-13T00:27:42.582991722Z Recorded event: {
2026-03-13T00:27:42.583017203Z   id: 'f855b263-22f5-40b3-8f5a-17d1104b1016',
2026-03-13T00:27:42.583023974Z   sessionId: 'ee1ba237-04bd-4e4e-a2b9-e4cb17ea9cd5',
2026-03-13T00:27:42.583028824Z   userId: 'anon_1773357847698_fca6b6158cc838@anonymous.local',
2026-03-13T00:27:42.583033604Z   userName: 'Anonymous',
2026-03-13T00:27:42.583037134Z   mockIp: '186.52.152.250',
2026-03-13T00:27:42.583040245Z   timestamp: '2026-03-13T00:27:42.435Z',
2026-03-13T00:27:42.583043145Z   category: 'combined_reaction',
2026-03-13T00:27:42.583046015Z   value: 4,
2026-03-13T00:27:42.583048905Z   colorName: 'Harlequin',
2026-03-13T00:27:42.583051675Z   mood: 'Power',
2026-03-13T00:27:42.583054475Z   colorRgba: '#2bff00',
2026-03-13T00:27:42.583057326Z   reactionLabel: 'applause',
2026-03-13T00:27:42.583060166Z   note: 'None',
2026-03-13T00:27:42.583063096Z   trackId: 'trk_1773361482537',
2026-03-13T00:27:42.583065916Z   trackTitle: '"Track 3"'
2026-03-13T00:27:42.583068727Z }
2026-03-13T00:27:44.840365197Z Recorded event: {
2026-03-13T00:27:44.840390868Z   id: '381ac5e6-fa2c-457a-9cf4-a864a5eb7aee',
2026-03-13T00:27:44.840396339Z   sessionId: '3fcd79e7-d772-44f1-a44f-eec979e1c94b',
2026-03-13T00:27:44.840401069Z   userId: 'maeganmarlow@icloud.com',
2026-03-13T00:27:44.840406319Z   userName: 'Maegan',
2026-03-13T00:27:44.840410189Z   mockIp: '68.210.113.118',
2026-03-13T00:27:44.840413109Z   timestamp: '2026-03-13T00:27:44.765Z',
2026-03-13T00:27:44.84041594Z   category: 'note',
2026-03-13T00:27:44.84041877Z   value: 'Curious',
2026-03-13T00:27:44.84042153Z   trackId: 'trk_1773361482537',
2026-03-13T00:27:44.84042444Z   trackTitle: '"Track 3"'
2026-03-13T00:27:44.84042733Z }
2026-03-13T00:27:46.76805495Z Recorded event: {
2026-03-13T00:27:46.768081251Z   id: '9a6cfbaf-301c-4fc8-82b9-37fc65bba83d',
2026-03-13T00:27:46.768099262Z   sessionId: '3fcd79e7-d772-44f1-a44f-eec979e1c94b',
2026-03-13T00:27:46.768104902Z   userId: 'maeganmarlow@icloud.com',
2026-03-13T00:27:46.768109443Z   userName: 'Maegan',
2026-03-13T00:27:46.768129984Z   mockIp: '68.210.113.118',
2026-03-13T00:27:46.768133294Z   timestamp: '2026-03-13T00:27:46.702Z',
2026-03-13T00:27:46.768136355Z   category: 'combined_reaction',
2026-03-13T00:27:46.768138865Z   value: 1,
2026-03-13T00:27:46.768141455Z   colorName: 'None',
2026-03-13T00:27:46.768144055Z   mood: 'None',
2026-03-13T00:27:46.768146305Z   colorRgba: 'transparent',
2026-03-13T00:27:46.768148835Z   reactionLabel: 'None',
2026-03-13T00:27:46.768151625Z   note: 'Curious',
2026-03-13T00:27:46.768153996Z   trackId: 'trk_1773361482537',
2026-03-13T00:27:46.768156886Z   trackTitle: '"Track 3"'
2026-03-13T00:27:46.768159326Z }
2026-03-13T00:28:08.974292087Z Recorded event: {
2026-03-13T00:28:08.974322319Z   id: 'fb591de1-35d3-481d-bdc2-515b38a0b63e',
2026-03-13T00:28:08.974328019Z   sessionId: 'a224eb29-cf13-41c2-a9c9-c4069b623d06',
2026-03-13T00:28:08.974332579Z   userId: 'wes.lipschultz@gmail.com',
2026-03-13T00:28:08.97433656Z   userName: 'Wes',
2026-03-13T00:28:08.97434137Z   mockIp: '103.215.180.217',
2026-03-13T00:28:08.97434551Z   timestamp: '2026-03-13T00:28:08.860Z',
2026-03-13T00:28:08.974349631Z   category: 'note',
2026-03-13T00:28:08.974353871Z   value: 'Alice Coltrane',
2026-03-13T00:28:08.974357951Z   trackId: 'trk_1773361482537',
2026-03-13T00:28:08.974361971Z   trackTitle: '"Track 3"'
2026-03-13T00:28:08.974365892Z }
2026-03-13T00:28:10.526768379Z Recorded event: {
2026-03-13T00:28:10.526807571Z   id: 'd611ddb9-d8bc-4cb6-8225-dce5c13706a0',
2026-03-13T00:28:10.526813392Z   sessionId: 'a224eb29-cf13-41c2-a9c9-c4069b623d06',
2026-03-13T00:28:10.526817652Z   userId: 'wes.lipschultz@gmail.com',
2026-03-13T00:28:10.526821702Z   userName: 'Wes',
2026-03-13T00:28:10.526827703Z   mockIp: '103.215.180.217',
2026-03-13T00:28:10.526832173Z   timestamp: '2026-03-13T00:28:10.414Z',
2026-03-13T00:28:10.526836243Z   category: 'combined_reaction',
2026-03-13T00:28:10.526841393Z   value: 1,
2026-03-13T00:28:10.526845834Z   colorName: 'None',
2026-03-13T00:28:10.526850374Z   mood: 'None',
2026-03-13T00:28:10.526854834Z   colorRgba: 'transparent',
2026-03-13T00:28:10.526859254Z   reactionLabel: 'None',
2026-03-13T00:28:10.526863615Z   note: 'Alice Coltrane',
2026-03-13T00:28:10.526867725Z   trackId: 'trk_1773361482537',
2026-03-13T00:28:10.526871915Z   trackTitle: '"Track 3"'
2026-03-13T00:28:10.526875895Z }
2026-03-13T00:28:16.672735622Z Recorded event: {
2026-03-13T00:28:16.672765633Z   id: '412dc936-1b2b-4511-9764-329e110fb948',
2026-03-13T00:28:16.672770744Z   sessionId: 'c47205ce-764b-4fa1-8fdf-9511ffffeabf',
2026-03-13T00:28:16.672774624Z   userId: 'kevin.young.m@gmail.com',
2026-03-13T00:28:16.672778324Z   userName: 'KMNDR',
2026-03-13T00:28:16.672786134Z   mockIp: '114.143.63.112',
2026-03-13T00:28:16.672790725Z   timestamp: '2026-03-13T00:28:18.437Z',
2026-03-13T00:28:16.672794915Z   category: 'mood',
2026-03-13T00:28:16.672799165Z   value: 'Confusion',
2026-03-13T00:28:16.672803066Z   trackId: 'trk_1773361482537',
2026-03-13T00:28:16.672806836Z   trackTitle: '"Track 3"'
2026-03-13T00:28:16.672810566Z }
2026-03-13T00:28:19.014329777Z Recorded event: {
2026-03-13T00:28:19.014357269Z   id: 'd2791c53-a627-4bc6-8eee-42bbc5d5fe9e',
2026-03-13T00:28:19.014362639Z   sessionId: 'c47205ce-764b-4fa1-8fdf-9511ffffeabf',
2026-03-13T00:28:19.014366489Z   userId: 'kevin.young.m@gmail.com',
2026-03-13T00:28:19.01437039Z   userName: 'KMNDR',
2026-03-13T00:28:19.01437494Z   mockIp: '114.143.63.112',
2026-03-13T00:28:19.01437885Z   timestamp: '2026-03-13T00:28:20.533Z',
2026-03-13T00:28:19.014395111Z   category: 'combined_reaction',
2026-03-13T00:28:19.014397671Z   value: 1,
2026-03-13T00:28:19.014399921Z   colorName: 'None',
2026-03-13T00:28:19.014402292Z   mood: 'Confusion',
2026-03-13T00:28:19.014404802Z   colorRgba: 'transparent',
2026-03-13T00:28:19.014408022Z   reactionLabel: 'None',
2026-03-13T00:28:19.014410452Z   note: 'None',
2026-03-13T00:28:19.014412812Z   trackId: 'trk_1773361482537',
2026-03-13T00:28:19.014419153Z   trackTitle: '"Track 3"'
2026-03-13T00:28:19.014421613Z }
2026-03-13T00:28:26.22018335Z Recorded event: {
2026-03-13T00:28:26.220206352Z   id: 'da523f41-f2e5-4b99-936e-5e82fcc56566',
2026-03-13T00:28:26.220211602Z   sessionId: '795666f8-627d-4ab2-8693-78b835b2db47',
2026-03-13T00:28:26.220216493Z   userId: 'slogs.hasty1f@icloud.com',
2026-03-13T00:28:26.220222793Z   userName: 'Sofia',
2026-03-13T00:28:26.220228873Z   mockIp: '174.20.164.170',
2026-03-13T00:28:26.220233863Z   timestamp: '2026-03-13T00:28:26.076Z',
2026-03-13T00:28:26.220239164Z   category: 'note',
2026-03-13T00:28:26.220245184Z   value: 'Trippy',
2026-03-13T00:28:26.220250764Z   trackId: 'trk_1773361482537',
2026-03-13T00:28:26.220254415Z   trackTitle: '"Track 3"'
2026-03-13T00:28:26.220257995Z }
2026-03-13T00:28:26.525898579Z Recorded event: {
2026-03-13T00:28:26.5259175Z   id: 'c2150069-ab74-403b-b916-0ecb4c6f8c2d',
2026-03-13T00:28:26.525923191Z   sessionId: 'ee1ba237-04bd-4e4e-a2b9-e4cb17ea9cd5',
2026-03-13T00:28:26.525927981Z   userId: 'anon_1773357847698_fca6b6158cc838@anonymous.local',
2026-03-13T00:28:26.525931841Z   userName: 'Anonymous',
2026-03-13T00:28:26.525935141Z   mockIp: '186.52.152.250',
2026-03-13T00:28:26.525937841Z   timestamp: '2026-03-13T00:28:26.414Z',
2026-03-13T00:28:26.525942082Z   category: 'color',
2026-03-13T00:28:26.525946972Z   value: 'Yellow',
2026-03-13T00:28:26.525951662Z   colorRgba: '#ffff00',
2026-03-13T00:28:26.525955973Z   trackId: 'trk_1773361482537',
2026-03-13T00:28:26.525960653Z   trackTitle: '"Track 3"'
2026-03-13T00:28:26.525965323Z }
2026-03-13T00:28:27.928515147Z Recorded event: {
2026-03-13T00:28:27.92856521Z   id: '77034c2b-ea8a-4ebf-a98f-e76b32650398',
2026-03-13T00:28:27.9285777Z   sessionId: '795666f8-627d-4ab2-8693-78b835b2db47',
2026-03-13T00:28:27.928583621Z   userId: 'slogs.hasty1f@icloud.com',
2026-03-13T00:28:27.928589501Z   userName: 'Sofia',
2026-03-13T00:28:27.928595541Z   mockIp: '174.20.164.170',
2026-03-13T00:28:27.928600642Z   timestamp: '2026-03-13T00:28:27.793Z',
2026-03-13T00:28:27.928606072Z   category: 'combined_reaction',
2026-03-13T00:28:27.928611882Z   value: 1,
2026-03-13T00:28:27.928617423Z   colorName: 'None',
2026-03-13T00:28:27.928623013Z   mood: 'None',
2026-03-13T00:28:27.928628894Z   colorRgba: 'transparent',
2026-03-13T00:28:27.928634464Z   reactionLabel: 'None',
2026-03-13T00:28:27.928639834Z   note: 'Trippy',
2026-03-13T00:28:27.930303556Z   trackId: 'trk_1773361482537',
2026-03-13T00:28:27.930313346Z   trackTitle: '"Track 3"'
2026-03-13T00:28:27.930316447Z }
2026-03-13T00:28:28.453978492Z Recorded event: {
2026-03-13T00:28:28.454012894Z   id: '833aae6f-1248-4822-b6fd-b63a5531ef58',
2026-03-13T00:28:28.454019754Z   sessionId: '795666f8-627d-4ab2-8693-78b835b2db47',
2026-03-13T00:28:28.454024044Z   userId: 'slogs.hasty1f@icloud.com',
2026-03-13T00:28:28.454028105Z   userName: 'Sofia',
2026-03-13T00:28:28.454032855Z   mockIp: '174.20.164.170',
2026-03-13T00:28:28.454037305Z   timestamp: '2026-03-13T00:28:28.369Z',
2026-03-13T00:28:28.454041876Z   category: 'combined_reaction',
2026-03-13T00:28:28.454046106Z   value: 1,
2026-03-13T00:28:28.454059866Z   colorName: 'None',
2026-03-13T00:28:28.454062647Z   mood: 'None',
2026-03-13T00:28:28.454064967Z   colorRgba: 'transparent',
2026-03-13T00:28:28.454067527Z   reactionLabel: 'None',
2026-03-13T00:28:28.454069997Z   note: 'Trippy',
2026-03-13T00:28:28.454072597Z   trackId: 'trk_1773361482537',
2026-03-13T00:28:28.454075267Z   trackTitle: '"Track 3"'
2026-03-13T00:28:28.454078008Z }
2026-03-13T00:28:29.568575922Z Recorded event: {
2026-03-13T00:28:29.568594133Z   id: '939f3aaa-7523-4510-8f5b-b5df600cc1fe',
2026-03-13T00:28:29.568598763Z   sessionId: 'ee1ba237-04bd-4e4e-a2b9-e4cb17ea9cd5',
2026-03-13T00:28:29.568601773Z   userId: 'anon_1773357847698_fca6b6158cc838@anonymous.local',
2026-03-13T00:28:29.568604634Z   userName: 'Anonymous',
2026-03-13T00:28:29.568608454Z   mockIp: '186.52.152.250',
2026-03-13T00:28:29.568611404Z   timestamp: '2026-03-13T00:28:29.452Z',
2026-03-13T00:28:29.568614134Z   category: 'mood',
2026-03-13T00:28:29.568616704Z   value: 'Joy',
2026-03-13T00:28:29.568619495Z   trackId: 'trk_1773361482537',
2026-03-13T00:28:29.568621895Z   trackTitle: '"Track 3"'
2026-03-13T00:28:29.568624305Z }
2026-03-13T00:28:30.645615267Z Recorded event: {
2026-03-13T00:28:30.645633548Z   id: '5fb9954f-4eda-461e-b151-d4fd380e727d',
2026-03-13T00:28:30.645637859Z   sessionId: 'ee1ba237-04bd-4e4e-a2b9-e4cb17ea9cd5',
2026-03-13T00:28:30.645641079Z   userId: 'anon_1773357847698_fca6b6158cc838@anonymous.local',
2026-03-13T00:28:30.645643949Z   userName: 'Anonymous',
2026-03-13T00:28:30.645647319Z   mockIp: '186.52.152.250',
2026-03-13T00:28:30.645650159Z   timestamp: '2026-03-13T00:28:30.536Z',
2026-03-13T00:28:30.645652849Z   category: 'reaction',
2026-03-13T00:28:30.64565583Z   value: 'applause',
2026-03-13T00:28:30.64565837Z   trackId: 'trk_1773361482537',
2026-03-13T00:28:30.64566088Z   trackTitle: '"Track 3"'
2026-03-13T00:28:30.64566335Z }
2026-03-13T00:28:31.570129644Z Recorded event: {
2026-03-13T00:28:31.570156146Z   id: 'f40ebc37-6d0c-4e13-a8bb-e214cb5eb802',
2026-03-13T00:28:31.570160336Z   sessionId: 'ee1ba237-04bd-4e4e-a2b9-e4cb17ea9cd5',
2026-03-13T00:28:31.570163486Z   userId: 'anon_1773357847698_fca6b6158cc838@anonymous.local',
2026-03-13T00:28:31.570166236Z   userName: 'Anonymous',
2026-03-13T00:28:31.570169396Z   mockIp: '186.52.152.250',
2026-03-13T00:28:31.570172487Z   timestamp: '2026-03-13T00:28:31.467Z',
2026-03-13T00:28:31.570174787Z   category: 'combined_reaction',
2026-03-13T00:28:31.570177517Z   value: 4,
2026-03-13T00:28:31.570180087Z   colorName: 'Yellow',
2026-03-13T00:28:31.570182577Z   mood: 'Joy',
2026-03-13T00:28:31.570184827Z   colorRgba: '#ffff00',
2026-03-13T00:28:31.570187128Z   reactionLabel: 'applause',
2026-03-13T00:28:31.570189678Z   note: 'None',
2026-03-13T00:28:31.570192338Z   trackId: 'trk_1773361482537',
2026-03-13T00:28:31.570194968Z   trackTitle: '"Track 3"'
2026-03-13T00:28:31.570197578Z }
2026-03-13T00:28:34.846128873Z Recorded event: {
2026-03-13T00:28:34.846167296Z   id: '8f89988a-9f49-48fb-bf3c-4f91eb0cc5da',
2026-03-13T00:28:34.846172846Z   sessionId: 'e3e50461-4dc6-4d01-800c-a1f8e32c6010',
2026-03-13T00:28:34.846176776Z   userId: 'slogs.hasty1f@icloud.com',
2026-03-13T00:28:34.846181007Z   userName: 'Sofia',
2026-03-13T00:28:34.846185277Z   mockIp: '174.20.164.170',
2026-03-13T00:28:34.846189037Z   timestamp: '2026-03-13T00:28:34.731Z',
2026-03-13T00:28:34.846192607Z   category: 'note',
2026-03-13T00:28:34.846196188Z   value: 'Trippy',
2026-03-13T00:28:34.846199778Z   trackId: 'trk_1773361482537',
2026-03-13T00:28:34.846219659Z   trackTitle: '"Track 3"'
2026-03-13T00:28:34.846222279Z }
2026-03-13T00:28:36.382665874Z Recorded event: {
2026-03-13T00:28:36.382696946Z   id: '0e99681f-fdf9-4112-b5b0-22cb5d5c4b30',
2026-03-13T00:28:36.382701156Z   sessionId: 'e3e50461-4dc6-4d01-800c-a1f8e32c6010',
2026-03-13T00:28:36.382703847Z   userId: 'slogs.hasty1f@icloud.com',
2026-03-13T00:28:36.382706507Z   userName: 'Sofia',
2026-03-13T00:28:36.382709977Z   mockIp: '174.20.164.170',
2026-03-13T00:28:36.382712697Z   timestamp: '2026-03-13T00:28:36.262Z',
2026-03-13T00:28:36.382715447Z   category: 'combined_reaction',
2026-03-13T00:28:36.382717897Z   value: 1,
2026-03-13T00:28:36.382720308Z   colorName: 'None',
2026-03-13T00:28:36.382723028Z   mood: 'None',
2026-03-13T00:28:36.382725698Z   colorRgba: 'transparent',
2026-03-13T00:28:36.382728108Z   reactionLabel: 'None',
2026-03-13T00:28:36.382730638Z   note: 'Trippy',
2026-03-13T00:28:36.382733368Z   trackId: 'trk_1773361482537',
2026-03-13T00:28:36.382736109Z   trackTitle: '"Track 3"'
2026-03-13T00:28:36.382738909Z }
2026-03-13T00:28:42.207934304Z Recorded event: {
2026-03-13T00:28:42.207949014Z   id: '998a0a07-991c-42a8-8c3b-8995e76a2cad',
2026-03-13T00:28:42.207951945Z   sessionId: 'a224eb29-cf13-41c2-a9c9-c4069b623d06',
2026-03-13T00:28:42.207953775Z   userId: 'wes.lipschultz@gmail.com',
2026-03-13T00:28:42.207955455Z   userName: 'Wes',
2026-03-13T00:28:42.207957925Z   mockIp: '103.215.180.217',
2026-03-13T00:28:42.207959765Z   timestamp: '2026-03-13T00:28:42.074Z',
2026-03-13T00:28:42.207961535Z   category: 'reaction',
2026-03-13T00:28:42.207963205Z   value: 'applause',
2026-03-13T00:28:42.207964895Z   trackId: 'trk_1773361482537',
2026-03-13T00:28:42.207966626Z   trackTitle: '"Track 3"'
2026-03-13T00:28:42.207968306Z }
2026-03-13T00:28:43.540751178Z Recorded event: {
2026-03-13T00:28:43.540772209Z   id: 'b5b194c7-9bd3-49c4-ae09-b2a059e9cf7a',
2026-03-13T00:28:43.540775889Z   sessionId: 'a224eb29-cf13-41c2-a9c9-c4069b623d06',
2026-03-13T00:28:43.540778209Z   userId: 'wes.lipschultz@gmail.com',
2026-03-13T00:28:43.54078038Z   userName: 'Wes',
2026-03-13T00:28:43.54078351Z   mockIp: '103.215.180.217',
2026-03-13T00:28:43.54078554Z   timestamp: '2026-03-13T00:28:43.456Z',
2026-03-13T00:28:43.54078757Z   category: 'combined_reaction',
2026-03-13T00:28:43.54078972Z   value: 4,
2026-03-13T00:28:43.54079185Z   colorName: 'None',
2026-03-13T00:28:43.54079391Z   mood: 'None',
2026-03-13T00:28:43.540795991Z   colorRgba: 'transparent',
2026-03-13T00:28:43.540798191Z   reactionLabel: 'applause',
2026-03-13T00:28:43.540800191Z   note: 'None',
2026-03-13T00:28:43.540802581Z   trackId: 'trk_1773361482537',
2026-03-13T00:28:43.540804661Z   trackTitle: '"Track 3"'
2026-03-13T00:28:43.540806761Z }
2026-03-13T00:29:04.39504603Z Recorded event: {
2026-03-13T00:29:04.395082462Z   id: '6aa33301-8277-4d02-a481-12c70900cb02',
2026-03-13T00:29:04.395088852Z   sessionId: '8c0f9945-6c9a-4ee3-9312-e415fef2e684',
2026-03-13T00:29:04.395171228Z   userId: 'slogs.hasty1f@icloud.com',
2026-03-13T00:29:04.395182008Z   userName: 'Sofia',
2026-03-13T00:29:04.395186909Z   mockIp: '174.20.164.170',
2026-03-13T00:29:04.395191129Z   timestamp: '2026-03-13T00:29:04.018Z',
2026-03-13T00:29:04.395195499Z   category: 'note',
2026-03-13T00:29:04.395199849Z   value: 'High',
2026-03-13T00:29:04.39520421Z   trackId: 'trk_1773361482537',
2026-03-13T00:29:04.39520901Z   trackTitle: '"Track 3"'
2026-03-13T00:29:04.39521248Z }
2026-03-13T00:29:12.529106561Z Recorded event: {
2026-03-13T00:29:12.529150103Z   id: 'ba717f8e-cc58-48fc-91ec-1463c1d37b40',
2026-03-13T00:29:12.529155874Z   sessionId: '8c0f9945-6c9a-4ee3-9312-e415fef2e684',
2026-03-13T00:29:12.529158524Z   userId: 'slogs.hasty1f@icloud.com',
2026-03-13T00:29:12.529161114Z   userName: 'Sofia',
2026-03-13T00:29:12.529164304Z   mockIp: '174.20.164.170',
2026-03-13T00:29:12.529167004Z   timestamp: '2026-03-13T00:29:12.409Z',
2026-03-13T00:29:12.529169514Z   category: 'combined_reaction',
2026-03-13T00:29:12.529172075Z   value: 1,
2026-03-13T00:29:12.529175075Z   colorName: 'None',
2026-03-13T00:29:12.529178225Z   mood: 'None',
2026-03-13T00:29:12.529180945Z   colorRgba: 'transparent',
2026-03-13T00:29:12.529182675Z   reactionLabel: 'None',
2026-03-13T00:29:12.529184426Z   note: 'High',
2026-03-13T00:29:12.529186106Z   trackId: 'trk_1773361482537',
2026-03-13T00:29:12.529187886Z   trackTitle: '"Track 3"'
2026-03-13T00:29:12.529189556Z }
2026-03-13T00:29:17.811096069Z Recorded event: {
2026-03-13T00:29:17.811130382Z   id: '4ec72d10-43f2-4592-802c-251b40360028',
2026-03-13T00:29:17.811136262Z   sessionId: 'f19c8da1-e2ea-48d9-b063-824cf6577f1f',
2026-03-13T00:29:17.811140362Z   userId: 'slogs.hasty1f@icloud.com',
2026-03-13T00:29:17.811144302Z   userName: 'Sofia',
2026-03-13T00:29:17.811148872Z   mockIp: '174.20.164.170',
2026-03-13T00:29:17.811152733Z   timestamp: '2026-03-13T00:29:17.697Z',
2026-03-13T00:29:17.811156713Z   category: 'note',
2026-03-13T00:29:17.811160323Z   value: 'High',
2026-03-13T00:29:17.811164213Z   trackId: 'trk_1773361482537',
2026-03-13T00:29:17.811168044Z   trackTitle: '"Track 3"'
2026-03-13T00:29:17.811171934Z }
2026-03-13T00:29:18.846738249Z Recorded event: {
2026-03-13T00:29:18.846823774Z   id: '2f273312-8896-46e5-80b5-71f5a7707cd8',
2026-03-13T00:29:18.846831365Z   sessionId: 'f19c8da1-e2ea-48d9-b063-824cf6577f1f',
2026-03-13T00:29:18.846835875Z   userId: 'slogs.hasty1f@icloud.com',
2026-03-13T00:29:18.846840285Z   userName: 'Sofia',
2026-03-13T00:29:18.846844775Z   mockIp: '174.20.164.170',
2026-03-13T00:29:18.846881998Z   timestamp: '2026-03-13T00:29:18.732Z',
2026-03-13T00:29:18.846887938Z   category: 'combined_reaction',
2026-03-13T00:29:18.846892048Z   value: 1,
2026-03-13T00:29:18.846896319Z   colorName: 'None',
2026-03-13T00:29:18.846900329Z   mood: 'None',
2026-03-13T00:29:18.846904399Z   colorRgba: 'transparent',
2026-03-13T00:29:18.846908449Z   reactionLabel: 'None',
2026-03-13T00:29:18.846912459Z   note: 'High',
2026-03-13T00:29:18.84691643Z   trackId: 'trk_1773361482537',
2026-03-13T00:29:18.84692034Z   trackTitle: '"Track 3"'
2026-03-13T00:29:18.84692444Z }
2026-03-13T00:29:21.892323411Z Recorded event: {
2026-03-13T00:29:21.892346592Z   id: '2de3a185-593a-4f3b-bcd7-a4e8e261a9c3',
2026-03-13T00:29:21.892352542Z   sessionId: 'ee1ba237-04bd-4e4e-a2b9-e4cb17ea9cd5',
2026-03-13T00:29:21.892357353Z   userId: 'anon_1773357847698_fca6b6158cc838@anonymous.local',
2026-03-13T00:29:21.892361203Z   userName: 'Anonymous',
2026-03-13T00:29:21.892365023Z   mockIp: '186.52.152.250',
2026-03-13T00:29:21.892368013Z   timestamp: '2026-03-13T00:29:21.634Z',
2026-03-13T00:29:21.892370814Z   category: 'color',
2026-03-13T00:29:21.892373724Z   value: 'Cobalt',
2026-03-13T00:29:21.892376524Z   colorRgba: '#002aff',
2026-03-13T00:29:21.892379354Z   trackId: 'trk_1773361482537',
2026-03-13T00:29:21.892382184Z   trackTitle: '"Track 3"'
2026-03-13T00:29:21.892384994Z }
2026-03-13T00:29:27.519829314Z Recorded event: {
2026-03-13T00:29:27.519847255Z   id: '5701c41f-f77a-40e2-ac65-ffaca5eb493f',
2026-03-13T00:29:27.519860056Z   sessionId: 'ee1ba237-04bd-4e4e-a2b9-e4cb17ea9cd5',
2026-03-13T00:29:27.519862646Z   userId: 'anon_1773357847698_fca6b6158cc838@anonymous.local',
2026-03-13T00:29:27.519865056Z   userName: 'Anonymous',
2026-03-13T00:29:27.519867976Z   mockIp: '186.52.152.250',
2026-03-13T00:29:27.519870306Z   timestamp: '2026-03-13T00:29:27.406Z',
2026-03-13T00:29:27.519872547Z   category: 'mood',
2026-03-13T00:29:27.519874837Z   value: 'Mystery',
2026-03-13T00:29:27.519877107Z   trackId: 'trk_1773361482537',
2026-03-13T00:29:27.519879417Z   trackTitle: '"Track 3"'
2026-03-13T00:29:27.519881717Z }
2026-03-13T00:29:28.248188358Z Recorded event: {
2026-03-13T00:29:28.24820841Z   id: '3e36a0b0-7a67-4d77-83f7-54b79fbbe8dd',
2026-03-13T00:29:28.24821212Z   sessionId: '2b84e424-4854-46bb-883b-6ce0652fe3d9',
2026-03-13T00:29:28.24821793Z   userId: 'slogs.hasty1f@icloud.com',
2026-03-13T00:29:28.24822096Z   userName: 'Sofia',
2026-03-13T00:29:28.248224541Z   mockIp: '174.20.164.170',
2026-03-13T00:29:28.248227301Z   timestamp: '2026-03-13T00:29:28.023Z',
2026-03-13T00:29:28.248229761Z   category: 'note',
2026-03-13T00:29:28.248232361Z   value: 'High',
2026-03-13T00:29:28.248235001Z   trackId: 'trk_1773361482537',
2026-03-13T00:29:28.248237772Z   trackTitle: '"Track 3"'
2026-03-13T00:29:28.248240332Z }
2026-03-13T00:29:28.538463525Z Recorded event: {
2026-03-13T00:29:28.539373721Z   id: '33c24d45-f893-4b38-8c8d-1a61cf5dfc81',
2026-03-13T00:29:28.539399572Z   sessionId: 'ee1ba237-04bd-4e4e-a2b9-e4cb17ea9cd5',
2026-03-13T00:29:28.539405193Z   userId: 'anon_1773357847698_fca6b6158cc838@anonymous.local',
2026-03-13T00:29:28.539409633Z   userName: 'Anonymous',
2026-03-13T00:29:28.539413933Z   mockIp: '186.52.152.250',
2026-03-13T00:29:28.539418003Z   timestamp: '2026-03-13T00:29:28.422Z',
2026-03-13T00:29:28.539422314Z   category: 'reaction',
2026-03-13T00:29:28.539426604Z   value: 'applause',
2026-03-13T00:29:28.539430784Z   trackId: 'trk_1773361482537',
2026-03-13T00:29:28.539434574Z   trackTitle: '"Track 3"'
2026-03-13T00:29:28.539438545Z }
2026-03-13T00:29:29.367624579Z Recorded event: {
2026-03-13T00:29:29.367653551Z   id: 'c174e735-ce53-4d1a-8404-d59563aeef9d',
2026-03-13T00:29:29.367658341Z   sessionId: 'ee1ba237-04bd-4e4e-a2b9-e4cb17ea9cd5',
2026-03-13T00:29:29.367662311Z   userId: 'anon_1773357847698_fca6b6158cc838@anonymous.local',
2026-03-13T00:29:29.367666021Z   userName: 'Anonymous',
2026-03-13T00:29:29.367670082Z   mockIp: '186.52.152.250',
2026-03-13T00:29:29.367673552Z   timestamp: '2026-03-13T00:29:29.238Z',
2026-03-13T00:29:29.367676972Z   category: 'combined_reaction',
2026-03-13T00:29:29.367680442Z   value: 4,
2026-03-13T00:29:29.367684093Z   colorName: 'Cobalt',
2026-03-13T00:29:29.367687523Z   mood: 'Mystery',
2026-03-13T00:29:29.367690953Z   colorRgba: '#002aff',
2026-03-13T00:29:29.367694873Z   reactionLabel: 'applause',
2026-03-13T00:29:29.367698314Z   note: 'None',
2026-03-13T00:29:29.367701784Z   trackId: 'trk_1773361482537',
2026-03-13T00:29:29.367705204Z   trackTitle: '"Track 3"'
2026-03-13T00:29:29.367708664Z }
2026-03-13T00:29:33.458854545Z Recorded event: {
2026-03-13T00:29:33.458876366Z   id: '33a946a9-7cdf-47bf-b9c6-ab21548912d1',
2026-03-13T00:29:33.458882226Z   sessionId: 'e1304ee6-254e-4ba9-850d-a9fc1fdc9594',
2026-03-13T00:29:33.458887197Z   userId: 'slogs.hasty1f@icloud.com',
2026-03-13T00:29:33.458890577Z   userName: 'Sofia',
2026-03-13T00:29:33.458894347Z   mockIp: '174.20.164.170',
2026-03-13T00:29:33.458897077Z   timestamp: '2026-03-13T00:29:33.347Z',
2026-03-13T00:29:33.458899907Z   category: 'note',
2026-03-13T00:29:33.458911548Z   value: 'Hogh',
2026-03-13T00:29:33.458913508Z   trackId: 'trk_1773361482537',
2026-03-13T00:29:33.458915228Z   trackTitle: '"Track 3"'
2026-03-13T00:29:33.458916949Z }
2026-03-13T00:29:37.173719495Z Recorded event: {
2026-03-13T00:29:37.173741026Z   id: 'e8290594-c5a5-4297-abb0-7902c248f4ef',
2026-03-13T00:29:37.173746456Z   sessionId: 'e1304ee6-254e-4ba9-850d-a9fc1fdc9594',
2026-03-13T00:29:37.173750547Z   userId: 'slogs.hasty1f@icloud.com',
2026-03-13T00:29:37.173755167Z   userName: 'Sofia',
2026-03-13T00:29:37.173760237Z   mockIp: '174.20.164.170',
2026-03-13T00:29:37.173765077Z   timestamp: '2026-03-13T00:29:37.060Z',
2026-03-13T00:29:37.173769168Z   category: 'combined_reaction',
2026-03-13T00:29:37.173772968Z   value: 1,
2026-03-13T00:29:37.173777338Z   colorName: 'None',
2026-03-13T00:29:37.173781958Z   mood: 'None',
2026-03-13T00:29:37.173785969Z   colorRgba: 'transparent',
2026-03-13T00:29:37.173788999Z   reactionLabel: 'None',
2026-03-13T00:29:37.173791729Z   note: 'Hogh',
2026-03-13T00:29:37.173794479Z   trackId: 'trk_1773361482537',
2026-03-13T00:29:37.173797239Z   trackTitle: '"Track 3"'
2026-03-13T00:29:37.173800099Z }
2026-03-13T00:29:37.893291893Z Recorded event: {
2026-03-13T00:29:37.893314544Z   id: '8a676f05-76d3-47f1-87ca-69c4628d57ac',
2026-03-13T00:29:37.893320695Z   sessionId: '8fcb31e8-f037-4110-97e7-b1c0a9208bc8',
2026-03-13T00:29:37.893325215Z   userId: 'anon_1773358674682_f70b3b25bd532@anonymous.local',
2026-03-13T00:29:37.893330085Z   userName: 'Anonymous',
2026-03-13T00:29:37.893335276Z   mockIp: '61.50.62.208',
2026-03-13T00:29:37.893339616Z   timestamp: '2026-03-13T00:29:37.771Z',
2026-03-13T00:29:37.893344016Z   category: 'color',
2026-03-13T00:29:37.893348886Z   value: 'Red',
2026-03-13T00:29:37.893353317Z   colorRgba: '#ff0000',
2026-03-13T00:29:37.893357517Z   trackId: 'trk_1773361482537',
2026-03-13T00:29:37.893361677Z   trackTitle: '"Track 3"'
2026-03-13T00:29:37.893365887Z }
2026-03-13T00:29:45.153146675Z Recorded event: {
2026-03-13T00:29:45.153168766Z   id: '1e5ee7e8-c5a6-4b2e-970e-3a18932635e6',
2026-03-13T00:29:45.153174037Z   sessionId: '26f22c1a-4b6c-4877-a49a-b0db23001331',
2026-03-13T00:29:45.153178847Z   userId: 'slogs.hasty1f@icloud.com',
2026-03-13T00:29:45.153183227Z   userName: 'Sofia',
2026-03-13T00:29:45.153188198Z   mockIp: '174.20.164.170',
2026-03-13T00:29:45.153192618Z   timestamp: '2026-03-13T00:29:44.923Z',
2026-03-13T00:29:45.153196578Z   category: 'note',
2026-03-13T00:29:45.153200828Z   value: 'High',
2026-03-13T00:29:45.153205228Z   trackId: 'trk_1773361482537',
2026-03-13T00:29:45.153209689Z   trackTitle: '"Track 3"'
2026-03-13T00:29:45.153214699Z }
2026-03-13T00:29:46.010162272Z Recorded event: {
2026-03-13T00:29:46.010190933Z   id: '86fd9665-02af-47c4-b6ea-91729b87c7f7',
2026-03-13T00:29:46.010196514Z   sessionId: '26f22c1a-4b6c-4877-a49a-b0db23001331',
2026-03-13T00:29:46.010200934Z   userId: 'slogs.hasty1f@icloud.com',
2026-03-13T00:29:46.010205234Z   userName: 'Sofia',
2026-03-13T00:29:46.010210995Z   mockIp: '174.20.164.170',
2026-03-13T00:29:46.010215205Z   timestamp: '2026-03-13T00:29:45.922Z',
2026-03-13T00:29:46.010219365Z   category: 'combined_reaction',
2026-03-13T00:29:46.010223246Z   value: 1,
2026-03-13T00:29:46.010227806Z   colorName: 'None',
2026-03-13T00:29:46.010232026Z   mood: 'None',
2026-03-13T00:29:46.010235916Z   colorRgba: 'transparent',
2026-03-13T00:29:46.010240016Z   reactionLabel: 'None',
2026-03-13T00:29:46.010244287Z   note: 'High',
2026-03-13T00:29:46.010277679Z   trackId: 'trk_1773361482537',
2026-03-13T00:29:46.010280359Z   trackTitle: '"Track 3"'
2026-03-13T00:29:46.010282109Z }
2026-03-13T00:29:50.870931394Z Recorded event: {
2026-03-13T00:29:50.870959656Z   id: '4152a42a-b7c2-45d9-b090-cad588af5d0c',
2026-03-13T00:29:50.870968327Z   sessionId: '8fcb31e8-f037-4110-97e7-b1c0a9208bc8',
2026-03-13T00:29:50.870972147Z   userId: 'anon_1773358674682_f70b3b25bd532@anonymous.local',
2026-03-13T00:29:50.870975807Z   userName: 'Anonymous',
2026-03-13T00:29:50.870980047Z   mockIp: '61.50.62.208',
2026-03-13T00:29:50.870983627Z   timestamp: '2026-03-13T00:29:50.748Z',
2026-03-13T00:29:50.870987118Z   category: 'mood',
2026-03-13T00:29:50.870990738Z   value: 'Anger',
2026-03-13T00:29:50.870994198Z   trackId: 'trk_1773361482537',
2026-03-13T00:29:50.870997698Z   trackTitle: '"Track 3"'
2026-03-13T00:29:50.871001219Z }
2026-03-13T00:29:52.750150113Z Recorded event: {
2026-03-13T00:29:52.750173794Z   id: '506d2857-5d72-4fc5-b543-0740f3639051',
2026-03-13T00:29:52.750179954Z   sessionId: '8fcb31e8-f037-4110-97e7-b1c0a9208bc8',
2026-03-13T00:29:52.750188225Z   userId: 'anon_1773358674682_f70b3b25bd532@anonymous.local',
2026-03-13T00:29:52.750192895Z   userName: 'Anonymous',
2026-03-13T00:29:52.750197615Z   mockIp: '61.50.62.208',
2026-03-13T00:29:52.750201626Z   timestamp: '2026-03-13T00:29:52.596Z',
2026-03-13T00:29:52.750205696Z   category: 'combined_reaction',
2026-03-13T00:29:52.750210186Z   value: 1,
2026-03-13T00:29:52.750214807Z   colorName: 'Red',
2026-03-13T00:29:52.750219267Z   mood: 'Anger',
2026-03-13T00:29:52.750223577Z   colorRgba: '#ff0000',
2026-03-13T00:29:52.750227847Z   reactionLabel: 'None',
2026-03-13T00:29:52.750231998Z   note: 'None',
2026-03-13T00:29:52.750236428Z   trackId: 'trk_1773361482537',
2026-03-13T00:29:52.750240668Z   trackTitle: '"Track 3"'
2026-03-13T00:29:52.750244888Z }
2026-03-13T00:29:54.89004668Z Recorded event: {
2026-03-13T00:29:54.890070691Z   id: '62f66946-3b3c-423e-a383-87c05a8ed812',
2026-03-13T00:29:54.890076911Z   sessionId: '8fcb31e8-f037-4110-97e7-b1c0a9208bc8',
2026-03-13T00:29:54.890081282Z   userId: 'anon_1773358674682_f70b3b25bd532@anonymous.local',
2026-03-13T00:29:54.890086242Z   userName: 'Anonymous',
2026-03-13T00:29:54.890091052Z   mockIp: '61.50.62.208',
2026-03-13T00:29:54.890095453Z   timestamp: '2026-03-13T00:29:54.753Z',
2026-03-13T00:29:54.890100323Z   category: 'reaction',
2026-03-13T00:29:54.890104383Z   value: 'applause',
2026-03-13T00:29:54.890112414Z   trackId: 'trk_1773361482537',
2026-03-13T00:29:54.890117334Z   trackTitle: '"Track 3"'
2026-03-13T00:29:54.890121664Z }
2026-03-13T00:29:57.250632822Z Recorded event: {
2026-03-13T00:29:57.250662724Z   id: 'a77b8176-2671-4cef-a4de-8a972363fd63',
2026-03-13T00:29:57.250671465Z   sessionId: '40f9935c-7b5d-4ef4-a582-531efaf4f575',
2026-03-13T00:29:57.250676355Z   userId: 'slogs.hasty1f@icloud.com',
2026-03-13T00:29:57.250681205Z   userName: 'Sofia',
2026-03-13T00:29:57.250686335Z   mockIp: '174.20.164.170',
2026-03-13T00:29:57.25109495Z   timestamp: '2026-03-13T00:29:56.828Z',
2026-03-13T00:29:57.251103961Z   category: 'note',
2026-03-13T00:29:57.251108061Z   value: 'High',
2026-03-13T00:29:57.251112761Z   trackId: 'trk_1773361482537',
2026-03-13T00:29:57.251116712Z   trackTitle: '"Track 3"'
2026-03-13T00:29:57.251120722Z }
2026-03-13T00:29:57.458742059Z Recorded event: {
2026-03-13T00:29:57.458775961Z   id: '26bce1a6-1d79-4df6-a2ad-bba70231922c',
2026-03-13T00:29:57.458783231Z   sessionId: 'ee1ba237-04bd-4e4e-a2b9-e4cb17ea9cd5',
2026-03-13T00:29:57.458802932Z   userId: 'anon_1773357847698_fca6b6158cc838@anonymous.local',
2026-03-13T00:29:57.458805903Z   userName: 'Anonymous',
2026-03-13T00:29:57.458810803Z   mockIp: '186.52.152.250',
2026-03-13T00:29:57.458813123Z   timestamp: '2026-03-13T00:29:57.343Z',
2026-03-13T00:29:57.458815273Z   category: 'color',
2026-03-13T00:29:57.458817403Z   value: 'Crimson',
2026-03-13T00:29:57.458819503Z   colorRgba: '#ff002b',
2026-03-13T00:29:57.458821753Z   trackId: 'trk_1773361482537',
2026-03-13T00:29:57.458823873Z   trackTitle: '"Track 3"'
2026-03-13T00:29:57.458826034Z }
2026-03-13T00:29:58.211039508Z Recorded event: {
2026-03-13T00:29:58.211063629Z   id: 'bbac14bf-fee1-449a-a130-dba135799d96',
2026-03-13T00:29:58.211067979Z   sessionId: '40f9935c-7b5d-4ef4-a582-531efaf4f575',
2026-03-13T00:29:58.211070669Z   userId: 'slogs.hasty1f@icloud.com',
2026-03-13T00:29:58.211073479Z   userName: 'Sofia',
2026-03-13T00:29:58.21107677Z   mockIp: '174.20.164.170',
2026-03-13T00:29:58.21107958Z   timestamp: '2026-03-13T00:29:57.875Z',
2026-03-13T00:29:58.21108275Z   category: 'combined_reaction',
2026-03-13T00:29:58.21108568Z   value: 1,
2026-03-13T00:29:58.2110886Z   colorName: 'None',
2026-03-13T00:29:58.211091171Z   mood: 'None',
2026-03-13T00:29:58.211094141Z   colorRgba: 'transparent',
2026-03-13T00:29:58.211097261Z   reactionLabel: 'None',
2026-03-13T00:29:58.211099911Z   note: 'High',
2026-03-13T00:29:58.211102811Z   trackId: 'trk_1773361482537',
2026-03-13T00:29:58.211105852Z   trackTitle: '"Track 3"'
2026-03-13T00:29:58.211108442Z }
2026-03-13T00:30:02.038968573Z Recorded event: {
2026-03-13T00:30:02.038996304Z   id: 'b60321ac-313b-494c-9084-35128a51ed2b',
2026-03-13T00:30:02.039002455Z   sessionId: 'ee1ba237-04bd-4e4e-a2b9-e4cb17ea9cd5',
2026-03-13T00:30:02.039007525Z   userId: 'anon_1773357847698_fca6b6158cc838@anonymous.local',
2026-03-13T00:30:02.039012605Z   userName: 'Anonymous',
2026-03-13T00:30:02.039017256Z   mockIp: '186.52.152.250',
2026-03-13T00:30:02.039021596Z   timestamp: '2026-03-13T00:30:01.722Z',
2026-03-13T00:30:02.039025536Z   category: 'mood',
2026-03-13T00:30:02.039029746Z   value: 'Confusion',
2026-03-13T00:30:02.039033717Z   trackId: 'trk_1773361482537',
2026-03-13T00:30:02.039037697Z   trackTitle: '"Track 3"'
2026-03-13T00:30:02.039042027Z }
2026-03-13T00:30:02.513820538Z Recorded event: {
2026-03-13T00:30:02.5138488Z   id: '1c70efc2-65f9-4967-93f0-0379a988e007',
2026-03-13T00:30:02.51385447Z   sessionId: 'c47205ce-764b-4fa1-8fdf-9511ffffeabf',
2026-03-13T00:30:02.513858871Z   userId: 'kevin.young.m@gmail.com',
2026-03-13T00:30:02.513863591Z   userName: 'KMNDR',
2026-03-13T00:30:02.513868721Z   mockIp: '114.143.63.112',
2026-03-13T00:30:02.513873192Z   timestamp: '2026-03-13T00:30:04.135Z',
2026-03-13T00:30:02.513877542Z   category: 'reaction',
2026-03-13T00:30:02.513881762Z   value: 'like',
2026-03-13T00:30:02.513885822Z   trackId: 'trk_1773361482537',
2026-03-13T00:30:02.513889962Z   trackTitle: '"Track 3"'
2026-03-13T00:30:02.513894143Z }
2026-03-13T00:30:02.82364301Z Recorded event: {
2026-03-13T00:30:02.823667331Z   id: '5255d3d3-10ec-406f-90e4-1da4999697e6',
2026-03-13T00:30:02.823674272Z   sessionId: 'ee1ba237-04bd-4e4e-a2b9-e4cb17ea9cd5',
2026-03-13T00:30:02.823679612Z   userId: 'anon_1773357847698_fca6b6158cc838@anonymous.local',
2026-03-13T00:30:02.823685232Z   userName: 'Anonymous',
2026-03-13T00:30:02.823691833Z   mockIp: '186.52.152.250',
2026-03-13T00:30:02.823697773Z   timestamp: '2026-03-13T00:30:02.707Z',
2026-03-13T00:30:02.823703544Z   category: 'reaction',
2026-03-13T00:30:02.823722485Z   value: 'applause',
2026-03-13T00:30:02.823726355Z   trackId: 'trk_1773361482537',
2026-03-13T00:30:02.823730335Z   trackTitle: '"Track 3"'
2026-03-13T00:30:02.823733755Z }
2026-03-13T00:30:05.429362403Z Recorded event: {
2026-03-13T00:30:05.429397045Z   id: 'c5071186-0791-45aa-88f5-8c55c8271197',
2026-03-13T00:30:05.429400755Z   sessionId: 'c47205ce-764b-4fa1-8fdf-9511ffffeabf',
2026-03-13T00:30:05.429402995Z   userId: 'kevin.young.m@gmail.com',
2026-03-13T00:30:05.429405205Z   userName: 'KMNDR',
2026-03-13T00:30:05.429408406Z   mockIp: '114.143.63.112',
2026-03-13T00:30:05.429410606Z   timestamp: '2026-03-13T00:30:07.066Z',
2026-03-13T00:30:05.429417936Z   category: 'combined_reaction',
2026-03-13T00:30:05.429422896Z   value: 1,
2026-03-13T00:30:05.429425347Z   colorName: 'None',
2026-03-13T00:30:05.429427377Z   mood: 'None',
2026-03-13T00:30:05.429429357Z   colorRgba: 'transparent',
2026-03-13T00:30:05.429431467Z   reactionLabel: 'None',
2026-03-13T00:30:05.429433677Z   note: 'None',
2026-03-13T00:30:05.429435617Z   trackId: 'trk_1773361482537',
2026-03-13T00:30:05.429437787Z   trackTitle: '"Track 3"'
2026-03-13T00:30:05.429439748Z }
2026-03-13T00:30:07.010654308Z Recorded event: {
2026-03-13T00:30:07.010673899Z   id: '3cf45142-fdf9-45db-83eb-34b55011da9c',
2026-03-13T00:30:07.010676889Z   sessionId: 'c47205ce-764b-4fa1-8fdf-9511ffffeabf',
2026-03-13T00:30:07.010678979Z   userId: 'kevin.young.m@gmail.com',
2026-03-13T00:30:07.01068143Z   userName: 'KMNDR',
2026-03-13T00:30:07.01068413Z   mockIp: '114.143.63.112',
2026-03-13T00:30:07.01068591Z   timestamp: '2026-03-13T00:30:08.627Z',
2026-03-13T00:30:07.01068764Z   category: 'combined_reaction',
2026-03-13T00:30:07.01068948Z   value: 1,
2026-03-13T00:30:07.0106912Z   colorName: 'None',
2026-03-13T00:30:07.01069291Z   mood: 'None',
2026-03-13T00:30:07.010695371Z   colorRgba: 'transparent',
2026-03-13T00:30:07.010697091Z   reactionLabel: 'None',
2026-03-13T00:30:07.010698771Z   note: 'None',
2026-03-13T00:30:07.010700541Z   trackId: 'trk_1773361482537',
2026-03-13T00:30:07.010702311Z   trackTitle: '"Track 3"'
2026-03-13T00:30:07.010703991Z }
2026-03-13T00:30:08.671113921Z Recorded event: {
2026-03-13T00:30:08.671135242Z   id: '19533e56-a62f-4207-b2ce-db13138d4304',
2026-03-13T00:30:08.671138872Z   sessionId: 'c47205ce-764b-4fa1-8fdf-9511ffffeabf',
2026-03-13T00:30:08.671141562Z   userId: 'kevin.young.m@gmail.com',
2026-03-13T00:30:08.671144233Z   userName: 'KMNDR',
2026-03-13T00:30:08.671147293Z   mockIp: '114.143.63.112',
2026-03-13T00:30:08.671153533Z   timestamp: '2026-03-13T00:30:10.316Z',
2026-03-13T00:30:08.671156314Z   category: 'combined_reaction',
2026-03-13T00:30:08.671159034Z   value: 1,
2026-03-13T00:30:08.671162104Z   colorName: 'None',
2026-03-13T00:30:08.671164614Z   mood: 'None',
2026-03-13T00:30:08.671166984Z   colorRgba: 'transparent',
2026-03-13T00:30:08.671169694Z   reactionLabel: 'None',
2026-03-13T00:30:08.671172075Z   note: 'None',
2026-03-13T00:30:08.671174995Z   trackId: 'trk_1773361482537',
2026-03-13T00:30:08.671177805Z   trackTitle: '"Track 3"'
2026-03-13T00:30:08.671180165Z }
2026-03-13T00:30:12.522671532Z Recorded event: {
2026-03-13T00:30:12.522703374Z   id: '0dc39661-4e07-4c5f-a965-a3f534ed25f4',
2026-03-13T00:30:12.522707385Z   sessionId: 'c47205ce-764b-4fa1-8fdf-9511ffffeabf',
2026-03-13T00:30:12.522709825Z   userId: 'kevin.young.m@gmail.com',
2026-03-13T00:30:12.522712175Z   userName: 'KMNDR',
2026-03-13T00:30:12.522715015Z   mockIp: '114.143.63.112',
2026-03-13T00:30:12.522730596Z   timestamp: '2026-03-13T00:30:14.285Z',
2026-03-13T00:30:12.522733466Z   category: 'color',
2026-03-13T00:30:12.522735747Z   value: 'Harlequin',
2026-03-13T00:30:12.522737867Z   colorRgba: '#2bff00',
2026-03-13T00:30:12.522740007Z   trackId: 'trk_1773361482537',
2026-03-13T00:30:12.522743117Z   trackTitle: '"Track 3"'
2026-03-13T00:30:12.522745557Z }
2026-03-13T00:30:14.650463953Z Recorded event: {
2026-03-13T00:30:14.650495205Z   id: '99874522-36cf-4012-bafd-ee4e577e7d33',
2026-03-13T00:30:14.650499245Z   sessionId: 'c47205ce-764b-4fa1-8fdf-9511ffffeabf',
2026-03-13T00:30:14.650501685Z   userId: 'kevin.young.m@gmail.com',
2026-03-13T00:30:14.650504365Z   userName: 'KMNDR',
2026-03-13T00:30:14.650507746Z   mockIp: '114.143.63.112',
2026-03-13T00:30:14.650510276Z   timestamp: '2026-03-13T00:30:16.333Z',
2026-03-13T00:30:14.650512756Z   category: 'reaction',
2026-03-13T00:30:14.650515086Z   value: 'applause',
2026-03-13T00:30:14.650517506Z   trackId: 'trk_1773361482537',
2026-03-13T00:30:14.650519876Z   trackTitle: '"Track 3"'
2026-03-13T00:30:14.650522327Z }
2026-03-13T00:30:17.106923417Z Recorded event: {
2026-03-13T00:30:17.106953399Z   id: 'f4ad42e3-22b4-4dd8-b07f-45ac382c1a56',
2026-03-13T00:30:17.106957809Z   sessionId: 'c47205ce-764b-4fa1-8fdf-9511ffffeabf',
2026-03-13T00:30:17.106960749Z   userId: 'kevin.young.m@gmail.com',
2026-03-13T00:30:17.106963319Z   userName: 'KMNDR',
2026-03-13T00:30:17.10696649Z   mockIp: '114.143.63.112',
2026-03-13T00:30:17.10696902Z   timestamp: '2026-03-13T00:30:18.775Z',
2026-03-13T00:30:17.10697174Z   category: 'combined_reaction',
2026-03-13T00:30:17.10697426Z   value: 4,
2026-03-13T00:30:17.10697734Z   colorName: 'None',
2026-03-13T00:30:17.106979811Z   mood: 'None',
2026-03-13T00:30:17.106982261Z   colorRgba: 'transparent',
2026-03-13T00:30:17.106984931Z   reactionLabel: 'applause',
2026-03-13T00:30:17.106987311Z   note: 'None',
2026-03-13T00:30:17.106989541Z   trackId: 'trk_1773361482537',
2026-03-13T00:30:17.106991961Z   trackTitle: '"Track 3"'
2026-03-13T00:30:17.106994331Z }
2026-03-13T00:30:21.683203826Z Recorded event: {
2026-03-13T00:30:21.683225907Z   id: '6b2f56c2-c4ba-4458-8d0c-4f9672add4b8',
2026-03-13T00:30:21.683230117Z   sessionId: 'a224eb29-cf13-41c2-a9c9-c4069b623d06',
2026-03-13T00:30:21.683232688Z   userId: 'wes.lipschultz@gmail.com',
2026-03-13T00:30:21.683235758Z   userName: 'Wes',
2026-03-13T00:30:21.683239548Z   mockIp: '103.215.180.217',
2026-03-13T00:30:21.683242108Z   timestamp: '2026-03-13T00:30:21.570Z',
2026-03-13T00:30:21.683244768Z   category: 'note',
2026-03-13T00:30:21.683247218Z   value: 'The boundlessness of human creativity',
2026-03-13T00:30:21.683249929Z   trackId: 'trk_1773361482537',
2026-03-13T00:30:21.683252569Z   trackTitle: '"Track 3"'
2026-03-13T00:30:21.683255559Z }
2026-03-13T00:30:23.254646081Z Recorded event: {
2026-03-13T00:30:23.254676273Z   id: 'ec0d4112-0565-41be-92d2-a54781ec1cbb',
2026-03-13T00:30:23.254680663Z   sessionId: 'a224eb29-cf13-41c2-a9c9-c4069b623d06',
2026-03-13T00:30:23.254683023Z   userId: 'wes.lipschultz@gmail.com',
2026-03-13T00:30:23.254685214Z   userName: 'Wes',
2026-03-13T00:30:23.254688134Z   mockIp: '103.215.180.217',
2026-03-13T00:30:23.254690294Z   timestamp: '2026-03-13T00:30:23.136Z',
2026-03-13T00:30:23.254692294Z   category: 'combined_reaction',
2026-03-13T00:30:23.254694294Z   value: 1,
2026-03-13T00:30:23.254696614Z   colorName: 'None',
2026-03-13T00:30:23.254698674Z   mood: 'None',
2026-03-13T00:30:23.254700695Z   colorRgba: 'transparent',
2026-03-13T00:30:23.254717345Z   reactionLabel: 'None',
2026-03-13T00:30:23.254719925Z   note: 'The boundlessness of human creativity',
2026-03-13T00:30:23.254722086Z   trackId: 'trk_1773361482537',
2026-03-13T00:30:23.254724106Z   trackTitle: '"Track 3"'
2026-03-13T00:30:23.254726166Z }
2026-03-13T00:30:26.391558017Z Recorded event: {
2026-03-13T00:30:26.391585919Z   id: '7b70a148-d531-49db-9f53-fc62d0aa8e6d',
2026-03-13T00:30:26.391589369Z   sessionId: 'ee1ba237-04bd-4e4e-a2b9-e4cb17ea9cd5',
2026-03-13T00:30:26.391591839Z   userId: 'anon_1773357847698_fca6b6158cc838@anonymous.local',
2026-03-13T00:30:26.391594299Z   userName: 'Anonymous',
2026-03-13T00:30:26.391599849Z   mockIp: '186.52.152.250',
2026-03-13T00:30:26.39160226Z   timestamp: '2026-03-13T00:30:26.263Z',
2026-03-13T00:30:26.391604449Z   category: 'combined_reaction',
2026-03-13T00:30:26.39160683Z   value: 4,
2026-03-13T00:30:26.39160903Z   colorName: 'Crimson',
2026-03-13T00:30:26.39161122Z   mood: 'Confusion',
2026-03-13T00:30:26.39161346Z   colorRgba: '#ff002b',
2026-03-13T00:30:26.39161579Z   reactionLabel: 'applause',
2026-03-13T00:30:26.391618021Z   note: 'None',
2026-03-13T00:30:26.39162031Z   trackId: 'trk_1773361482537',
2026-03-13T00:30:26.391622571Z   trackTitle: '"Track 3"'
2026-03-13T00:30:26.391624801Z }
2026-03-13T00:30:48.362251918Z Recorded event: {
2026-03-13T00:30:48.36227643Z   id: '1b0f1b61-4b63-4ff3-b572-513e687f05d9',
2026-03-13T00:30:48.36228191Z   sessionId: '413bdc6d-a953-4454-bc62-1fd050a519fd',
2026-03-13T00:30:48.362285751Z   userId: 'elycemairn@gmail.com',
2026-03-13T00:30:48.362289331Z   userName: 'Elyce',
2026-03-13T00:30:48.362293501Z   mockIp: '227.167.223.35',
2026-03-13T00:30:48.362296961Z   timestamp: '2026-03-13T00:30:48.107Z',
2026-03-13T00:30:48.362300512Z   category: 'note',
2026-03-13T00:30:48.362303982Z   value: 'Awesome',
2026-03-13T00:30:48.362307542Z   trackId: 'trk_1773361432834'
2026-03-13T00:30:48.362311512Z }
2026-03-13T00:30:55.737064001Z Recorded event: {
2026-03-13T00:30:55.737087393Z   id: 'f231ecff-82af-4c16-8698-f782e23daf37',
2026-03-13T00:30:55.737093593Z   sessionId: '413bdc6d-a953-4454-bc62-1fd050a519fd',
2026-03-13T00:30:55.737097743Z   userId: 'elycemairn@gmail.com',
2026-03-13T00:30:55.737101884Z   userName: 'Elyce',
2026-03-13T00:30:55.737110854Z   mockIp: '227.167.223.35',
2026-03-13T00:30:55.737115624Z   timestamp: '2026-03-13T00:30:55.623Z',
2026-03-13T00:30:55.737119965Z   category: 'color',
2026-03-13T00:30:55.737124285Z   value: 'Capri',
2026-03-13T00:30:55.737128645Z   colorRgba: '#00aaff',
2026-03-13T00:30:55.737132606Z   trackId: 'trk_1773361482537',
2026-03-13T00:30:55.737136776Z   trackTitle: '"Track 3"'
2026-03-13T00:30:55.737140956Z }
2026-03-13T00:30:59.046562651Z Recorded event: {
2026-03-13T00:30:59.046586362Z   id: '54e11219-84c8-412a-99bf-6014600409d3',
2026-03-13T00:30:59.046591433Z   sessionId: '413bdc6d-a953-4454-bc62-1fd050a519fd',
2026-03-13T00:30:59.046595873Z   userId: 'elycemairn@gmail.com',
2026-03-13T00:30:59.046599793Z   userName: 'Elyce',
2026-03-13T00:30:59.046603763Z   mockIp: '227.167.223.35',
2026-03-13T00:30:59.046607703Z   timestamp: '2026-03-13T00:30:58.920Z',
2026-03-13T00:30:59.046611704Z   category: 'combined_reaction',
2026-03-13T00:30:59.046615934Z   value: 1,
2026-03-13T00:30:59.046619954Z   colorName: 'Capri',
2026-03-13T00:30:59.046624304Z   mood: 'None',
2026-03-13T00:30:59.046628315Z   colorRgba: '#00aaff',
2026-03-13T00:30:59.046632185Z   reactionLabel: 'None',
2026-03-13T00:30:59.046636055Z   note: 'None',
2026-03-13T00:30:59.046649736Z   trackId: 'trk_1773361482537',
2026-03-13T00:30:59.046652576Z   trackTitle: '"Track 3"'
2026-03-13T00:30:59.046655197Z }