2026-03-12T23:45:08.715209019Z Recorded event: {
2026-03-12T23:45:08.71523133Z   id: 'c00ce015-42a5-4c7d-9800-0dbc997b840a',
2026-03-12T23:45:08.715236181Z   sessionId: '1c4a9671-5d71-4a4a-ab08-169838400a23',
2026-03-12T23:45:08.715240391Z   userId: 'anon_1773357342171_da4ead55ec82b@anonymous.local',
2026-03-12T23:45:08.715244271Z   userName: 'Anonymous',
2026-03-12T23:45:08.715249251Z   mockIp: '240.97.253.23',
2026-03-12T23:45:08.715252991Z   timestamp: '2026-03-12T23:45:06.856Z',
2026-03-12T23:45:08.715256842Z   category: 'color',
2026-03-12T23:45:08.715260572Z   value: 'Emerald',
2026-03-12T23:45:08.715264242Z   colorRgba: '#00ff2a',
2026-03-12T23:45:08.715267852Z   trackId: 'trk_1773358703627',
2026-03-12T23:45:08.715271773Z   trackTitle: 'Track 1'
2026-03-12T23:45:08.715275393Z }
2026-03-12T23:45:14.139606037Z Recorded event: {
2026-03-12T23:45:14.139633889Z   id: '294c8fd5-bb23-4f28-8aac-3391cf46cb01',
2026-03-12T23:45:14.139639059Z   sessionId: '1c4a9671-5d71-4a4a-ab08-169838400a23',
2026-03-12T23:45:14.139643129Z   userId: 'anon_1773357342171_da4ead55ec82b@anonymous.local',
2026-03-12T23:45:14.13964771Z   userName: 'Anonymous',
2026-03-12T23:45:14.13965236Z   mockIp: '240.97.253.23',
2026-03-12T23:45:14.13965601Z   timestamp: '2026-03-12T23:45:13.974Z',
2026-03-12T23:45:14.139660191Z   category: 'reaction',
2026-03-12T23:45:14.139663891Z   value: 'applause',
2026-03-12T23:45:14.139667811Z   trackId: 'trk_1773358703627',
2026-03-12T23:45:14.139671571Z   trackTitle: 'Track 1'
2026-03-12T23:45:14.139675481Z }
2026-03-12T23:45:14.922067939Z Recorded event: {
2026-03-12T23:45:14.92209109Z   id: '8a66cf78-2596-4d6a-bf10-231943d81ce3',
2026-03-12T23:45:14.922096361Z   sessionId: 'd6c5dae2-d2a7-4277-8109-a39646ec61f4',
2026-03-12T23:45:14.922100071Z   userId: 'anon_1773358533513_928475e7c7a7@anonymous.local',
2026-03-12T23:45:14.922104051Z   userName: 'Anonymous',
2026-03-12T23:45:14.922108231Z   mockIp: '224.64.131.169',
2026-03-12T23:45:14.922111842Z   timestamp: '2026-03-12T23:45:14.398Z',
2026-03-12T23:45:14.922115482Z   category: 'color',
2026-03-12T23:45:14.922119032Z   value: 'Capri',
2026-03-12T23:45:14.922122602Z   colorRgba: '#00aaff',
2026-03-12T23:45:14.922126023Z   trackId: 'trk_1773358703627',
2026-03-12T23:45:14.922129593Z   trackTitle: 'Track 1'
2026-03-12T23:45:14.922133183Z }
2026-03-12T23:45:16.224262902Z Recorded event: {
2026-03-12T23:45:16.224295104Z   id: '11faa6c7-5dc7-4cea-89e4-d00948eaeec8',
2026-03-12T23:45:16.224303365Z   sessionId: '39086430-2d7b-4ef6-8abf-f19cf4cafe15',
2026-03-12T23:45:16.224308405Z   userId: 'anon_1773358685797_7f15bd20b00d8@anonymous.local',
2026-03-12T23:45:16.224312595Z   userName: 'Anonymous',
2026-03-12T23:45:16.224317715Z   mockIp: '97.115.93.67',
2026-03-12T23:45:16.224321846Z   timestamp: '2026-03-12T23:45:15.979Z',
2026-03-12T23:45:16.224325736Z   category: 'note_skip',
2026-03-12T23:45:16.224329576Z   value: 'skipped',
2026-03-12T23:45:16.224334216Z   trackId: 'trk_1773358701641'
2026-03-12T23:45:16.224338187Z }
2026-03-12T23:45:20.248060326Z Recorded event: {
2026-03-12T23:45:20.248087278Z   id: '1c1db454-4241-4d50-8820-e01389ab725a',
2026-03-12T23:45:20.248092868Z   sessionId: '1c4a9671-5d71-4a4a-ab08-169838400a23',
2026-03-12T23:45:20.248108159Z   userId: 'anon_1773357342171_da4ead55ec82b@anonymous.local',
2026-03-12T23:45:20.248110329Z   userName: 'Anonymous',
2026-03-12T23:45:20.248112619Z   mockIp: '240.97.253.23',
2026-03-12T23:45:20.24811435Z   timestamp: '2026-03-12T23:45:20.109Z',
2026-03-12T23:45:20.24811617Z   category: 'combined_reaction',
2026-03-12T23:45:20.24811824Z   value: 4,
2026-03-12T23:45:20.24812043Z   colorName: 'Emerald',
2026-03-12T23:45:20.24812325Z   mood: 'None',
2026-03-12T23:45:20.24812642Z   colorRgba: '#00ff2a',
2026-03-12T23:45:20.24812898Z   reactionLabel: 'applause',
2026-03-12T23:45:20.24813162Z   note: 'None',
2026-03-12T23:45:20.248134091Z   trackId: 'trk_1773358703627',
2026-03-12T23:45:20.248136941Z   trackTitle: 'Track 1'
2026-03-12T23:45:20.248139571Z }
2026-03-12T23:45:28.152340325Z Recorded event: {
2026-03-12T23:45:28.152366527Z   id: 'af125858-e6ad-4830-92cd-71d0f724978c',
2026-03-12T23:45:28.152372857Z   sessionId: '39086430-2d7b-4ef6-8abf-f19cf4cafe15',
2026-03-12T23:45:28.152377397Z   userId: 'anon_1773358685797_7f15bd20b00d8@anonymous.local',
2026-03-12T23:45:28.152381868Z   userName: 'Anonymous',
2026-03-12T23:45:28.152387238Z   mockIp: '97.115.93.67',
2026-03-12T23:45:28.152391378Z   timestamp: '2026-03-12T23:45:28.021Z',
2026-03-12T23:45:28.152395978Z   category: 'color',
2026-03-12T23:45:28.152400429Z   value: 'Blue',
2026-03-12T23:45:28.152404849Z   colorRgba: '#0000ff',
2026-03-12T23:45:28.152409329Z   trackId: 'trk_1773358703627',
2026-03-12T23:45:28.152413799Z   trackTitle: 'Track 1'
2026-03-12T23:45:28.15241781Z }
2026-03-12T23:45:34.564496947Z Recorded event: {
2026-03-12T23:45:34.564525719Z   id: '084013ac-9c17-4dfb-9431-7377e77916d7',
2026-03-12T23:45:34.564556451Z   sessionId: 'cb4e2496-2a9b-4f16-85f2-5383c9ab33a7',
2026-03-12T23:45:34.564560541Z   userId: 'maeganmarlow@icloud.com',
2026-03-12T23:45:34.564564371Z   userName: 'Maegan',
2026-03-12T23:45:34.564568502Z   mockIp: '68.210.113.118',
2026-03-12T23:45:34.564572092Z   timestamp: '2026-03-12T23:45:34.491Z',
2026-03-12T23:45:34.564575892Z   category: 'mood',
2026-03-12T23:45:34.564579352Z   value: 'Anticipation',
2026-03-12T23:45:34.564582803Z   trackId: 'trk_1773358703627',
2026-03-12T23:45:34.564586373Z   trackTitle: 'Track 1'
2026-03-12T23:45:34.564589933Z }
2026-03-12T23:45:37.13088696Z Recorded event: {
2026-03-12T23:45:37.130923082Z   id: 'd153ffff-3754-4508-9c2b-0b934288ed90',
2026-03-12T23:45:37.130929773Z   sessionId: 'cb4e2496-2a9b-4f16-85f2-5383c9ab33a7',
2026-03-12T23:45:37.130934103Z   userId: 'maeganmarlow@icloud.com',
2026-03-12T23:45:37.130938383Z   userName: 'Maegan',
2026-03-12T23:45:37.130943313Z   mockIp: '68.210.113.118',
2026-03-12T23:45:37.130947284Z   timestamp: '2026-03-12T23:45:37.057Z',
2026-03-12T23:45:37.130951484Z   category: 'combined_reaction',
2026-03-12T23:45:37.130955314Z   value: 1,
2026-03-12T23:45:37.130959514Z   colorName: 'None',
2026-03-12T23:45:37.130964135Z   mood: 'Anticipation',
2026-03-12T23:45:37.130968885Z   colorRgba: 'transparent',
2026-03-12T23:45:37.130973085Z   reactionLabel: 'None',
2026-03-12T23:45:37.130977386Z   note: 'None',
2026-03-12T23:45:37.130981696Z   trackId: 'trk_1773358703627',
2026-03-12T23:45:37.130985856Z   trackTitle: 'Track 1'
2026-03-12T23:45:37.130994077Z }
2026-03-12T23:45:52.222091925Z Recorded event: {
2026-03-12T23:45:52.222117616Z   id: '265fefeb-ee20-4f4d-864b-cdf33e837bb3',
2026-03-12T23:45:52.222124017Z   sessionId: '39086430-2d7b-4ef6-8abf-f19cf4cafe15',
2026-03-12T23:45:52.222128507Z   userId: 'anon_1773358685797_7f15bd20b00d8@anonymous.local',
2026-03-12T23:45:52.222144668Z   userName: 'Anonymous',
2026-03-12T23:45:52.222147328Z   mockIp: '97.115.93.67',
2026-03-12T23:45:52.222149938Z   timestamp: '2026-03-12T23:45:52.081Z',
2026-03-12T23:45:52.222152329Z   category: 'mood',
2026-03-12T23:45:52.222155059Z   value: 'Anticipation',
2026-03-12T23:45:52.222157299Z   trackId: 'trk_1773358703627',
2026-03-12T23:45:52.222159919Z   trackTitle: 'Track 1'
2026-03-12T23:45:52.222162259Z }
2026-03-12T23:45:55.614862732Z Recorded event: {
2026-03-12T23:45:55.614902604Z   id: '479f9893-bfdc-4a4d-a21b-935ca5192d7c',
2026-03-12T23:45:55.614909165Z   sessionId: '39086430-2d7b-4ef6-8abf-f19cf4cafe15',
2026-03-12T23:45:55.614913225Z   userId: 'anon_1773358685797_7f15bd20b00d8@anonymous.local',
2026-03-12T23:45:55.614916935Z   userName: 'Anonymous',
2026-03-12T23:45:55.614921136Z   mockIp: '97.115.93.67',
2026-03-12T23:45:55.614924746Z   timestamp: '2026-03-12T23:45:55.442Z',
2026-03-12T23:45:55.614928256Z   category: 'reaction',
2026-03-12T23:45:55.614931976Z   value: 'like',
2026-03-12T23:45:55.614935736Z   trackId: 'trk_1773358703627',
2026-03-12T23:45:55.614939277Z   trackTitle: 'Track 1'
2026-03-12T23:45:55.614942797Z }
2026-03-12T23:46:11.180878633Z Recorded event: {
2026-03-12T23:46:11.180906255Z   id: '3d026fed-8ea8-444c-91cc-d89cf58f3b11',
2026-03-12T23:46:11.180911705Z   sessionId: 'cb4e2496-2a9b-4f16-85f2-5383c9ab33a7',
2026-03-12T23:46:11.180915725Z   userId: 'maeganmarlow@icloud.com',
2026-03-12T23:46:11.180920016Z   userName: 'Maegan',
2026-03-12T23:46:11.180933727Z   mockIp: '68.210.113.118',
2026-03-12T23:46:11.180938297Z   timestamp: '2026-03-12T23:46:11.102Z',
2026-03-12T23:46:11.180942557Z   category: 'color',
2026-03-12T23:46:11.180946438Z   value: 'Sapphire',
2026-03-12T23:46:11.180950298Z   colorRgba: '#0055ff',
2026-03-12T23:46:11.180954178Z   trackId: 'trk_1773358703627',
2026-03-12T23:46:11.180958148Z   trackTitle: 'Track 1'
2026-03-12T23:46:11.180962328Z }
2026-03-12T23:46:13.886474151Z Recorded event: {
2026-03-12T23:46:13.886497603Z   id: '1c8469cf-c20c-46ab-aac7-a1a4460a9aca',
2026-03-12T23:46:13.886502693Z   sessionId: 'cb4e2496-2a9b-4f16-85f2-5383c9ab33a7',
2026-03-12T23:46:13.886506624Z   userId: 'maeganmarlow@icloud.com',
2026-03-12T23:46:13.886510654Z   userName: 'Maegan',
2026-03-12T23:46:13.886515364Z   mockIp: '68.210.113.118',
2026-03-12T23:46:13.886519134Z   timestamp: '2026-03-12T23:46:13.811Z',
2026-03-12T23:46:13.886522974Z   category: 'combined_reaction',
2026-03-12T23:46:13.886542066Z   value: 1,
2026-03-12T23:46:13.886548146Z   colorName: 'Sapphire',
2026-03-12T23:46:13.886552116Z   mood: 'None',
2026-03-12T23:46:13.886556187Z   colorRgba: '#0055ff',
2026-03-12T23:46:13.886559897Z   reactionLabel: 'None',
2026-03-12T23:46:13.886563777Z   note: 'None',
2026-03-12T23:46:13.886567587Z   trackId: 'trk_1773358703627',
2026-03-12T23:46:13.886571437Z   trackTitle: 'Track 1'
2026-03-12T23:46:13.886575428Z }
2026-03-12T23:46:24.70675485Z Recorded event: {
2026-03-12T23:46:24.706789862Z   id: '6a3c029f-ae4b-4223-b7c0-153930df0240',
2026-03-12T23:46:24.706795482Z   sessionId: '39086430-2d7b-4ef6-8abf-f19cf4cafe15',
2026-03-12T23:46:24.706799193Z   userId: 'anon_1773358685797_7f15bd20b00d8@anonymous.local',
2026-03-12T23:46:24.706802853Z   userName: 'Anonymous',
2026-03-12T23:46:24.706807283Z   mockIp: '97.115.93.67',
2026-03-12T23:46:24.706811413Z   timestamp: '2026-03-12T23:46:24.607Z',
2026-03-12T23:46:24.706815354Z   category: 'combined_reaction',
2026-03-12T23:46:24.706818894Z   value: 2,
2026-03-12T23:46:24.706835025Z   colorName: 'Blue',
2026-03-12T23:46:24.706837395Z   mood: 'Anticipation',
2026-03-12T23:46:24.706839555Z   colorRgba: '#0000ff',
2026-03-12T23:46:24.706841645Z   reactionLabel: 'like',
2026-03-12T23:46:24.706843715Z   note: 'None',
2026-03-12T23:46:24.706845895Z   trackId: 'trk_1773358703627',
2026-03-12T23:46:24.706848096Z   trackTitle: 'Track 1'
2026-03-12T23:46:24.706850436Z }
2026-03-12T23:46:41.453297285Z [Track] Auto-ending current track trk_1773358703627 before starting new one.
2026-03-12T23:46:41.453404391Z [Watcher] Track End! Active Users: 12 (Total Connected: 12)
2026-03-12T23:46:41.453412642Z [Watcher] Started waiting on 12 users for trk_1773358703627.
2026-03-12T23:47:11.453649356Z [Watcher] Timeout reached for trk_1773358703627, triggering automated generation.
2026-03-12T23:47:11.453677637Z Triggering automated story + image generation cycle for trk_1773358703627
2026-03-12T23:47:11.453685338Z Generating story specifically for track trk_1773358703627...
2026-03-12T23:47:11.454189889Z Aggregated trackData keys: 6
2026-03-12T23:47:11.454836118Z Preparing prompts for track trk_1773358703627 - Track 1
2026-03-12T23:47:11.555582685Z Failed to generate story for Track 1: Error: Story API returned 400: {
2026-03-12T23:47:11.555605807Z   "error": {
2026-03-12T23:47:11.555609297Z     "code": 400,
2026-03-12T23:47:11.555612377Z     "message": "API key not valid. Please pass a valid API key.",
2026-03-12T23:47:11.555618117Z     "status": "INVALID_ARGUMENT",
2026-03-12T23:47:11.555621438Z     "details": [
2026-03-12T23:47:11.555624208Z       {
2026-03-12T23:47:11.555629018Z         "@type": "type.googleapis.com/google.rpc.ErrorInfo",
2026-03-12T23:47:11.555632078Z         "reason": "API_KEY_INVALID",
2026-03-12T23:47:11.555634958Z         "domain": "googleapis.com",
2026-03-12T23:47:11.555638579Z         "metadata": {
2026-03-12T23:47:11.555642389Z           "service": "generativelanguage.googleapis.com"
2026-03-12T23:47:11.555647359Z         }
2026-03-12T23:47:11.555652239Z       },
2026-03-12T23:47:11.55565647Z       {
2026-03-12T23:47:11.55566063Z         "@type": "type.googleapis.com/google.rpc.LocalizedMessage",
2026-03-12T23:47:11.55566596Z         "locale": "en-US",
2026-03-12T23:47:11.555670171Z         "message": "API key not valid. Please pass a valid API key."
2026-03-12T23:47:11.555674331Z       }
2026-03-12T23:47:11.555678381Z     ]
2026-03-12T23:47:11.555682761Z   }
2026-03-12T23:47:11.555687222Z }
2026-03-12T23:47:11.555690002Z 
2026-03-12T23:47:11.555692872Z     at IncomingMessage.<anonymous> (/opt/render/project/src/server.js:647:28)
2026-03-12T23:47:11.555695832Z     at IncomingMessage.emit (node:events:531:35)
2026-03-12T23:47:11.555698662Z     at endReadableNT (node:internal/streams/readable:1698:12)
2026-03-12T23:47:11.555703253Z     at process.processTicksAndRejections (node:internal/process/task_queues:90:21)
2026-03-12T23:47:11.721513732Z Recorded event: {
2026-03-12T23:47:11.721567706Z   id: '4cbafbe4-1de1-4e98-805d-1d9902225827',
2026-03-12T23:47:11.721576836Z   sessionId: '2dada1d2-dffb-4f4c-a015-e034ba82f31e',
2026-03-12T23:47:11.721582747Z   userId: 'anon_1773358612951_1f9ccb76baaf4@anonymous.local',
2026-03-12T23:47:11.721588947Z   userName: 'Anonymous',
2026-03-12T23:47:11.721593557Z   mockIp: '217.24.219.113',
2026-03-12T23:47:11.721597068Z   timestamp: '2026-03-12T23:47:11.492Z',
2026-03-12T23:47:11.721600718Z   category: 'note_skip',
2026-03-12T23:47:11.721604838Z   value: 'skipped',
2026-03-12T23:47:11.721608478Z   trackId: 'trk_1773358703627'
2026-03-12T23:47:11.721611978Z }
2026-03-12T23:47:11.723742449Z Recorded event: {
2026-03-12T23:47:11.72375839Z   id: 'ba588aa6-e1ad-456e-a074-4d98ef934343',
2026-03-12T23:47:11.72376181Z   sessionId: '82bd1985-9294-45f1-8d71-ff65d3f1eecf',
2026-03-12T23:47:11.72376412Z   userId: 'laura_f4476f2e@participant.local',
2026-03-12T23:47:11.72376646Z   userName: 'Laura',
2026-03-12T23:47:11.723768661Z   mockIp: '80.12.98.2',
2026-03-12T23:47:11.723770821Z   timestamp: '2026-03-12T23:47:11.559Z',
2026-03-12T23:47:11.723772911Z   category: 'note_skip',
2026-03-12T23:47:11.723775071Z   value: 'skipped',
2026-03-12T23:47:11.723777371Z   trackId: 'trk_1773358703627'
2026-03-12T23:47:11.723779501Z }
2026-03-12T23:47:26.940389132Z Recorded event: {
2026-03-12T23:47:26.940408793Z   id: 'dd136804-0ff7-4a1b-a0a5-7cee85ae188b',
2026-03-12T23:47:26.940412653Z   sessionId: '26689caf-dd4f-40b6-9a7b-2acca217d9c8',
2026-03-12T23:47:26.940415663Z   userId: 'sjsmemay263@gmail.coms',
2026-03-12T23:47:26.940418003Z   userName: 'Shirley',
2026-03-12T23:47:26.940421133Z   mockIp: '175.18.169.198',
2026-03-12T23:47:26.940423954Z   timestamp: '2026-03-12T23:47:26.345Z',
2026-03-12T23:47:26.940426694Z   category: 'note_skip',
2026-03-12T23:47:26.940429274Z   value: 'skipped',
2026-03-12T23:47:26.940431964Z   trackId: 'trk_1773358703627'
2026-03-12T23:47:26.940435014Z }
2026-03-12T23:47:43.91782113Z Recorded event: {
2026-03-12T23:47:43.917844932Z   id: 'b66d5a5f-7d02-4bf5-bf20-cce3eda6bfaf',
2026-03-12T23:47:43.917848832Z   sessionId: '7c4ad27d-b28b-46b1-bc78-3408933670c7',
2026-03-12T23:47:43.917851792Z   userId: 'slogs.hasty1f@icloud.com',
2026-03-12T23:47:43.917856783Z   userName: 'Sofia',
2026-03-12T23:47:43.917861383Z   mockIp: '174.20.164.170',
2026-03-12T23:47:43.917865503Z   timestamp: '2026-03-12T23:47:43.790Z',
2026-03-12T23:47:43.917869893Z   category: 'color',
2026-03-12T23:47:43.917874164Z   value: 'Cobalt',
2026-03-12T23:47:43.917878484Z   colorRgba: '#002aff',
2026-03-12T23:47:43.917882904Z   trackId: 'trk_1773359201453',
2026-03-12T23:47:43.917886814Z   trackTitle: 'Track 1'
2026-03-12T23:47:43.917889705Z }
2026-03-12T23:47:44.287290837Z [Track] Auto-ending current track trk_1773359201453 before starting new one.
2026-03-12T23:47:44.287371282Z [Watcher] Track End! Active Users: 13 (Total Connected: 13)
2026-03-12T23:47:44.287387443Z [Watcher] Started waiting on 13 users for trk_1773359201453.
2026-03-12T23:47:46.494456747Z Recorded event: {
2026-03-12T23:47:46.494482388Z   id: '01482a0e-aa7a-4201-91da-9d2362d5d203',
2026-03-12T23:47:46.494487758Z   sessionId: '7c4ad27d-b28b-46b1-bc78-3408933670c7',
2026-03-12T23:47:46.494491469Z   userId: 'slogs.hasty1f@icloud.com',
2026-03-12T23:47:46.494495539Z   userName: 'Sofia',
2026-03-12T23:47:46.494500049Z   mockIp: '174.20.164.170',
2026-03-12T23:47:46.494504019Z   timestamp: '2026-03-12T23:47:46.351Z',
2026-03-12T23:47:46.49450851Z   category: 'mood',
2026-03-12T23:47:46.4945129Z   value: 'Anticipation',
2026-03-12T23:47:46.49451682Z   trackId: 'trk_1773359264287',
2026-03-12T23:47:46.49452056Z   trackTitle: 'Track 2'
2026-03-12T23:47:46.494524241Z }
2026-03-12T23:47:57.069371123Z Recorded event: {
2026-03-12T23:47:57.069406185Z   id: 'f128ee08-1bce-4107-8918-3a9b3e5eeb2f',
2026-03-12T23:47:57.069410475Z   sessionId: '82bd1985-9294-45f1-8d71-ff65d3f1eecf',
2026-03-12T23:47:57.069413545Z   userId: 'laura_f4476f2e@participant.local',
2026-03-12T23:47:57.069416566Z   userName: 'Laura',
2026-03-12T23:47:57.069419436Z   mockIp: '80.12.98.2',
2026-03-12T23:47:57.069422266Z   timestamp: '2026-03-12T23:47:56.970Z',
2026-03-12T23:47:57.069439327Z   category: 'color',
2026-03-12T23:47:57.069441277Z   value: 'Indigo',
2026-03-12T23:47:57.069442997Z   colorRgba: '#5500ff',
2026-03-12T23:47:57.069445657Z   trackId: 'trk_1773359264287',
2026-03-12T23:47:57.069447497Z   trackTitle: 'Track 2'
2026-03-12T23:47:57.069449157Z }
2026-03-12T23:48:00.535684472Z Recorded event: {
2026-03-12T23:48:00.535717034Z   id: '6e6cc31b-4a04-4fe8-8adb-972165a7bdc0',
2026-03-12T23:48:00.535721854Z   sessionId: '82bd1985-9294-45f1-8d71-ff65d3f1eecf',
2026-03-12T23:48:00.535725734Z   userId: 'laura_f4476f2e@participant.local',
2026-03-12T23:48:00.535729285Z   userName: 'Laura',
2026-03-12T23:48:00.535733275Z   mockIp: '80.12.98.2',
2026-03-12T23:48:00.535736865Z   timestamp: '2026-03-12T23:48:00.429Z',
2026-03-12T23:48:00.535740535Z   category: 'mood',
2026-03-12T23:48:00.535744036Z   value: 'Joy',
2026-03-12T23:48:00.535748256Z   trackId: 'trk_1773359264287',
2026-03-12T23:48:00.535751846Z   trackTitle: 'Track 2'
2026-03-12T23:48:00.535755366Z }
2026-03-12T23:48:02.43600788Z Recorded event: {
2026-03-12T23:48:02.436039982Z   id: '4c55f8ce-6e7d-4efb-81b5-97d4fd1f8c46',
2026-03-12T23:48:02.436066043Z   sessionId: '82bd1985-9294-45f1-8d71-ff65d3f1eecf',
2026-03-12T23:48:02.436071444Z   userId: 'laura_f4476f2e@participant.local',
2026-03-12T23:48:02.436075374Z   userName: 'Laura',
2026-03-12T23:48:02.436079794Z   mockIp: '80.12.98.2',
2026-03-12T23:48:02.436083434Z   timestamp: '2026-03-12T23:48:02.321Z',
2026-03-12T23:48:02.436087505Z   category: 'reaction',
2026-03-12T23:48:02.436091575Z   value: 'applause',
2026-03-12T23:48:02.436096145Z   trackId: 'trk_1773359264287',
2026-03-12T23:48:02.436099955Z   trackTitle: 'Track 2'
2026-03-12T23:48:02.436103776Z }
2026-03-12T23:48:03.998575622Z Recorded event: {
2026-03-12T23:48:03.998603564Z   id: 'dbf3dd8b-cde5-4242-b9c6-8b6156f7467c',
2026-03-12T23:48:03.998609264Z   sessionId: '82bd1985-9294-45f1-8d71-ff65d3f1eecf',
2026-03-12T23:48:03.998613904Z   userId: 'laura_f4476f2e@participant.local',
2026-03-12T23:48:03.998618085Z   userName: 'Laura',
2026-03-12T23:48:03.998621965Z   mockIp: '80.12.98.2',
2026-03-12T23:48:03.998625975Z   timestamp: '2026-03-12T23:48:03.865Z',
2026-03-12T23:48:03.998630645Z   category: 'combined_reaction',
2026-03-12T23:48:03.998635136Z   value: 4,
2026-03-12T23:48:03.998639296Z   colorName: 'Indigo',
2026-03-12T23:48:03.998643246Z   mood: 'Joy',
2026-03-12T23:48:03.998647246Z   colorRgba: '#5500ff',
2026-03-12T23:48:03.998651227Z   reactionLabel: 'applause',
2026-03-12T23:48:03.998655597Z   note: 'None',
2026-03-12T23:48:03.998659877Z   trackId: 'trk_1773359264287',
2026-03-12T23:48:03.998664067Z   trackTitle: 'Track 2'
2026-03-12T23:48:03.998668498Z }
2026-03-12T23:48:09.408204653Z Recorded event: {
2026-03-12T23:48:09.408227554Z   id: 'cfd2187a-de88-4dbd-bc8c-591fedb2a5dc',
2026-03-12T23:48:09.408232684Z   sessionId: '7c4ad27d-b28b-46b1-bc78-3408933670c7',
2026-03-12T23:48:09.408236645Z   userId: 'slogs.hasty1f@icloud.com',
2026-03-12T23:48:09.408240255Z   userName: 'Sofia',
2026-03-12T23:48:09.408244305Z   mockIp: '174.20.164.170',
2026-03-12T23:48:09.408247975Z   timestamp: '2026-03-12T23:48:09.294Z',
2026-03-12T23:48:09.408251695Z   category: 'note',
2026-03-12T23:48:09.408255266Z   value: 'Uneasy',
2026-03-12T23:48:09.408258936Z   trackId: 'trk_1773359201453'
2026-03-12T23:48:09.408262536Z }
2026-03-12T23:48:09.408266816Z [Watcher] Progress for trk_1773359201453: 1 / 13
2026-03-12T23:48:12.85665554Z Recorded event: {
2026-03-12T23:48:12.856682532Z   id: 'd365b305-6058-4a9a-bb98-d9a83bc794a6',
2026-03-12T23:48:12.856702203Z   sessionId: '7c4ad27d-b28b-46b1-bc78-3408933670c7',
2026-03-12T23:48:12.856705844Z   userId: 'slogs.hasty1f@icloud.com',
2026-03-12T23:48:12.856709564Z   userName: 'Sofia',
2026-03-12T23:48:12.856713744Z   mockIp: '174.20.164.170',
2026-03-12T23:48:12.856721445Z   timestamp: '2026-03-12T23:48:12.687Z',
2026-03-12T23:48:12.856725215Z   category: 'combined_reaction',
2026-03-12T23:48:12.856728515Z   value: 4,
2026-03-12T23:48:12.856732675Z   colorName: 'Cobalt',
2026-03-12T23:48:12.856736055Z   mood: 'Anticipation',
2026-03-12T23:48:12.856739295Z   colorRgba: '#002aff',
2026-03-12T23:48:12.856742696Z   reactionLabel: 'applause',
2026-03-12T23:48:12.856746786Z   note: 'None',
2026-03-12T23:48:12.856749826Z   trackId: 'trk_1773359264287',
2026-03-12T23:48:12.856753036Z   trackTitle: 'Track 2'
2026-03-12T23:48:12.856755867Z }
2026-03-12T23:48:14.287446667Z [Watcher] Timeout reached for trk_1773359201453, triggering automated generation.
2026-03-12T23:48:14.287475049Z Triggering automated story + image generation cycle for trk_1773359201453
2026-03-12T23:48:14.287481979Z Generating story specifically for track trk_1773359201453...
2026-03-12T23:48:14.287961048Z Aggregated trackData keys: 7
2026-03-12T23:48:14.287975789Z Preparing prompts for track trk_1773359201453 - Track 1
2026-03-12T23:48:14.39499285Z Failed to generate story for Track 1: Error: Story API returned 400: {
2026-03-12T23:48:14.395020272Z   "error": {
2026-03-12T23:48:14.395026712Z     "code": 400,
2026-03-12T23:48:14.395032193Z     "message": "API key not valid. Please pass a valid API key.",
2026-03-12T23:48:14.395037083Z     "status": "INVALID_ARGUMENT",
2026-03-12T23:48:14.395040663Z     "details": [
2026-03-12T23:48:14.395044174Z       {
2026-03-12T23:48:14.395048614Z         "@type": "type.googleapis.com/google.rpc.ErrorInfo",
2026-03-12T23:48:14.395052324Z         "reason": "API_KEY_INVALID",
2026-03-12T23:48:14.395055864Z         "domain": "googleapis.com",
2026-03-12T23:48:14.395059844Z         "metadata": {
2026-03-12T23:48:14.395063325Z           "service": "generativelanguage.googleapis.com"
2026-03-12T23:48:14.395066955Z         }
2026-03-12T23:48:14.395070445Z       },
2026-03-12T23:48:14.395073975Z       {
2026-03-12T23:48:14.395077845Z         "@type": "type.googleapis.com/google.rpc.LocalizedMessage",
2026-03-12T23:48:14.395082016Z         "locale": "en-US",
2026-03-12T23:48:14.395085486Z         "message": "API key not valid. Please pass a valid API key."
2026-03-12T23:48:14.395088966Z       }
2026-03-12T23:48:14.395092426Z     ]
2026-03-12T23:48:14.395095967Z   }
2026-03-12T23:48:14.395099457Z }
2026-03-12T23:48:14.395102787Z 
2026-03-12T23:48:14.395106307Z     at IncomingMessage.<anonymous> (/opt/render/project/src/server.js:647:28)
2026-03-12T23:48:14.395109887Z     at IncomingMessage.emit (node:events:531:35)
2026-03-12T23:48:14.395113398Z     at endReadableNT (node:internal/streams/readable:1698:12)
2026-03-12T23:48:14.395117578Z     at process.processTicksAndRejections (node:internal/process/task_queues:90:21)
2026-03-12T23:48:14.49120556Z Recorded event: {
2026-03-12T23:48:14.491232062Z   id: '3f987412-0938-4292-9fde-db6040f24404',
2026-03-12T23:48:14.491238812Z   sessionId: '2dada1d2-dffb-4f4c-a015-e034ba82f31e',
2026-03-12T23:48:14.491243382Z   userId: 'anon_1773358612951_1f9ccb76baaf4@anonymous.local',
2026-03-12T23:48:14.491247813Z   userName: 'Anonymous',
2026-03-12T23:48:14.491252623Z   mockIp: '217.24.219.113',
2026-03-12T23:48:14.491256903Z   timestamp: '2026-03-12T23:48:14.274Z',
2026-03-12T23:48:14.491273464Z   category: 'note_skip',
2026-03-12T23:48:14.491276714Z   value: 'skipped',
2026-03-12T23:48:14.491279274Z   trackId: 'trk_1773359201453'
2026-03-12T23:48:14.491281725Z }
2026-03-12T23:48:14.775518344Z Recorded event: {
2026-03-12T23:48:14.775560007Z   id: '9701e532-2770-4e8e-8507-650f209f6b26',
2026-03-12T23:48:14.775568668Z   sessionId: '8be8347f-59bc-4c9b-99f8-c8e2167c9dc3',
2026-03-12T23:48:14.775571828Z   userId: 'anon_1773358403908_bb99d04588bc9@anonymous.local',
2026-03-12T23:48:14.775574768Z   userName: 'Anonymous',
2026-03-12T23:48:14.775578228Z   mockIp: '5.108.166.244',
2026-03-12T23:48:14.775581098Z   timestamp: '2026-03-12T23:48:14.170Z',
2026-03-12T23:48:14.775584369Z   category: 'note_skip',
2026-03-12T23:48:14.775587109Z   value: 'skipped',
2026-03-12T23:48:14.775588829Z   trackId: 'trk_1773359201453'
2026-03-12T23:48:14.775590559Z }
2026-03-12T23:48:19.864247883Z Recorded event: {
2026-03-12T23:48:19.864270685Z   id: 'e7ac466c-596d-406a-8a63-4a38b84769ae',
2026-03-12T23:48:19.864274885Z   sessionId: '7c4ad27d-b28b-46b1-bc78-3408933670c7',
2026-03-12T23:48:19.864277965Z   userId: 'slogs.hasty1f@icloud.com',
2026-03-12T23:48:19.864280676Z   userName: 'Sofia',
2026-03-12T23:48:19.864284176Z   mockIp: '174.20.164.170',
2026-03-12T23:48:19.864286766Z   timestamp: '2026-03-12T23:48:19.627Z',
2026-03-12T23:48:19.864289266Z   category: 'color',
2026-03-12T23:48:19.864291656Z   value: 'Amber',
2026-03-12T23:48:19.864294046Z   colorRgba: '#ffd400',
2026-03-12T23:48:19.864296597Z   trackId: 'trk_1773359264287',
2026-03-12T23:48:19.864299427Z   trackTitle: 'Track 2'
2026-03-12T23:48:19.864302117Z }
2026-03-12T23:48:22.05921754Z Recorded event: {
2026-03-12T23:48:22.059236631Z   id: 'bd2241b6-73b6-48ea-8acd-d3b4f491c352',
2026-03-12T23:48:22.059241242Z   sessionId: '7c4ad27d-b28b-46b1-bc78-3408933670c7',
2026-03-12T23:48:22.059244172Z   userId: 'slogs.hasty1f@icloud.com',
2026-03-12T23:48:22.059246642Z   userName: 'Sofia',
2026-03-12T23:48:22.059249872Z   mockIp: '174.20.164.170',
2026-03-12T23:48:22.059252212Z   timestamp: '2026-03-12T23:48:21.892Z',
2026-03-12T23:48:22.059254752Z   category: 'combined_reaction',
2026-03-12T23:48:22.059257323Z   value: 1,
2026-03-12T23:48:22.059259763Z   colorName: 'Amber',
2026-03-12T23:48:22.059262183Z   mood: 'None',
2026-03-12T23:48:22.059264883Z   colorRgba: '#ffd400',
2026-03-12T23:48:22.059267693Z   reactionLabel: 'None',
2026-03-12T23:48:22.059270593Z   note: 'None',
2026-03-12T23:48:22.059272384Z   trackId: 'trk_1773359264287',
2026-03-12T23:48:22.059275054Z   trackTitle: 'Track 2'
2026-03-12T23:48:22.059282204Z }
2026-03-12T23:48:41.085388599Z Recorded event: {
2026-03-12T23:48:41.085417061Z   id: 'd11dddf7-0a33-46c3-88c6-5f8716242ad4',
2026-03-12T23:48:41.085442263Z   sessionId: '7c4ad27d-b28b-46b1-bc78-3408933670c7',
2026-03-12T23:48:41.085447133Z   userId: 'slogs.hasty1f@icloud.com',
2026-03-12T23:48:41.085451313Z   userName: 'Sofia',
2026-03-12T23:48:41.085456294Z   mockIp: '174.20.164.170',
2026-03-12T23:48:41.085460744Z   timestamp: '2026-03-12T23:48:40.753Z',
2026-03-12T23:48:41.085464884Z   category: 'reaction',
2026-03-12T23:48:41.085468915Z   value: 'like',
2026-03-12T23:48:41.085472875Z   trackId: 'trk_1773359264287',
2026-03-12T23:48:41.085476895Z   trackTitle: 'Track 2'
2026-03-12T23:48:41.085481375Z }
2026-03-12T23:48:44.122215754Z Recorded event: {
2026-03-12T23:48:44.122238456Z   id: '26197351-6462-40a8-b28e-9cb124a1ab6d',
2026-03-12T23:48:44.122244076Z   sessionId: '7c4ad27d-b28b-46b1-bc78-3408933670c7',
2026-03-12T23:48:44.122259577Z   userId: 'slogs.hasty1f@icloud.com',
2026-03-12T23:48:44.122262677Z   userName: 'Sofia',
2026-03-12T23:48:44.122265607Z   mockIp: '174.20.164.170',
2026-03-12T23:48:44.122268507Z   timestamp: '2026-03-12T23:48:43.959Z',
2026-03-12T23:48:44.122271007Z   category: 'mood',
2026-03-12T23:48:44.122273818Z   value: 'Power',
2026-03-12T23:48:44.122276728Z   trackId: 'trk_1773359264287',
2026-03-12T23:48:44.122279198Z   trackTitle: 'Track 2'
2026-03-12T23:48:44.122281958Z }
2026-03-12T23:48:45.818587401Z Recorded event: {
2026-03-12T23:48:45.818614682Z   id: 'a5fcb806-6896-429a-8a5e-bfc2e1aadf36',
2026-03-12T23:48:45.818620152Z   sessionId: 'f157d0a8-c0f7-4c2c-8629-2ee5986421ac',
2026-03-12T23:48:45.818624913Z   userId: 'maeganmarlow@icloud.com',
2026-03-12T23:48:45.818629203Z   userName: 'Maegan',
2026-03-12T23:48:45.818634493Z   mockIp: '68.210.113.118',
2026-03-12T23:48:45.818637384Z   timestamp: '2026-03-12T23:48:45.744Z',
2026-03-12T23:48:45.818640254Z   category: 'color',
2026-03-12T23:48:45.818643024Z   value: 'Transparent',
2026-03-12T23:48:45.818645934Z   colorRgba: 'transparent',
2026-03-12T23:48:45.818648674Z   trackId: 'trk_1773359264287',
2026-03-12T23:48:45.818651574Z   trackTitle: 'Track 2'
2026-03-12T23:48:45.818654375Z }
2026-03-12T23:48:50.599074047Z Recorded event: {
2026-03-12T23:48:50.599100589Z   id: '8b1d013a-a487-45ce-9024-498f6ae1f56e',
2026-03-12T23:48:50.599106609Z   sessionId: '7c4ad27d-b28b-46b1-bc78-3408933670c7',
2026-03-12T23:48:50.599111549Z   userId: 'slogs.hasty1f@icloud.com',
2026-03-12T23:48:50.599115699Z   userName: 'Sofia',
2026-03-12T23:48:50.59912064Z   mockIp: '174.20.164.170',
2026-03-12T23:48:50.59912521Z   timestamp: '2026-03-12T23:48:50.452Z',
2026-03-12T23:48:50.59912986Z   category: 'color',
2026-03-12T23:48:50.599133131Z   value: 'Orange',
2026-03-12T23:48:50.599136001Z   colorRgba: '#ffaa00',
2026-03-12T23:48:50.599138811Z   trackId: 'trk_1773359264287',
2026-03-12T23:48:50.599141681Z   trackTitle: 'Track 2'
2026-03-12T23:48:50.599144451Z }
2026-03-12T23:48:52.176833463Z Recorded event: {
2026-03-12T23:48:52.176852344Z   id: 'd761abb6-8783-4ca5-91e7-4ee51c35a41b',
2026-03-12T23:48:52.176859034Z   sessionId: '7c4ad27d-b28b-46b1-bc78-3408933670c7',
2026-03-12T23:48:52.176862945Z   userId: 'slogs.hasty1f@icloud.com',
2026-03-12T23:48:52.176910078Z   userName: 'Sofia',
2026-03-12T23:48:52.176917898Z   mockIp: '174.20.164.170',
2026-03-12T23:48:52.176921478Z   timestamp: '2026-03-12T23:48:52.019Z',
2026-03-12T23:48:52.176926379Z   category: 'combined_reaction',
2026-03-12T23:48:52.176931109Z   value: 2,
2026-03-12T23:48:52.176935739Z   colorName: 'Orange',
2026-03-12T23:48:52.176940009Z   mood: 'Power',
2026-03-12T23:48:52.17694428Z   colorRgba: '#ffaa00',
2026-03-12T23:48:52.17694845Z   reactionLabel: 'like',
2026-03-12T23:48:52.17695264Z   note: 'None',
2026-03-12T23:48:52.17695554Z   trackId: 'trk_1773359264287',
2026-03-12T23:48:52.17695875Z   trackTitle: 'Track 2'
2026-03-12T23:48:52.176961541Z }
2026-03-12T23:48:54.521278213Z Recorded event: {
2026-03-12T23:48:54.521302185Z   id: '49a07742-655b-47de-8add-598bc6b76496',
2026-03-12T23:48:54.521307945Z   sessionId: '19624d58-f7c8-4e56-ba2e-74766233b690',
2026-03-12T23:48:54.521313445Z   userId: 'mpfaffko@gmail.com',
2026-03-12T23:48:54.521317736Z   userName: 'Mary',
2026-03-12T23:48:54.521321866Z   mockIp: '133.71.57.92',
2026-03-12T23:48:54.521326136Z   timestamp: '2026-03-12T23:48:53.020Z',
2026-03-12T23:48:54.521330356Z   category: 'color',
2026-03-12T23:48:54.521346667Z   value: 'Sapphire',
2026-03-12T23:48:54.521349227Z   colorRgba: '#0055ff',
2026-03-12T23:48:54.521351398Z   trackId: 'trk_1773359264287',
2026-03-12T23:48:54.521353808Z   trackTitle: 'Track 2'
2026-03-12T23:48:54.521356068Z }
2026-03-12T23:49:02.152957555Z Recorded event: {
2026-03-12T23:49:02.152984207Z   id: '2435f346-8ada-4f00-9b90-3bfcab4f6ee7',
2026-03-12T23:49:02.152990147Z   sessionId: 'd259b3b0-def6-461e-a44f-63ea666e4d1c',
2026-03-12T23:49:02.152995417Z   userId: 'ron@ronbuening.com',
2026-03-12T23:49:02.152999628Z   userName: 'Ron',
2026-03-12T23:49:02.153004078Z   mockIp: '64.164.144.182',
2026-03-12T23:49:02.153008318Z   timestamp: '2026-03-12T23:49:01.930Z',
2026-03-12T23:49:02.153012638Z   category: 'color',
2026-03-12T23:49:02.153016769Z   value: 'Mint',
2026-03-12T23:49:02.153021059Z   colorRgba: '#00ffaa',
2026-03-12T23:49:02.153025449Z   trackId: 'trk_1773359264287',
2026-03-12T23:49:02.15302995Z   trackTitle: 'Track 2'
2026-03-12T23:49:02.15303407Z }
2026-03-12T23:49:12.515124556Z Recorded event: {
2026-03-12T23:49:12.515148817Z   id: 'a0acdf93-5b17-4178-bdd7-c7a249e7daf0',
2026-03-12T23:49:12.515152807Z   sessionId: 'd259b3b0-def6-461e-a44f-63ea666e4d1c',
2026-03-12T23:49:12.515156417Z   userId: 'ron@ronbuening.com',
2026-03-12T23:49:12.515159247Z   userName: 'Ron',
2026-03-12T23:49:12.515162298Z   mockIp: '64.164.144.182',
2026-03-12T23:49:12.515165168Z   timestamp: '2026-03-12T23:49:12.362Z',
2026-03-12T23:49:12.515168308Z   category: 'color',
2026-03-12T23:49:12.515171148Z   value: 'Harlequin',
2026-03-12T23:49:12.515173988Z   colorRgba: '#2bff00',
2026-03-12T23:49:12.515176749Z   trackId: 'trk_1773359264287',
2026-03-12T23:49:12.515179839Z   trackTitle: 'Track 2'
2026-03-12T23:49:12.515184769Z }
2026-03-12T23:49:12.898431131Z Recorded event: {
2026-03-12T23:49:12.898464963Z   id: 'fb8dcb8d-f02f-4911-b4ab-031da93b2e87',
2026-03-12T23:49:12.898473453Z   sessionId: '7c4ad27d-b28b-46b1-bc78-3408933670c7',
2026-03-12T23:49:12.898477834Z   userId: 'slogs.hasty1f@icloud.com',
2026-03-12T23:49:12.898481734Z   userName: 'Sofia',
2026-03-12T23:49:12.898486134Z   mockIp: '174.20.164.170',
2026-03-12T23:49:12.898489994Z   timestamp: '2026-03-12T23:49:12.764Z',
2026-03-12T23:49:12.898493785Z   category: 'note',
2026-03-12T23:49:12.898497545Z   value: 'Opening',
2026-03-12T23:49:12.898501435Z   trackId: 'trk_1773359264287',
2026-03-12T23:49:12.898505245Z   trackTitle: 'Track 2'
2026-03-12T23:49:12.898508986Z }
2026-03-12T23:49:15.810073606Z Recorded event: {
2026-03-12T23:49:15.810100168Z   id: '3f9fd18c-6b69-4f5a-af12-353599e71a4d',
2026-03-12T23:49:15.810105768Z   sessionId: '7c4ad27d-b28b-46b1-bc78-3408933670c7',
2026-03-12T23:49:15.810110158Z   userId: 'slogs.hasty1f@icloud.com',
2026-03-12T23:49:15.810114879Z   userName: 'Sofia',
2026-03-12T23:49:15.810119819Z   mockIp: '174.20.164.170',
2026-03-12T23:49:15.810123919Z   timestamp: '2026-03-12T23:49:15.658Z',
2026-03-12T23:49:15.81012847Z   category: 'combined_reaction',
2026-03-12T23:49:15.81013326Z   value: 1,
2026-03-12T23:49:15.81013639Z   colorName: 'None',
2026-03-12T23:49:15.81013919Z   mood: 'None',
2026-03-12T23:49:15.810142331Z   colorRgba: 'transparent',
2026-03-12T23:49:15.810145181Z   reactionLabel: 'None',
2026-03-12T23:49:15.810147971Z   note: 'Opening',
2026-03-12T23:49:15.810150721Z   trackId: 'trk_1773359264287',
2026-03-12T23:49:15.810153631Z   trackTitle: 'Track 2'
2026-03-12T23:49:15.810156401Z }
2026-03-12T23:49:21.355262794Z Recorded event: {
2026-03-12T23:49:21.355291036Z   id: '86d40a87-701e-4ac5-bd64-102ad6d9b880',
2026-03-12T23:49:21.355307627Z   sessionId: 'd259b3b0-def6-461e-a44f-63ea666e4d1c',
2026-03-12T23:49:21.355311227Z   userId: 'ron@ronbuening.com',
2026-03-12T23:49:21.355313997Z   userName: 'Ron',
2026-03-12T23:49:21.355316677Z   mockIp: '64.164.144.182',
2026-03-12T23:49:21.355319177Z   timestamp: '2026-03-12T23:49:21.179Z',
2026-03-12T23:49:21.355321558Z   category: 'mood',
2026-03-12T23:49:21.355324118Z   value: 'Anticipation',
2026-03-12T23:49:21.355326268Z   trackId: 'trk_1773359264287',
2026-03-12T23:49:21.355328818Z   trackTitle: 'Track 2'
2026-03-12T23:49:21.355331598Z }
2026-03-12T23:49:23.628913584Z Recorded event: {
2026-03-12T23:49:23.628933985Z   id: '1e4287b4-4965-4cca-b294-998faea140f4',
2026-03-12T23:49:23.628937375Z   sessionId: 'd259b3b0-def6-461e-a44f-63ea666e4d1c',
2026-03-12T23:49:23.628940325Z   userId: 'ron@ronbuening.com',
2026-03-12T23:49:23.628943085Z   userName: 'Ron',
2026-03-12T23:49:23.628945626Z   mockIp: '64.164.144.182',
2026-03-12T23:49:23.628947916Z   timestamp: '2026-03-12T23:49:23.501Z',
2026-03-12T23:49:23.628949876Z   category: 'combined_reaction',
2026-03-12T23:49:23.628951996Z   value: 1,
2026-03-12T23:49:23.628953986Z   colorName: 'Harlequin',
2026-03-12T23:49:23.628956096Z   mood: 'Anticipation',
2026-03-12T23:49:23.628958076Z   colorRgba: '#2bff00',
2026-03-12T23:49:23.628960207Z   reactionLabel: 'None',
2026-03-12T23:49:23.628962436Z   note: 'None',
2026-03-12T23:49:23.628964427Z   trackId: 'trk_1773359264287',
2026-03-12T23:49:23.628966497Z   trackTitle: 'Track 2'
2026-03-12T23:49:23.628968477Z }
2026-03-12T23:49:24.44985258Z Recorded event: {
2026-03-12T23:49:24.449874552Z   id: '5f02200b-6188-4685-9ae5-d4f10d41a871',
2026-03-12T23:49:24.449878202Z   sessionId: '19624d58-f7c8-4e56-ba2e-74766233b690',
2026-03-12T23:49:24.449881892Z   userId: 'mpfaffko@gmail.com',
2026-03-12T23:49:24.449884462Z   userName: 'Mary',
2026-03-12T23:49:24.449887323Z   mockIp: '133.71.57.92',
2026-03-12T23:49:24.449890343Z   timestamp: '2026-03-12T23:49:23.980Z',
2026-03-12T23:49:24.449892903Z   category: 'mood',
2026-03-12T23:49:24.449895643Z   value: 'Melancholy',
2026-03-12T23:49:24.449898493Z   trackId: 'trk_1773359264287',
2026-03-12T23:49:24.449901173Z   trackTitle: 'Track 2'
2026-03-12T23:49:24.449903013Z }
2026-03-12T23:49:26.895226223Z Recorded event: {
2026-03-12T23:49:26.895248244Z   id: 'ea43d405-605b-4f2f-94c2-c75328972c77',
2026-03-12T23:49:26.895254264Z   sessionId: '19624d58-f7c8-4e56-ba2e-74766233b690',
2026-03-12T23:49:26.895259245Z   userId: 'mpfaffko@gmail.com',
2026-03-12T23:49:26.895263985Z   userName: 'Mary',
2026-03-12T23:49:26.895268645Z   mockIp: '133.71.57.92',
2026-03-12T23:49:26.895273545Z   timestamp: '2026-03-12T23:49:26.482Z',
2026-03-12T23:49:26.895277946Z   category: 'combined_reaction',
2026-03-12T23:49:26.895282556Z   value: 1,
2026-03-12T23:49:26.895286456Z   colorName: 'Sapphire',
2026-03-12T23:49:26.895290847Z   mood: 'Melancholy',
2026-03-12T23:49:26.895294887Z   colorRgba: '#0055ff',
2026-03-12T23:49:26.895299737Z   reactionLabel: 'None',
2026-03-12T23:49:26.895304547Z   note: 'None',
2026-03-12T23:49:26.895309008Z   trackId: 'trk_1773359264287',
2026-03-12T23:49:26.895312908Z   trackTitle: 'Track 2'
2026-03-12T23:49:26.895316848Z }
2026-03-12T23:49:27.412715007Z Recorded event: {
2026-03-12T23:49:27.412749419Z   id: '63fc1de1-b1f4-4838-b830-ad3c215fa9b5',
2026-03-12T23:49:27.412755679Z   sessionId: 'd259b3b0-def6-461e-a44f-63ea666e4d1c',
2026-03-12T23:49:27.4127611Z   userId: 'ron@ronbuening.com',
2026-03-12T23:49:27.412778991Z   userName: 'Ron',
2026-03-12T23:49:27.412782491Z   mockIp: '64.164.144.182',
2026-03-12T23:49:27.412785451Z   timestamp: '2026-03-12T23:49:27.249Z',
2026-03-12T23:49:27.412788091Z   category: 'reaction',
2026-03-12T23:49:27.412790721Z   value: 'like',
2026-03-12T23:49:27.412793431Z   trackId: 'trk_1773359264287',
2026-03-12T23:49:27.412796052Z   trackTitle: 'Track 2'
2026-03-12T23:49:27.412798682Z }
2026-03-12T23:49:36.241382516Z Recorded event: {
2026-03-12T23:49:36.241404447Z   id: 'ddbd36fc-5673-4ad4-a74a-bb2e9e916c9a',
2026-03-12T23:49:36.241410618Z   sessionId: '19624d58-f7c8-4e56-ba2e-74766233b690',
2026-03-12T23:49:36.241416388Z   userId: 'mpfaffko@gmail.com',
2026-03-12T23:49:36.241421008Z   userName: 'Mary',
2026-03-12T23:49:36.241425179Z   mockIp: '133.71.57.92',
2026-03-12T23:49:36.241429409Z   timestamp: '2026-03-12T23:49:35.889Z',
2026-03-12T23:49:36.241434579Z   category: 'color',
2026-03-12T23:49:36.241437829Z   value: 'Sapphire',
2026-03-12T23:49:36.24144058Z   colorRgba: '#0055ff',
2026-03-12T23:49:36.24144338Z   trackId: 'trk_1773359264287',
2026-03-12T23:49:36.24144614Z   trackTitle: 'Track 2'
2026-03-12T23:49:36.241449Z }
2026-03-12T23:49:38.768167214Z Recorded event: {
2026-03-12T23:49:38.768191826Z   id: 'f09d71ab-7568-4eb2-bb67-17644cbeda57',
2026-03-12T23:49:38.768197136Z   sessionId: '19624d58-f7c8-4e56-ba2e-74766233b690',
2026-03-12T23:49:38.768202046Z   userId: 'mpfaffko@gmail.com',
2026-03-12T23:49:38.768206507Z   userName: 'Mary',
2026-03-12T23:49:38.768210657Z   mockIp: '133.71.57.92',
2026-03-12T23:49:38.768214987Z   timestamp: '2026-03-12T23:49:38.448Z',
2026-03-12T23:49:38.768219027Z   category: 'combined_reaction',
2026-03-12T23:49:38.768223258Z   value: 1,
2026-03-12T23:49:38.768227378Z   colorName: 'Sapphire',
2026-03-12T23:49:38.768231428Z   mood: 'None',
2026-03-12T23:49:38.768235399Z   colorRgba: '#0055ff',
2026-03-12T23:49:38.768239349Z   reactionLabel: 'None',
2026-03-12T23:49:38.768243819Z   note: 'None',
2026-03-12T23:49:38.768248009Z   trackId: 'trk_1773359264287',
2026-03-12T23:49:38.768250949Z   trackTitle: 'Track 2'
2026-03-12T23:49:38.768253829Z }
2026-03-12T23:49:41.147607634Z Recorded event: {
2026-03-12T23:49:41.147632556Z   id: '051a7f25-19ee-464d-ae34-571550bf24cb',
2026-03-12T23:49:41.147638846Z   sessionId: '19624d58-f7c8-4e56-ba2e-74766233b690',
2026-03-12T23:49:41.147643877Z   userId: 'mpfaffko@gmail.com',
2026-03-12T23:49:41.147648257Z   userName: 'Mary',
2026-03-12T23:49:41.147653217Z   mockIp: '133.71.57.92',
2026-03-12T23:49:41.147658227Z   timestamp: '2026-03-12T23:49:40.719Z',
2026-03-12T23:49:41.147662088Z   category: 'mood',
2026-03-12T23:49:41.147664998Z   value: 'Melancholy',
2026-03-12T23:49:41.147668578Z   trackId: 'trk_1773359264287',
2026-03-12T23:49:41.147673468Z   trackTitle: 'Track 2'
2026-03-12T23:49:41.147678048Z }
2026-03-12T23:49:42.99266665Z Recorded event: {
2026-03-12T23:49:42.992694912Z   id: '5a212314-2c81-46e5-aeb7-93abee3f7d57',
2026-03-12T23:49:42.992700922Z   sessionId: '19624d58-f7c8-4e56-ba2e-74766233b690',
2026-03-12T23:49:42.992706042Z   userId: 'mpfaffko@gmail.com',
2026-03-12T23:49:42.992710423Z   userName: 'Mary',
2026-03-12T23:49:42.992714823Z   mockIp: '133.71.57.92',
2026-03-12T23:49:42.992718833Z   timestamp: '2026-03-12T23:49:42.585Z',
2026-03-12T23:49:42.992722914Z   category: 'combined_reaction',
2026-03-12T23:49:42.992726784Z   value: 1,
2026-03-12T23:49:42.992730804Z   colorName: 'None',
2026-03-12T23:49:42.992735424Z   mood: 'None',
2026-03-12T23:49:42.992752295Z   colorRgba: 'transparent',
2026-03-12T23:49:42.992755686Z   reactionLabel: 'None',
2026-03-12T23:49:42.992758536Z   note: 'None',
2026-03-12T23:49:42.992761356Z   trackId: 'trk_1773359264287',
2026-03-12T23:49:42.992763806Z   trackTitle: 'Track 2'
2026-03-12T23:49:42.992766366Z }
2026-03-12T23:49:56.874654246Z Recorded event: {
2026-03-12T23:49:56.874678447Z   id: '31e72427-8f04-4830-86bd-f21cd5aa375d',
2026-03-12T23:49:56.874682997Z   sessionId: '1c4a9671-5d71-4a4a-ab08-169838400a23',
2026-03-12T23:49:56.874685978Z   userId: 'anon_1773357342171_da4ead55ec82b@anonymous.local',
2026-03-12T23:49:56.874689578Z   userName: 'Anonymous',
2026-03-12T23:49:56.874693178Z   mockIp: '240.97.253.23',
2026-03-12T23:49:56.874695968Z   timestamp: '2026-03-12T23:49:56.758Z',
2026-03-12T23:49:56.874698798Z   category: 'color',
2026-03-12T23:49:56.874701708Z   value: 'Crimson',
2026-03-12T23:49:56.874704549Z   colorRgba: '#ff002b',
2026-03-12T23:49:56.874707289Z   trackId: 'trk_1773359264287',
2026-03-12T23:49:56.874710059Z   trackTitle: 'Track 2'
2026-03-12T23:49:56.874712839Z }
2026-03-12T23:50:23.061201207Z Recorded event: {
2026-03-12T23:50:23.06123624Z   id: 'e8555455-7781-4e1f-958a-f50f37469a4e',
2026-03-12T23:50:23.06124372Z   sessionId: '96d57e30-93a1-471f-a696-9884b57aff05',
2026-03-12T23:50:23.06124905Z   userId: 'maeganmarlow@icloud.com',
2026-03-12T23:50:23.06125413Z   userName: 'Maegan',
2026-03-12T23:50:23.061260321Z   mockIp: '68.210.113.118',
2026-03-12T23:50:23.061265391Z   timestamp: '2026-03-12T23:50:22.991Z',
2026-03-12T23:50:23.061270451Z   category: 'reaction',
2026-03-12T23:50:23.061275612Z   value: 'applause',
2026-03-12T23:50:23.061280742Z   trackId: 'trk_1773359264287',
2026-03-12T23:50:23.061286172Z   trackTitle: 'Track 2'
2026-03-12T23:50:23.061291343Z }
2026-03-12T23:50:24.457524354Z Recorded event: {
2026-03-12T23:50:24.457565937Z   id: '5822c5fc-3b42-4efe-940f-f9c4f8ab52f4',
2026-03-12T23:50:24.457571387Z   sessionId: '96d57e30-93a1-471f-a696-9884b57aff05',
2026-03-12T23:50:24.457575517Z   userId: 'maeganmarlow@icloud.com',
2026-03-12T23:50:24.457579418Z   userName: 'Maegan',
2026-03-12T23:50:24.457584178Z   mockIp: '68.210.113.118',
2026-03-12T23:50:24.457587968Z   timestamp: '2026-03-12T23:50:24.378Z',
2026-03-12T23:50:24.457591668Z   category: 'combined_reaction',
2026-03-12T23:50:24.457595699Z   value: 4,
2026-03-12T23:50:24.457599619Z   colorName: 'None',
2026-03-12T23:50:24.457603429Z   mood: 'None',
2026-03-12T23:50:24.457607319Z   colorRgba: 'transparent',
2026-03-12T23:50:24.45761114Z   reactionLabel: 'applause',
2026-03-12T23:50:24.45761483Z   note: 'None',
2026-03-12T23:50:24.45761853Z   trackId: 'trk_1773359264287',
2026-03-12T23:50:24.4576226Z   trackTitle: 'Track 2'
2026-03-12T23:50:24.45762639Z }
2026-03-12T23:50:24.857911975Z Recorded event: {
2026-03-12T23:50:24.857934437Z   id: 'ec176753-c07e-485d-a1c3-3972692a8ad7',
2026-03-12T23:50:24.857939277Z   sessionId: '124ce6b3-5026-4ffb-b3f4-34500bc970e5',
2026-03-12T23:50:24.857943147Z   userId: 'kevin.young.m@gmail.com',
2026-03-12T23:50:24.857947647Z   userName: 'KMNDR',
2026-03-12T23:50:24.857952358Z   mockIp: '114.143.63.112',
2026-03-12T23:50:24.857956168Z   timestamp: '2026-03-12T23:50:26.073Z',
2026-03-12T23:50:24.857959988Z   category: 'color',
2026-03-12T23:50:24.857963688Z   value: 'Spring Bud',
2026-03-12T23:50:24.857967389Z   colorRgba: '#80ff00',
2026-03-12T23:50:24.857971079Z   trackId: 'trk_1773359264287',
2026-03-12T23:50:24.857974769Z   trackTitle: 'Track 2'
2026-03-12T23:50:24.85798916Z }
2026-03-12T23:50:29.790991607Z [Track] Auto-ending current track trk_1773359264287 before starting new one.
2026-03-12T23:50:29.791086853Z [Watcher] Track End! Active Users: 12 (Total Connected: 12)
2026-03-12T23:50:29.791136546Z [Watcher] Started waiting on 12 users for trk_1773359264287.
2026-03-12T23:50:35.309158899Z [Track] Auto-ending current track trk_1773359429791 before starting new one.
2026-03-12T23:50:35.309261826Z [Watcher] Track End! Active Users: 12 (Total Connected: 12)
2026-03-12T23:50:35.309452097Z [Watcher] Started waiting on 12 users for trk_1773359429791.
2026-03-12T23:50:48.96906025Z Recorded event: {
2026-03-12T23:50:48.969085141Z   id: 'a2b9b1e8-789e-47ca-8293-022b23d57885',
2026-03-12T23:50:48.969090341Z   sessionId: '124ce6b3-5026-4ffb-b3f4-34500bc970e5',
2026-03-12T23:50:48.969094412Z   userId: 'kevin.young.m@gmail.com',
2026-03-12T23:50:48.969098522Z   userName: 'KMNDR',
2026-03-12T23:50:48.969102992Z   mockIp: '114.143.63.112',
2026-03-12T23:50:48.969107122Z   timestamp: '2026-03-12T23:50:50.693Z',
2026-03-12T23:50:48.969111063Z   category: 'note_skip',
2026-03-12T23:50:48.969114903Z   value: 'skipped',
2026-03-12T23:50:48.969118653Z   trackId: 'trk_1773359429791'
2026-03-12T23:50:48.969122783Z }
2026-03-12T23:50:48.969126774Z [Watcher] Progress for trk_1773359429791: 1 / 12
2026-03-12T23:50:52.648198641Z Recorded event: {
2026-03-12T23:50:52.648222672Z   id: 'e1f71b3d-707f-4dbf-91ee-f48041c2e3ed',
2026-03-12T23:50:52.648227372Z   sessionId: '96d57e30-93a1-471f-a696-9884b57aff05',
2026-03-12T23:50:52.648230522Z   userId: 'maeganmarlow@icloud.com',
2026-03-12T23:50:52.648233563Z   userName: 'Maegan',
2026-03-12T23:50:52.648236953Z   mockIp: '68.210.113.118',
2026-03-12T23:50:52.648239833Z   timestamp: '2026-03-12T23:50:52.575Z',
2026-03-12T23:50:52.648242663Z   category: 'note',
2026-03-12T23:50:52.648245513Z   value: 'Nice',
2026-03-12T23:50:52.648248364Z   trackId: 'trk_1773359429791'
2026-03-12T23:50:52.648251224Z }
2026-03-12T23:50:52.648255264Z [Watcher] Progress for trk_1773359429791: 2 / 12
2026-03-12T23:50:54.845752864Z Recorded event: {
2026-03-12T23:50:54.845773966Z   id: '142f3f6f-a328-4a20-a54e-e8b2db9b0a43',
2026-03-12T23:50:54.845782316Z   sessionId: '19fb558f-517b-42db-85af-81e5084cc624',
2026-03-12T23:50:54.845786586Z   userId: 'slogs.hasty1f@icloud.com',
2026-03-12T23:50:54.845791127Z   userName: 'Sofia',
2026-03-12T23:50:54.845796037Z   mockIp: '174.20.164.170',
2026-03-12T23:50:54.845800497Z   timestamp: '2026-03-12T23:50:54.695Z',
2026-03-12T23:50:54.845804658Z   category: 'color',
2026-03-12T23:50:54.845808938Z   value: 'Amber',
2026-03-12T23:50:54.845812888Z   colorRgba: '#ffd400',
2026-03-12T23:50:54.845817048Z   trackId: 'trk_1773359435309',
2026-03-12T23:50:54.845820929Z   trackTitle: 'Track 3'
2026-03-12T23:50:54.845825569Z }
2026-03-12T23:50:59.792829766Z [Watcher] Timeout reached for trk_1773359264287, triggering automated generation.
2026-03-12T23:50:59.792864678Z Triggering automated story + image generation cycle for trk_1773359264287
2026-03-12T23:50:59.792870478Z Generating story specifically for track trk_1773359264287...
2026-03-12T23:50:59.792875989Z Aggregated trackData keys: 9
2026-03-12T23:50:59.792880189Z Preparing prompts for track trk_1773359264287 - Track 2
2026-03-12T23:50:59.882865073Z Failed to generate story for Track 2: Error: Story API returned 400: {
2026-03-12T23:50:59.882885074Z   "error": {
2026-03-12T23:50:59.882888524Z     "code": 400,
2026-03-12T23:50:59.882891545Z     "message": "API key not valid. Please pass a valid API key.",
2026-03-12T23:50:59.882903155Z     "status": "INVALID_ARGUMENT",
2026-03-12T23:50:59.882905305Z     "details": [
2026-03-12T23:50:59.882906996Z       {
2026-03-12T23:50:59.882910316Z         "@type": "type.googleapis.com/google.rpc.ErrorInfo",
2026-03-12T23:50:59.882912286Z         "reason": "API_KEY_INVALID",
2026-03-12T23:50:59.882914096Z         "domain": "googleapis.com",
2026-03-12T23:50:59.882916616Z         "metadata": {
2026-03-12T23:50:59.882918306Z           "service": "generativelanguage.googleapis.com"
2026-03-12T23:50:59.882919997Z         }
2026-03-12T23:50:59.882921666Z       },
2026-03-12T23:50:59.882923367Z       {
2026-03-12T23:50:59.882925117Z         "@type": "type.googleapis.com/google.rpc.LocalizedMessage",
2026-03-12T23:50:59.882926977Z         "locale": "en-US",
2026-03-12T23:50:59.882928697Z         "message": "API key not valid. Please pass a valid API key."
2026-03-12T23:50:59.882930397Z       }
2026-03-12T23:50:59.882932047Z     ]
2026-03-12T23:50:59.882934137Z   }
2026-03-12T23:50:59.882936978Z }
2026-03-12T23:50:59.882939748Z 
2026-03-12T23:50:59.882942808Z     at IncomingMessage.<anonymous> (/opt/render/project/src/server.js:647:28)
2026-03-12T23:50:59.882945758Z     at IncomingMessage.emit (node:events:531:35)
2026-03-12T23:50:59.882948528Z     at endReadableNT (node:internal/streams/readable:1698:12)
2026-03-12T23:50:59.882952468Z     at process.processTicksAndRejections (node:internal/process/task_queues:90:21)
2026-03-12T23:51:02.816816361Z Recorded event: {
2026-03-12T23:51:02.816859583Z   id: '274fcd41-e01d-4563-920e-463f1a66edb8',
2026-03-12T23:51:02.816865864Z   sessionId: '124ce6b3-5026-4ffb-b3f4-34500bc970e5',
2026-03-12T23:51:02.816870504Z   userId: 'kevin.young.m@gmail.com',
2026-03-12T23:51:02.816874964Z   userName: 'KMNDR',
2026-03-12T23:51:02.816880195Z   mockIp: '114.143.63.112',
2026-03-12T23:51:02.816884565Z   timestamp: '2026-03-12T23:51:04.157Z',
2026-03-12T23:51:02.816888585Z   category: 'color',
2026-03-12T23:51:02.816892565Z   value: 'Gray',
2026-03-12T23:51:02.816900206Z   colorRgba: '#808080',
2026-03-12T23:51:02.816904356Z   trackId: 'trk_1773359435309',
2026-03-12T23:51:02.816908646Z   trackTitle: 'Track 3'
2026-03-12T23:51:02.816913297Z }
2026-03-12T23:51:03.943030551Z Recorded event: {
2026-03-12T23:51:03.943057933Z   id: '7042bc02-2815-40ba-ad09-73e2b7d51e00',
2026-03-12T23:51:03.943063213Z   sessionId: '19fb558f-517b-42db-85af-81e5084cc624',
2026-03-12T23:51:03.943067283Z   userId: 'slogs.hasty1f@icloud.com',
2026-03-12T23:51:03.943071774Z   userName: 'Sofia',
2026-03-12T23:51:03.943076634Z   mockIp: '174.20.164.170',
2026-03-12T23:51:03.943080674Z   timestamp: '2026-03-12T23:51:03.836Z',
2026-03-12T23:51:03.943084814Z   category: 'mood',
2026-03-12T23:51:03.943089175Z   value: 'Mystery',
2026-03-12T23:51:03.943093385Z   trackId: 'trk_1773359435309',
2026-03-12T23:51:03.943097605Z   trackTitle: 'Track 3'
2026-03-12T23:51:03.943101916Z }
2026-03-12T23:51:05.308963212Z [Watcher] Timeout reached for trk_1773359429791, triggering automated generation.
2026-03-12T23:51:05.308989804Z Triggering automated story + image generation cycle for trk_1773359429791
2026-03-12T23:51:05.308995554Z Generating story specifically for track trk_1773359429791...
2026-03-12T23:51:05.309551138Z Aggregated trackData keys: 9
2026-03-12T23:51:05.309569569Z Preparing prompts for track trk_1773359429791 - Track 2 Intermission
2026-03-12T23:51:05.400342261Z Failed to generate story for Track 2 Intermission: Error: Story API returned 400: {
2026-03-12T23:51:05.400361473Z   "error": {
2026-03-12T23:51:05.400366593Z     "code": 400,
2026-03-12T23:51:05.400383364Z     "message": "API key not valid. Please pass a valid API key.",
2026-03-12T23:51:05.400386974Z     "status": "INVALID_ARGUMENT",
2026-03-12T23:51:05.400390074Z     "details": [
2026-03-12T23:51:05.400392784Z       {
2026-03-12T23:51:05.400395495Z         "@type": "type.googleapis.com/google.rpc.ErrorInfo",
2026-03-12T23:51:05.400397525Z         "reason": "API_KEY_INVALID",
2026-03-12T23:51:05.400399525Z         "domain": "googleapis.com",
2026-03-12T23:51:05.400402265Z         "metadata": {
2026-03-12T23:51:05.400404535Z           "service": "generativelanguage.googleapis.com"
2026-03-12T23:51:05.400407076Z         }
2026-03-12T23:51:05.400409665Z       },
2026-03-12T23:51:05.400412446Z       {
2026-03-12T23:51:05.400415206Z         "@type": "type.googleapis.com/google.rpc.LocalizedMessage",
2026-03-12T23:51:05.400418816Z         "locale": "en-US",
2026-03-12T23:51:05.400421536Z         "message": "API key not valid. Please pass a valid API key."
2026-03-12T23:51:05.400424217Z       }
2026-03-12T23:51:05.400426617Z     ]
2026-03-12T23:51:05.400429087Z   }
2026-03-12T23:51:05.400431547Z }
2026-03-12T23:51:05.400433917Z 
2026-03-12T23:51:05.400436207Z     at IncomingMessage.<anonymous> (/opt/render/project/src/server.js:647:28)
2026-03-12T23:51:05.400438597Z     at IncomingMessage.emit (node:events:531:35)
2026-03-12T23:51:05.400441278Z     at endReadableNT (node:internal/streams/readable:1698:12)
2026-03-12T23:51:05.400444338Z     at process.processTicksAndRejections (node:internal/process/task_queues:90:21)
2026-03-12T23:51:05.498796652Z Recorded event: {
2026-03-12T23:51:05.498818594Z   id: 'a0b2a365-fe0c-41d1-a980-fb32c11b3143',
2026-03-12T23:51:05.498823054Z   sessionId: '19fb558f-517b-42db-85af-81e5084cc624',
2026-03-12T23:51:05.498825794Z   userId: 'slogs.hasty1f@icloud.com',
2026-03-12T23:51:05.498828434Z   userName: 'Sofia',
2026-03-12T23:51:05.498874527Z   mockIp: '174.20.164.170',
2026-03-12T23:51:05.498878737Z   timestamp: '2026-03-12T23:51:05.356Z',
2026-03-12T23:51:05.498881767Z   category: 'reaction',
2026-03-12T23:51:05.498884147Z   value: 'applause',
2026-03-12T23:51:05.498886598Z   trackId: 'trk_1773359435309',
2026-03-12T23:51:05.498889098Z   trackTitle: 'Track 3'
2026-03-12T23:51:05.498891978Z }
2026-03-12T23:51:07.263834968Z Recorded event: {
2026-03-12T23:51:07.26386561Z   id: 'c62f0118-ec8f-478c-8ee4-14eefc10ffb2',
2026-03-12T23:51:07.26386952Z   sessionId: '124ce6b3-5026-4ffb-b3f4-34500bc970e5',
2026-03-12T23:51:07.26387184Z   userId: 'kevin.young.m@gmail.com',
2026-03-12T23:51:07.26387418Z   userName: 'KMNDR',
2026-03-12T23:51:07.263877001Z   mockIp: '114.143.63.112',
2026-03-12T23:51:07.263879991Z   timestamp: '2026-03-12T23:51:08.990Z',
2026-03-12T23:51:07.263882711Z   category: 'mood',
2026-03-12T23:51:07.263885441Z   value: 'Melancholy',
2026-03-12T23:51:07.263888341Z   trackId: 'trk_1773359435309',
2026-03-12T23:51:07.263890672Z   trackTitle: 'Track 3'
2026-03-12T23:51:07.263893012Z }
2026-03-12T23:51:10.877393539Z Recorded event: {
2026-03-12T23:51:10.877421751Z   id: '2330e2fc-3d92-4c2d-adab-18a6abe789d6',
2026-03-12T23:51:10.877429032Z   sessionId: '124ce6b3-5026-4ffb-b3f4-34500bc970e5',
2026-03-12T23:51:10.877433612Z   userId: 'kevin.young.m@gmail.com',
2026-03-12T23:51:10.877437752Z   userName: 'KMNDR',
2026-03-12T23:51:10.877443062Z   mockIp: '114.143.63.112',
2026-03-12T23:51:10.877447913Z   timestamp: '2026-03-12T23:51:12.587Z',
2026-03-12T23:51:10.877451323Z   category: 'reaction',
2026-03-12T23:51:10.877454173Z   value: 'like',
2026-03-12T23:51:10.877469324Z   trackId: 'trk_1773359435309',
2026-03-12T23:51:10.877471294Z   trackTitle: 'Track 3'
2026-03-12T23:51:10.877473064Z }
2026-03-12T23:51:11.163243732Z [Track] Auto-ending current track trk_1773359435309 before starting new one.
2026-03-12T23:51:11.163272053Z [Watcher] Track End! Active Users: 12 (Total Connected: 12)
2026-03-12T23:51:11.163275463Z [Watcher] Started waiting on 12 users for trk_1773359435309.
2026-03-12T23:51:11.679248862Z [Track] Auto-ending current track trk_1773359471163 before starting new one.
2026-03-12T23:51:11.679344507Z [Watcher] Track End! Active Users: 12 (Total Connected: 12)
2026-03-12T23:51:11.679465895Z [Watcher] Started waiting on 12 users for trk_1773359471163.
2026-03-12T23:51:18.790068451Z Recorded event: {
2026-03-12T23:51:18.790096812Z   id: '9c588910-5375-4da0-b1c9-1420cb3fb6e8',
2026-03-12T23:51:18.790102623Z   sessionId: '124ce6b3-5026-4ffb-b3f4-34500bc970e5',
2026-03-12T23:51:18.790107043Z   userId: 'kevin.young.m@gmail.com',
2026-03-12T23:51:18.790111583Z   userName: 'KMNDR',
2026-03-12T23:51:18.790116633Z   mockIp: '114.143.63.112',
2026-03-12T23:51:18.790121394Z   timestamp: '2026-03-12T23:51:20.494Z',
2026-03-12T23:51:18.790125094Z   category: 'note_skip',
2026-03-12T23:51:18.790127904Z   value: 'skipped',
2026-03-12T23:51:18.790130694Z   trackId: 'trk_1773359471163'
2026-03-12T23:51:18.790133474Z }
2026-03-12T23:51:18.790136345Z [Watcher] Progress for trk_1773359471163: 1 / 12
2026-03-12T23:51:20.76528949Z Recorded event: {
2026-03-12T23:51:20.765312141Z   id: '7b98efae-224e-41a9-b4c9-8f438487eab3',
2026-03-12T23:51:20.765317701Z   sessionId: '124ce6b3-5026-4ffb-b3f4-34500bc970e5',
2026-03-12T23:51:20.765321762Z   userId: 'kevin.young.m@gmail.com',
2026-03-12T23:51:20.765325522Z   userName: 'KMNDR',
2026-03-12T23:51:20.765330072Z   mockIp: '114.143.63.112',
2026-03-12T23:51:20.765333893Z   timestamp: '2026-03-12T23:51:22.453Z',
2026-03-12T23:51:20.765338403Z   category: 'combined_reaction',
2026-03-12T23:51:20.765342863Z   value: 2,
2026-03-12T23:51:20.765347103Z   colorName: 'Gray',
2026-03-12T23:51:20.765352154Z   mood: 'Melancholy',
2026-03-12T23:51:20.765356454Z   colorRgba: '#808080',
2026-03-12T23:51:20.765360124Z   reactionLabel: 'like',
2026-03-12T23:51:20.765363844Z   note: 'None',
2026-03-12T23:51:20.765367504Z   trackId: 'trk_1773359471679',
2026-03-12T23:51:20.765371315Z   trackTitle: 'Track 3'
2026-03-12T23:51:20.765375015Z }
2026-03-12T23:51:22.622937413Z Recorded event: {
2026-03-12T23:51:22.622958605Z   id: '9c81210c-93f5-4be2-bdca-cd8f2cf98861',
2026-03-12T23:51:22.622964565Z   sessionId: '19fb558f-517b-42db-85af-81e5084cc624',
2026-03-12T23:51:22.622969045Z   userId: 'slogs.hasty1f@icloud.com',
2026-03-12T23:51:22.622973696Z   userName: 'Sofia',
2026-03-12T23:51:22.622978536Z   mockIp: '174.20.164.170',
2026-03-12T23:51:22.622982636Z   timestamp: '2026-03-12T23:51:22.468Z',
2026-03-12T23:51:22.622986886Z   category: 'note',
2026-03-12T23:51:22.622991026Z   value: 'Mischief',
2026-03-12T23:51:22.622995167Z   trackId: 'trk_1773359471163'
2026-03-12T23:51:22.622999247Z }
2026-03-12T23:51:22.623003287Z [Watcher] Progress for trk_1773359471163: 2 / 12
2026-03-12T23:51:26.580938455Z Recorded event: {
2026-03-12T23:51:26.580962666Z   id: '616ada19-161a-417e-8bf2-6381c73f5271',
2026-03-12T23:51:26.580967696Z   sessionId: 'a68b6476-c022-42a3-8cb2-7a53c1a87204',
2026-03-12T23:51:26.580976327Z   userId: 'maeganmarlow@icloud.com',
2026-03-12T23:51:26.580980397Z   userName: 'Maegan',
2026-03-12T23:51:26.580984947Z   mockIp: '132.144.222.13',
2026-03-12T23:51:26.581001248Z   timestamp: '2026-03-12T23:51:26.499Z',
2026-03-12T23:51:26.581003739Z   category: 'note_skip',
2026-03-12T23:51:26.581006299Z   value: 'skipped',
2026-03-12T23:51:26.581008869Z   trackId: 'trk_1773359471163'
2026-03-12T23:51:26.581011359Z }
2026-03-12T23:51:26.581014009Z [Watcher] Progress for trk_1773359471163: 3 / 12
2026-03-12T23:51:37.253985567Z Recorded event: {
2026-03-12T23:51:37.254007569Z   id: '97704ff6-9b8d-41ad-a3a5-5eb1d5f6bdad',
2026-03-12T23:51:37.254011499Z   sessionId: '19fb558f-517b-42db-85af-81e5084cc624',
2026-03-12T23:51:37.254014489Z   userId: 'slogs.hasty1f@icloud.com',
2026-03-12T23:51:37.254017459Z   userName: 'Sofia',
2026-03-12T23:51:37.25402091Z   mockIp: '174.20.164.170',
2026-03-12T23:51:37.25402393Z   timestamp: '2026-03-12T23:51:37.101Z',
2026-03-12T23:51:37.25402672Z   category: 'combined_reaction',
2026-03-12T23:51:37.25402953Z   value: 4,
2026-03-12T23:51:37.25403235Z   colorName: 'Amber',
2026-03-12T23:51:37.25403517Z   mood: 'Mystery',
2026-03-12T23:51:37.25403792Z   colorRgba: '#ffd400',
2026-03-12T23:51:37.254040731Z   reactionLabel: 'applause',
2026-03-12T23:51:37.254043491Z   note: 'None',
2026-03-12T23:51:37.254047081Z   trackId: 'trk_1773359471679',
2026-03-12T23:51:37.254052071Z   trackTitle: 'Track 3'
2026-03-12T23:51:37.254056802Z }
2026-03-12T23:51:41.162914794Z [Watcher] Timeout reached for trk_1773359435309, triggering automated generation.
2026-03-12T23:51:41.162947136Z Triggering automated story + image generation cycle for trk_1773359435309
2026-03-12T23:51:41.163046662Z Generating story specifically for track trk_1773359435309...
2026-03-12T23:51:41.163659139Z Aggregated trackData keys: 11
2026-03-12T23:51:41.16366892Z Preparing prompts for track trk_1773359435309 - Track 3
2026-03-12T23:51:41.25210628Z Failed to generate story for Track 3: Error: Story API returned 400: {
2026-03-12T23:51:41.252129982Z   "error": {
2026-03-12T23:51:41.252134512Z     "code": 400,
2026-03-12T23:51:41.252138462Z     "message": "API key not valid. Please pass a valid API key.",
2026-03-12T23:51:41.252143032Z     "status": "INVALID_ARGUMENT",
2026-03-12T23:51:41.252146763Z     "details": [
2026-03-12T23:51:41.252150563Z       {
2026-03-12T23:51:41.252154963Z         "@type": "type.googleapis.com/google.rpc.ErrorInfo",
2026-03-12T23:51:41.252158833Z         "reason": "API_KEY_INVALID",
2026-03-12T23:51:41.252162773Z         "domain": "googleapis.com",
2026-03-12T23:51:41.252167464Z         "metadata": {
2026-03-12T23:51:41.252171214Z           "service": "generativelanguage.googleapis.com"
2026-03-12T23:51:41.252174934Z         }
2026-03-12T23:51:41.252178654Z       },
2026-03-12T23:51:41.252182435Z       {
2026-03-12T23:51:41.252186355Z         "@type": "type.googleapis.com/google.rpc.LocalizedMessage",
2026-03-12T23:51:41.252191115Z         "locale": "en-US",
2026-03-12T23:51:41.252194935Z         "message": "API key not valid. Please pass a valid API key."
2026-03-12T23:51:41.252198716Z       }
2026-03-12T23:51:41.252202486Z     ]
2026-03-12T23:51:41.252206306Z   }
2026-03-12T23:51:41.252210156Z }
2026-03-12T23:51:41.252213697Z 
2026-03-12T23:51:41.252217417Z     at IncomingMessage.<anonymous> (/opt/render/project/src/server.js:647:28)
2026-03-12T23:51:41.252221497Z     at IncomingMessage.emit (node:events:531:35)
2026-03-12T23:51:41.252225587Z     at endReadableNT (node:internal/streams/readable:1698:12)
2026-03-12T23:51:41.252230108Z     at process.processTicksAndRejections (node:internal/process/task_queues:90:21)
2026-03-12T23:51:41.679791658Z [Watcher] Timeout reached for trk_1773359471163, triggering automated generation.
2026-03-12T23:51:41.679829841Z Triggering automated story + image generation cycle for trk_1773359471163
2026-03-12T23:51:41.679834191Z Generating story specifically for track trk_1773359471163...
2026-03-12T23:51:41.680271448Z Aggregated trackData keys: 11
2026-03-12T23:51:41.680279788Z Preparing prompts for track trk_1773359471163 - Track 3
2026-03-12T23:51:41.739441344Z Failed to generate story for Track 3: Error: Story API returned 400: {
2026-03-12T23:51:41.739471216Z   "error": {
2026-03-12T23:51:41.739474446Z     "code": 400,
2026-03-12T23:51:41.739476826Z     "message": "API key not valid. Please pass a valid API key.",
2026-03-12T23:51:41.739483167Z     "status": "INVALID_ARGUMENT",
2026-03-12T23:51:41.739485567Z     "details": [
2026-03-12T23:51:41.739487597Z       {
2026-03-12T23:51:41.739490897Z         "@type": "type.googleapis.com/google.rpc.ErrorInfo",
2026-03-12T23:51:41.739493027Z         "reason": "API_KEY_INVALID",
2026-03-12T23:51:41.739495528Z         "domain": "googleapis.com",
2026-03-12T23:51:41.739498248Z         "metadata": {
2026-03-12T23:51:41.739500308Z           "service": "generativelanguage.googleapis.com"
2026-03-12T23:51:41.739502458Z         }
2026-03-12T23:51:41.739504518Z       },
2026-03-12T23:51:41.739506688Z       {
2026-03-12T23:51:41.739508858Z         "@type": "type.googleapis.com/google.rpc.LocalizedMessage",
2026-03-12T23:51:41.739511838Z         "locale": "en-US",
2026-03-12T23:51:41.739514019Z         "message": "API key not valid. Please pass a valid API key."
2026-03-12T23:51:41.739516079Z       }
2026-03-12T23:51:41.739518149Z     ]
2026-03-12T23:51:41.739520239Z   }
2026-03-12T23:51:41.739522229Z }
2026-03-12T23:51:41.739524149Z 
2026-03-12T23:51:41.739526159Z     at IncomingMessage.<anonymous> (/opt/render/project/src/server.js:647:28)
2026-03-12T23:51:41.739547821Z     at IncomingMessage.emit (node:events:531:35)
2026-03-12T23:51:41.739550411Z     at endReadableNT (node:internal/streams/readable:1698:12)
2026-03-12T23:51:41.739553171Z     at process.processTicksAndRejections (node:internal/process/task_queues:90:21)
2026-03-12T23:51:41.940768876Z Recorded event: {
2026-03-12T23:51:41.940792417Z   id: 'a502c26b-33fb-4f8c-8090-1fdb7351d51b',
2026-03-12T23:51:41.940796347Z   sessionId: '96d57e30-93a1-471f-a696-9884b57aff05',
2026-03-12T23:51:41.940798787Z   userId: 'maeganmarlow@icloud.com',
2026-03-12T23:51:41.940801258Z   userName: 'Maegan',
2026-03-12T23:51:41.940804998Z   mockIp: '68.210.113.118',
2026-03-12T23:51:41.940808078Z   timestamp: '2026-03-12T23:51:41.859Z',
2026-03-12T23:51:41.940810748Z   category: 'note_skip',
2026-03-12T23:51:41.940813128Z   value: 'skipped',
2026-03-12T23:51:41.940825649Z   trackId: 'trk_1773359471163'
2026-03-12T23:51:41.940828479Z }
2026-03-12T23:51:43.67335417Z Recorded event: {
2026-03-12T23:51:43.673374802Z   id: 'bfb051b5-5652-4aeb-8f33-4bc13fa1aa92',
2026-03-12T23:51:43.673378282Z   sessionId: '124ce6b3-5026-4ffb-b3f4-34500bc970e5',
2026-03-12T23:51:43.673380082Z   userId: 'kevin.young.m@gmail.com',
2026-03-12T23:51:43.673381812Z   userName: 'KMNDR',
2026-03-12T23:51:43.673384452Z   mockIp: '114.143.63.112',
2026-03-12T23:51:43.673386763Z   timestamp: '2026-03-12T23:51:45.386Z',
2026-03-12T23:51:43.673388503Z   category: 'color',
2026-03-12T23:51:43.673390163Z   value: 'Yellow',
2026-03-12T23:51:43.673391863Z   colorRgba: '#ffff00',
2026-03-12T23:51:43.673393523Z   trackId: 'trk_1773359471679',
2026-03-12T23:51:43.673395253Z   trackTitle: 'Track 3'
2026-03-12T23:51:43.673396953Z }
2026-03-12T23:51:45.750973326Z Recorded event: {
2026-03-12T23:51:45.750998698Z   id: 'bded708a-82c8-4fe5-85f1-c5c9eaa22fb2',
2026-03-12T23:51:45.751004058Z   sessionId: '124ce6b3-5026-4ffb-b3f4-34500bc970e5',
2026-03-12T23:51:45.751008439Z   userId: 'kevin.young.m@gmail.com',
2026-03-12T23:51:45.751012319Z   userName: 'KMNDR',
2026-03-12T23:51:45.751016829Z   mockIp: '114.143.63.112',
2026-03-12T23:51:45.751020509Z   timestamp: '2026-03-12T23:51:47.436Z',
2026-03-12T23:51:45.75102456Z   category: 'mood',
2026-03-12T23:51:45.75102844Z   value: 'Anticipation',
2026-03-12T23:51:45.75103219Z   trackId: 'trk_1773359471679',
2026-03-12T23:51:45.75103601Z   trackTitle: 'Track 3'
2026-03-12T23:51:45.75103987Z }
2026-03-12T23:51:50.322851665Z Recorded event: {
2026-03-12T23:51:50.322879967Z   id: 'b94a9ac1-1c41-4f0e-a17a-199f820b849b',
2026-03-12T23:51:50.322886057Z   sessionId: '124ce6b3-5026-4ffb-b3f4-34500bc970e5',
2026-03-12T23:51:50.322890368Z   userId: 'kevin.young.m@gmail.com',
2026-03-12T23:51:50.322894568Z   userName: 'KMNDR',
2026-03-12T23:51:50.322899568Z   mockIp: '114.143.63.112',
2026-03-12T23:51:50.322904029Z   timestamp: '2026-03-12T23:51:52.034Z',
2026-03-12T23:51:50.322908489Z   category: 'reaction',
2026-03-12T23:51:50.322912919Z   value: 'applause',
2026-03-12T23:51:50.322917289Z   trackId: 'trk_1773359471679',
2026-03-12T23:51:50.32292171Z   trackTitle: 'Track 3'
2026-03-12T23:51:50.32292603Z }
2026-03-12T23:51:52.214724841Z Recorded event: {
2026-03-12T23:51:52.214759933Z   id: '679a28cc-e588-428a-a779-bf12de06e276',
2026-03-12T23:51:52.214765953Z   sessionId: '124ce6b3-5026-4ffb-b3f4-34500bc970e5',
2026-03-12T23:51:52.214770094Z   userId: 'kevin.young.m@gmail.com',
2026-03-12T23:51:52.214774234Z   userName: 'KMNDR',
2026-03-12T23:51:52.214779034Z   mockIp: '114.143.63.112',
2026-03-12T23:51:52.214783214Z   timestamp: '2026-03-12T23:51:53.913Z',
2026-03-12T23:51:52.214787205Z   category: 'combined_reaction',
2026-03-12T23:51:52.214791185Z   value: 4,
2026-03-12T23:51:52.214795475Z   colorName: 'Yellow',
2026-03-12T23:51:52.214799555Z   mood: 'Anticipation',
2026-03-12T23:51:52.214803596Z   colorRgba: '#ffff00',
2026-03-12T23:51:52.214807816Z   reactionLabel: 'applause',
2026-03-12T23:51:52.214811926Z   note: 'None',
2026-03-12T23:51:52.214815936Z   trackId: 'trk_1773359471679',
2026-03-12T23:51:52.214819997Z   trackTitle: 'Track 3'
2026-03-12T23:51:52.214824027Z }