------------------------------------------
FULL CONCERT SIMULATION SEQUENCE STARTING
------------------------------------------

1. Clearing all existing metrics & databases...
Done. 

2. Setting Show State to ** PRE_SHOW Lobby **
3. Connecting 30 baseline users...
++++++++++++++++++++++++++++++
Added 30 users. Total: 30

Checked Server State. Result: {"showState":"PRE_SHOW","connectedUsers":30}
Connections looking healthy.

------------------------------------------
4. Start Active Show 
------------------------------------------


=== Starting Track 1: The Grand Opening for 300s ===
   ... Track 1 playing: 0/300s elapsed. Users: 30
   ... Track 1 playing: 30/300s elapsed. Users: 30
   ... Track 1 playing: 60/300s elapsed. Users: 30
   ... Track 1 playing: 90/300s elapsed. Users: 30
   ... Track 1 playing: 120/300s elapsed. Users: 30

[Halfway through The Grand Opening...] Mixing up the crowd.
----------
Dropped 10 users. Total active: 20
+++++++++++++++
Added 15 users. Total: 35
   ... Track 1 playing: 150/300s elapsed. Users: 35
   ... Track 1 playing: 180/300s elapsed. Users: 35
   ... Track 1 playing: 210/300s elapsed. Users: 35
   ... Track 1 playing: 240/300s elapsed. Users: 35
   ... Track 1 playing: 270/300s elapsed. Users: 35

=== Ending Track 1 ===
   --- Generating post-track Word Cloud bursts ---

=== Starting Track 2: Electric Dreams for 300s ===
   ... Track 2 playing: 0/300s elapsed. Users: 35
   ... Track 2 playing: 30/300s elapsed. Users: 35
   ... Track 2 playing: 60/300s elapsed. Users: 35
   ... Track 2 playing: 90/300s elapsed. Users: 35
   ... Track 2 playing: 120/300s elapsed. Users: 35

[Halfway through Electric Dreams...] Mixing up the crowd.
----------
Dropped 10 users. Total active: 25
+++++++++++++++
Added 15 users. Total: 40
   ... Track 2 playing: 150/300s elapsed. Users: 40
   ... Track 2 playing: 180/300s elapsed. Users: 40
   ... Track 2 playing: 210/300s elapsed. Users: 40
   ... Track 2 playing: 240/300s elapsed. Users: 40
   ... Track 2 playing: 270/300s elapsed. Users: 40

=== Ending Track 2 ===
   --- Generating post-track Word Cloud bursts ---

=== Starting Track 3: Sub Bass City for 300s ===
   ... Track 3 playing: 0/300s elapsed. Users: 40
   ... Track 3 playing: 30/300s elapsed. Users: 40
   ... Track 3 playing: 60/300s elapsed. Users: 40
   ... Track 3 playing: 90/300s elapsed. Users: 40
   ... Track 3 playing: 120/300s elapsed. Users: 40

[Halfway through Sub Bass City...] Mixing up the crowd.
----------
Dropped 10 users. Total active: 30
+++++++++++++++
Added 15 users. Total: 45
   ... Track 3 playing: 150/300s elapsed. Users: 45
   ... Track 3 playing: 180/300s elapsed. Users: 45
   ... Track 3 playing: 210/300s elapsed. Users: 45
   ... Track 3 playing: 240/300s elapsed. Users: 45
   ... Track 3 playing: 270/300s elapsed. Users: 45

=== Ending Track 3 ===
   --- Generating post-track Word Cloud bursts ---

=== Starting Track 4: The Final Sendoff for 300s ===
   ... Track 4 playing: 0/300s elapsed. Users: 45
   ... Track 4 playing: 30/300s elapsed. Users: 45
   ... Track 4 playing: 60/300s elapsed. Users: 45
   ... Track 4 playing: 90/300s elapsed. Users: 45
   ... Track 4 playing: 120/300s elapsed. Users: 45

[Halfway through The Final Sendoff...] Mixing up the crowd.
----------
Dropped 10 users. Total active: 35
+++++++++++++++
Added 15 users. Total: 50
   ... Track 4 playing: 150/300s elapsed. Users: 50
   ... Track 4 playing: 180/300s elapsed. Users: 50
   ... Track 4 playing: 210/300s elapsed. Users: 50
   ... Track 4 playing: 240/300s elapsed. Users: 50
   ... Track 4 playing: 270/300s elapsed. Users: 50

=== Ending Track 4 ===
   --- Generating post-track Word Cloud bursts ---
------------------------------------------
5. Show Ended! Transitioning to POST_SHOW Recap 
------------------------------------------

6. Testing CSV User Export Dataset.
----- CSV OUTPUT DUMP HEAD -----
Name,Email,Consent\n
... (truncated)

CSV Export validated successful.

Disconnecting all listeners fading to black...
--------------------------------------------------
Dropped 50 users. Total active: 0

------------------------------------------
FULL CONCERT SIMULATION COMPLETE! 
------------------------------------------

